
AVRASM ver. 2.1.17  C:\Documents and Settings\Shaunak\My Documents\code vision avr projects\Bhatt Prototype\List\BP.asm Sun Jan 18 01:08:25 2009

C:\Documents and Settings\Shaunak\My Documents\code vision avr projects\Bhatt Prototype\List\BP.asm(1016): warning: Register r5 already defined by the .DEF directive
C:\Documents and Settings\Shaunak\My Documents\code vision avr projects\Bhatt Prototype\List\BP.asm(1017): warning: Register r4 already defined by the .DEF directive
C:\Documents and Settings\Shaunak\My Documents\code vision avr projects\Bhatt Prototype\List\BP.asm(1018): warning: Register r7 already defined by the .DEF directive
C:\Documents and Settings\Shaunak\My Documents\code vision avr projects\Bhatt Prototype\List\BP.asm(1019): warning: Register r6 already defined by the .DEF directive
C:\Documents and Settings\Shaunak\My Documents\code vision avr projects\Bhatt Prototype\List\BP.asm(1020): warning: Register r9 already defined by the .DEF directive
C:\Documents and Settings\Shaunak\My Documents\code vision avr projects\Bhatt Prototype\List\BP.asm(1021): warning: Register r8 already defined by the .DEF directive
C:\Documents and Settings\Shaunak\My Documents\code vision avr projects\Bhatt Prototype\List\BP.asm(1022): warning: Register r11 already defined by the .DEF directive
C:\Documents and Settings\Shaunak\My Documents\code vision avr projects\Bhatt Prototype\List\BP.asm(1023): warning: Register r12 already defined by the .DEF directive
C:\Documents and Settings\Shaunak\My Documents\code vision avr projects\Bhatt Prototype\List\BP.asm(1024): warning: Register r10 already defined by the .DEF directive
                 
                 
                 ;CodeVisionAVR C Compiler V2.03.8a Evaluation
                 ;(C) Copyright 1998-2008 Pavel Haiduc, HP InfoTech s.r.l.
                 ;http://www.hpinfotech.com
                 
                 ;Chip type              : ATmega32
                 ;Program type           : Application
                 ;Clock frequency        : 16.000000 MHz
                 ;Memory model           : Small
                 ;Optimize for           : Size
                 ;(s)printf features     : int, width
                 ;(s)scanf features      : int, width
                 ;External RAM size      : 0
                 ;Data Stack size        : 512 byte(s)
                 ;Heap size              : 0 byte(s)
                 ;Promote char to int    : Yes
                 ;char is unsigned       : Yes
                 ;global const stored in FLASH  : No
                 ;8 bit enums            : Yes
                 ;Enhanced core instructions    : On
                 ;Smart register allocation : On
                 ;Automatic register allocation : On
                 
                 	#pragma AVRPART ADMIN PART_NAME ATmega32
                 	#pragma AVRPART MEMORY PROG_FLASH 32768
                 	#pragma AVRPART MEMORY EEPROM 1024
                 	#pragma AVRPART MEMORY INT_SRAM SIZE 2048
                 	#pragma AVRPART MEMORY INT_SRAM START_ADDR 0x60
                 
                 	.LISTMAC
                 	.EQU UDRE=0x5
                 	.EQU RXC=0x7
                 	.EQU USR=0xB
                 	.EQU UDR=0xC
                 	.EQU SPSR=0xE
                 	.EQU SPDR=0xF
                 	.EQU EERE=0x0
                 	.EQU EEWE=0x1
                 	.EQU EEMWE=0x2
                 	.EQU EECR=0x1C
                 	.EQU EEDR=0x1D
                 	.EQU EEARL=0x1E
                 	.EQU EEARH=0x1F
                 	.EQU WDTCR=0x21
                 	.EQU MCUCR=0x35
                 	.EQU GICR=0x3B
                 	.EQU SPL=0x3D
                 	.EQU SPH=0x3E
                 	.EQU SREG=0x3F
                 
                 	.DEF R0X0=R0
                 	.DEF R0X1=R1
                 	.DEF R0X2=R2
                 	.DEF R0X3=R3
                 	.DEF R0X4=R4
                 	.DEF R0X5=R5
                 	.DEF R0X6=R6
                 	.DEF R0X7=R7
                 	.DEF R0X8=R8
                 	.DEF R0X9=R9
                 	.DEF R0XA=R10
                 	.DEF R0XB=R11
                 	.DEF R0XC=R12
                 	.DEF R0XD=R13
                 	.DEF R0XE=R14
                 	.DEF R0XF=R15
                 	.DEF R0X10=R16
                 	.DEF R0X11=R17
                 	.DEF R0X12=R18
                 	.DEF R0X13=R19
                 	.DEF R0X14=R20
                 	.DEF R0X15=R21
                 	.DEF R0X16=R22
                 	.DEF R0X17=R23
                 	.DEF R0X18=R24
                 	.DEF R0X19=R25
                 	.DEF R0X1A=R26
                 	.DEF R0X1B=R27
                 	.DEF R0X1C=R28
                 	.DEF R0X1D=R29
                 	.DEF R0X1E=R30
                 	.DEF R0X1F=R31
                 
                 	.MACRO __CPD1N
                 	CPI  R30,LOW(@0)
                 	LDI  R26,HIGH(@0)
                 	CPC  R31,R26
                 	LDI  R26,BYTE3(@0)
                 	CPC  R22,R26
                 	LDI  R26,BYTE4(@0)
                 	CPC  R23,R26
                 	.ENDM
                 
                 	.MACRO __CPD2N
                 	CPI  R26,LOW(@0)
                 	LDI  R30,HIGH(@0)
                 	CPC  R27,R30
                 	LDI  R30,BYTE3(@0)
                 	CPC  R24,R30
                 	LDI  R30,BYTE4(@0)
                 	CPC  R25,R30
                 	.ENDM
                 
                 	.MACRO __CPWRR
                 	CP   R@0,R@2
                 	CPC  R@1,R@3
                 	.ENDM
                 
                 	.MACRO __CPWRN
                 	CPI  R@0,LOW(@2)
                 	LDI  R30,HIGH(@2)
                 	CPC  R@1,R30
                 	.ENDM
                 
                 	.MACRO __ADDB1MN
                 	SUBI R30,LOW(-@0-(@1))
                 	.ENDM
                 
                 	.MACRO __ADDB2MN
                 	SUBI R26,LOW(-@0-(@1))
                 	.ENDM
                 
                 	.MACRO __ADDW1MN
                 	SUBI R30,LOW(-@0-(@1))
                 	SBCI R31,HIGH(-@0-(@1))
                 	.ENDM
                 
                 	.MACRO __ADDW2MN
                 	SUBI R26,LOW(-@0-(@1))
                 	SBCI R27,HIGH(-@0-(@1))
                 	.ENDM
                 
                 	.MACRO __ADDW1FN
                 	SUBI R30,LOW(-2*@0-(@1))
                 	SBCI R31,HIGH(-2*@0-(@1))
                 	.ENDM
                 
                 	.MACRO __ADDD1FN
                 	SUBI R30,LOW(-2*@0-(@1))
                 	SBCI R31,HIGH(-2*@0-(@1))
                 	SBCI R22,BYTE3(-2*@0-(@1))
                 	.ENDM
                 
                 	.MACRO __ADDD1N
                 	SUBI R30,LOW(-@0)
                 	SBCI R31,HIGH(-@0)
                 	SBCI R22,BYTE3(-@0)
                 	SBCI R23,BYTE4(-@0)
                 	.ENDM
                 
                 	.MACRO __ADDD2N
                 	SUBI R26,LOW(-@0)
                 	SBCI R27,HIGH(-@0)
                 	SBCI R24,BYTE3(-@0)
                 	SBCI R25,BYTE4(-@0)
                 	.ENDM
                 
                 	.MACRO __SUBD1N
                 	SUBI R30,LOW(@0)
                 	SBCI R31,HIGH(@0)
                 	SBCI R22,BYTE3(@0)
                 	SBCI R23,BYTE4(@0)
                 	.ENDM
                 
                 	.MACRO __SUBD2N
                 	SUBI R26,LOW(@0)
                 	SBCI R27,HIGH(@0)
                 	SBCI R24,BYTE3(@0)
                 	SBCI R25,BYTE4(@0)
                 	.ENDM
                 
                 	.MACRO __ANDBMNN
                 	LDS  R30,@0+@1
                 	ANDI R30,LOW(@2)
                 	STS  @0+@1,R30
                 	.ENDM
                 
                 	.MACRO __ANDWMNN
                 	LDS  R30,@0+@1
                 	ANDI R30,LOW(@2)
                 	STS  @0+@1,R30
                 	LDS  R30,@0+@1+1
                 	ANDI R30,HIGH(@2)
                 	STS  @0+@1+1,R30
                 	.ENDM
                 
                 	.MACRO __ANDD1N
                 	ANDI R30,LOW(@0)
                 	ANDI R31,HIGH(@0)
                 	ANDI R22,BYTE3(@0)
                 	ANDI R23,BYTE4(@0)
                 	.ENDM
                 
                 	.MACRO __ANDD2N
                 	ANDI R26,LOW(@0)
                 	ANDI R27,HIGH(@0)
                 	ANDI R24,BYTE3(@0)
                 	ANDI R25,BYTE4(@0)
                 	.ENDM
                 
                 	.MACRO __ORBMNN
                 	LDS  R30,@0+@1
                 	ORI  R30,LOW(@2)
                 	STS  @0+@1,R30
                 	.ENDM
                 
                 	.MACRO __ORWMNN
                 	LDS  R30,@0+@1
                 	ORI  R30,LOW(@2)
                 	STS  @0+@1,R30
                 	LDS  R30,@0+@1+1
                 	ORI  R30,HIGH(@2)
                 	STS  @0+@1+1,R30
                 	.ENDM
                 
                 	.MACRO __ORD1N
                 	ORI  R30,LOW(@0)
                 	ORI  R31,HIGH(@0)
                 	ORI  R22,BYTE3(@0)
                 	ORI  R23,BYTE4(@0)
                 	.ENDM
                 
                 	.MACRO __ORD2N
                 	ORI  R26,LOW(@0)
                 	ORI  R27,HIGH(@0)
                 	ORI  R24,BYTE3(@0)
                 	ORI  R25,BYTE4(@0)
                 	.ENDM
                 
                 	.MACRO __DELAY_USB
                 	LDI  R24,LOW(@0)
                 __DELAY_USB_LOOP:
                 	DEC  R24
                 	BRNE __DELAY_USB_LOOP
                 	.ENDM
                 
                 	.MACRO __DELAY_USW
                 	LDI  R24,LOW(@0)
                 	LDI  R25,HIGH(@0)
                 __DELAY_USW_LOOP:
                 	SBIW R24,1
                 	BRNE __DELAY_USW_LOOP
                 	.ENDM
                 
                 	.MACRO __GETD1S
                 	LDD  R30,Y+@0
                 	LDD  R31,Y+@0+1
                 	LDD  R22,Y+@0+2
                 	LDD  R23,Y+@0+3
                 	.ENDM
                 
                 	.MACRO __PUTD1S
                 	STD  Y+@0,R30
                 	STD  Y+@0+1,R31
                 	STD  Y+@0+2,R22
                 	STD  Y+@0+3,R23
                 	.ENDM
                 
                 	.MACRO __PUTD2S
                 	STD  Y+@0,R26
                 	STD  Y+@0+1,R27
                 	STD  Y+@0+2,R24
                 	STD  Y+@0+3,R25
                 	.ENDM
                 
                 	.MACRO __POINTB1MN
                 	LDI  R30,LOW(@0+@1)
                 	.ENDM
                 
                 	.MACRO __POINTW1MN
                 	LDI  R30,LOW(@0+@1)
                 	LDI  R31,HIGH(@0+@1)
                 	.ENDM
                 
                 	.MACRO __POINTD1M
                 	LDI  R30,LOW(@0)
                 	LDI  R31,HIGH(@0)
                 	LDI  R22,BYTE3(@0)
                 	LDI  R23,BYTE4(@0)
                 	.ENDM
                 
                 	.MACRO __POINTW1FN
                 	LDI  R30,LOW(2*@0+@1)
                 	LDI  R31,HIGH(2*@0+@1)
                 	.ENDM
                 
                 	.MACRO __POINTD1FN
                 	LDI  R30,LOW(2*@0+@1)
                 	LDI  R31,HIGH(2*@0+@1)
                 	LDI  R22,BYTE3(2*@0+@1)
                 	LDI  R23,BYTE4(2*@0+@1)
                 	.ENDM
                 
                 	.MACRO __POINTB2MN
                 	LDI  R26,LOW(@0+@1)
                 	.ENDM
                 
                 	.MACRO __POINTW2MN
                 	LDI  R26,LOW(@0+@1)
                 	LDI  R27,HIGH(@0+@1)
                 	.ENDM
                 
                 	.MACRO __POINTBRM
                 	LDI  R@0,LOW(@1)
                 	.ENDM
                 
                 	.MACRO __POINTWRM
                 	LDI  R@0,LOW(@2)
                 	LDI  R@1,HIGH(@2)
                 	.ENDM
                 
                 	.MACRO __POINTBRMN
                 	LDI  R@0,LOW(@1+@2)
                 	.ENDM
                 
                 	.MACRO __POINTWRMN
                 	LDI  R@0,LOW(@2+@3)
                 	LDI  R@1,HIGH(@2+@3)
                 	.ENDM
                 
                 	.MACRO __POINTWRFN
                 	LDI  R@0,LOW(@2*2+@3)
                 	LDI  R@1,HIGH(@2*2+@3)
                 	.ENDM
                 
                 	.MACRO __GETD1N
                 	LDI  R30,LOW(@0)
                 	LDI  R31,HIGH(@0)
                 	LDI  R22,BYTE3(@0)
                 	LDI  R23,BYTE4(@0)
                 	.ENDM
                 
                 	.MACRO __GETD2N
                 	LDI  R26,LOW(@0)
                 	LDI  R27,HIGH(@0)
                 	LDI  R24,BYTE3(@0)
                 	LDI  R25,BYTE4(@0)
                 	.ENDM
                 
                 	.MACRO __GETD2S
                 	LDD  R26,Y+@0
                 	LDD  R27,Y+@0+1
                 	LDD  R24,Y+@0+2
                 	LDD  R25,Y+@0+3
                 	.ENDM
                 
                 	.MACRO __GETB1MN
                 	LDS  R30,@0+@1
                 	.ENDM
                 
                 	.MACRO __GETB1HMN
                 	LDS  R31,@0+@1
                 	.ENDM
                 
                 	.MACRO __GETW1MN
                 	LDS  R30,@0+@1
                 	LDS  R31,@0+@1+1
                 	.ENDM
                 
                 	.MACRO __GETD1MN
                 	LDS  R30,@0+@1
                 	LDS  R31,@0+@1+1
                 	LDS  R22,@0+@1+2
                 	LDS  R23,@0+@1+3
                 	.ENDM
                 
                 	.MACRO __GETBRMN
                 	LDS  R@0,@1+@2
                 	.ENDM
                 
                 	.MACRO __GETWRMN
                 	LDS  R@0,@2+@3
                 	LDS  R@1,@2+@3+1
                 	.ENDM
                 
                 	.MACRO __GETWRZ
                 	LDD  R@0,Z+@2
                 	LDD  R@1,Z+@2+1
                 	.ENDM
                 
                 	.MACRO __GETD2Z
                 	LDD  R26,Z+@0
                 	LDD  R27,Z+@0+1
                 	LDD  R24,Z+@0+2
                 	LDD  R25,Z+@0+3
                 	.ENDM
                 
                 	.MACRO __GETB2MN
                 	LDS  R26,@0+@1
                 	.ENDM
                 
                 	.MACRO __GETW2MN
                 	LDS  R26,@0+@1
                 	LDS  R27,@0+@1+1
                 	.ENDM
                 
                 	.MACRO __GETD2MN
                 	LDS  R26,@0+@1
                 	LDS  R27,@0+@1+1
                 	LDS  R24,@0+@1+2
                 	LDS  R25,@0+@1+3
                 	.ENDM
                 
                 	.MACRO __PUTB1MN
                 	STS  @0+@1,R30
                 	.ENDM
                 
                 	.MACRO __PUTW1MN
                 	STS  @0+@1,R30
                 	STS  @0+@1+1,R31
                 	.ENDM
                 
                 	.MACRO __PUTD1MN
                 	STS  @0+@1,R30
                 	STS  @0+@1+1,R31
                 	STS  @0+@1+2,R22
                 	STS  @0+@1+3,R23
                 	.ENDM
                 
                 	.MACRO __PUTB1EN
                 	LDI  R26,LOW(@0+@1)
                 	LDI  R27,HIGH(@0+@1)
                 	CALL __EEPROMWRB
                 	.ENDM
                 
                 	.MACRO __PUTW1EN
                 	LDI  R26,LOW(@0+@1)
                 	LDI  R27,HIGH(@0+@1)
                 	CALL __EEPROMWRW
                 	.ENDM
                 
                 	.MACRO __PUTD1EN
                 	LDI  R26,LOW(@0+@1)
                 	LDI  R27,HIGH(@0+@1)
                 	CALL __EEPROMWRD
                 	.ENDM
                 
                 	.MACRO __PUTBR0MN
                 	STS  @0+@1,R0
                 	.ENDM
                 
                 	.MACRO __PUTDZ2
                 	STD  Z+@0,R26
                 	STD  Z+@0+1,R27
                 	STD  Z+@0+2,R24
                 	STD  Z+@0+3,R25
                 	.ENDM
                 
                 	.MACRO __PUTBMRN
                 	STS  @0+@1,R@2
                 	.ENDM
                 
                 	.MACRO __PUTWMRN
                 	STS  @0+@1,R@2
                 	STS  @0+@1+1,R@3
                 	.ENDM
                 
                 	.MACRO __PUTBZR
                 	STD  Z+@1,R@0
                 	.ENDM
                 
                 	.MACRO __PUTWZR
                 	STD  Z+@2,R@0
                 	STD  Z+@2+1,R@1
                 	.ENDM
                 
                 	.MACRO __GETW1R
                 	MOV  R30,R@0
                 	MOV  R31,R@1
                 	.ENDM
                 
                 	.MACRO __GETW2R
                 	MOV  R26,R@0
                 	MOV  R27,R@1
                 	.ENDM
                 
                 	.MACRO __GETWRN
                 	LDI  R@0,LOW(@2)
                 	LDI  R@1,HIGH(@2)
                 	.ENDM
                 
                 	.MACRO __PUTW1R
                 	MOV  R@0,R30
                 	MOV  R@1,R31
                 	.ENDM
                 
                 	.MACRO __PUTW2R
                 	MOV  R@0,R26
                 	MOV  R@1,R27
                 	.ENDM
                 
                 	.MACRO __ADDWRN
                 	SUBI R@0,LOW(-@2)
                 	SBCI R@1,HIGH(-@2)
                 	.ENDM
                 
                 	.MACRO __ADDWRR
                 	ADD  R@0,R@2
                 	ADC  R@1,R@3
                 	.ENDM
                 
                 	.MACRO __SUBWRN
                 	SUBI R@0,LOW(@2)
                 	SBCI R@1,HIGH(@2)
                 	.ENDM
                 
                 	.MACRO __SUBWRR
                 	SUB  R@0,R@2
                 	SBC  R@1,R@3
                 	.ENDM
                 
                 	.MACRO __ANDWRN
                 	ANDI R@0,LOW(@2)
                 	ANDI R@1,HIGH(@2)
                 	.ENDM
                 
                 	.MACRO __ANDWRR
                 	AND  R@0,R@2
                 	AND  R@1,R@3
                 	.ENDM
                 
                 	.MACRO __ORWRN
                 	ORI  R@0,LOW(@2)
                 	ORI  R@1,HIGH(@2)
                 	.ENDM
                 
                 	.MACRO __ORWRR
                 	OR   R@0,R@2
                 	OR   R@1,R@3
                 	.ENDM
                 
                 	.MACRO __EORWRR
                 	EOR  R@0,R@2
                 	EOR  R@1,R@3
                 	.ENDM
                 
                 	.MACRO __GETWRS
                 	LDD  R@0,Y+@2
                 	LDD  R@1,Y+@2+1
                 	.ENDM
                 
                 	.MACRO __PUTWSR
                 	STD  Y+@2,R@0
                 	STD  Y+@2+1,R@1
                 	.ENDM
                 
                 	.MACRO __MOVEWRR
                 	MOV  R@0,R@2
                 	MOV  R@1,R@3
                 	.ENDM
                 
                 	.MACRO __INWR
                 	IN   R@0,@2
                 	IN   R@1,@2+1
                 	.ENDM
                 
                 	.MACRO __OUTWR
                 	OUT  @2+1,R@1
                 	OUT  @2,R@0
                 	.ENDM
                 
                 	.MACRO __CALL1MN
                 	LDS  R30,@0+@1
                 	LDS  R31,@0+@1+1
                 	ICALL
                 	.ENDM
                 
                 	.MACRO __CALL1FN
                 	LDI  R30,LOW(2*@0+@1)
                 	LDI  R31,HIGH(2*@0+@1)
                 	CALL __GETW1PF
                 	ICALL
                 	.ENDM
                 
                 	.MACRO __CALL2EN
                 	LDI  R26,LOW(@0+@1)
                 	LDI  R27,HIGH(@0+@1)
                 	CALL __EEPROMRDW
                 	ICALL
                 	.ENDM
                 
                 	.MACRO __GETW1STACK
                 	IN   R26,SPL
                 	IN   R27,SPH
                 	ADIW R26,@0+1
                 	LD   R30,X+
                 	LD   R31,X
                 	.ENDM
                 
                 	.MACRO __NBST
                 	BST  R@0,@1
                 	IN   R30,SREG
                 	LDI  R31,0x40
                 	EOR  R30,R31
                 	OUT  SREG,R30
                 	.ENDM
                 
                 
                 	.MACRO __PUTB1SN
                 	LDD  R26,Y+@0
                 	LDD  R27,Y+@0+1
                 	SUBI R26,LOW(-@1)
                 	SBCI R27,HIGH(-@1)
                 	ST   X,R30
                 	.ENDM
                 
                 	.MACRO __PUTW1SN
                 	LDD  R26,Y+@0
                 	LDD  R27,Y+@0+1
                 	SUBI R26,LOW(-@1)
                 	SBCI R27,HIGH(-@1)
                 	ST   X+,R30
                 	ST   X,R31
                 	.ENDM
                 
                 	.MACRO __PUTD1SN
                 	LDD  R26,Y+@0
                 	LDD  R27,Y+@0+1
                 	SUBI R26,LOW(-@1)
                 	SBCI R27,HIGH(-@1)
                 	CALL __PUTDP1
                 	.ENDM
                 
                 	.MACRO __PUTB1SNS
                 	LDD  R26,Y+@0
                 	LDD  R27,Y+@0+1
                 	ADIW R26,@1
                 	ST   X,R30
                 	.ENDM
                 
                 	.MACRO __PUTW1SNS
                 	LDD  R26,Y+@0
                 	LDD  R27,Y+@0+1
                 	ADIW R26,@1
                 	ST   X+,R30
                 	ST   X,R31
                 	.ENDM
                 
                 	.MACRO __PUTD1SNS
                 	LDD  R26,Y+@0
                 	LDD  R27,Y+@0+1
                 	ADIW R26,@1
                 	CALL __PUTDP1
                 	.ENDM
                 
                 	.MACRO __PUTB1PMN
                 	LDS  R26,@0
                 	LDS  R27,@0+1
                 	SUBI R26,LOW(-@1)
                 	SBCI R27,HIGH(-@1)
                 	ST   X,R30
                 	.ENDM
                 
                 	.MACRO __PUTW1PMN
                 	LDS  R26,@0
                 	LDS  R27,@0+1
                 	SUBI R26,LOW(-@1)
                 	SBCI R27,HIGH(-@1)
                 	ST   X+,R30
                 	ST   X,R31
                 	.ENDM
                 
                 	.MACRO __PUTD1PMN
                 	LDS  R26,@0
                 	LDS  R27,@0+1
                 	SUBI R26,LOW(-@1)
                 	SBCI R27,HIGH(-@1)
                 	CALL __PUTDP1
                 	.ENDM
                 
                 	.MACRO __PUTB1PMNS
                 	LDS  R26,@0
                 	LDS  R27,@0+1
                 	ADIW R26,@1
                 	ST   X,R30
                 	.ENDM
                 
                 	.MACRO __PUTW1PMNS
                 	LDS  R26,@0
                 	LDS  R27,@0+1
                 	ADIW R26,@1
                 	ST   X+,R30
                 	ST   X,R31
                 	.ENDM
                 
                 	.MACRO __PUTD1PMNS
                 	LDS  R26,@0
                 	LDS  R27,@0+1
                 	ADIW R26,@1
                 	CALL __PUTDP1
                 	.ENDM
                 
                 	.MACRO __PUTB1RN
                 	MOVW R26,R@0
                 	SUBI R26,LOW(-@1)
                 	SBCI R27,HIGH(-@1)
                 	ST   X,R30
                 	.ENDM
                 
                 	.MACRO __PUTW1RN
                 	MOVW R26,R@0
                 	SUBI R26,LOW(-@1)
                 	SBCI R27,HIGH(-@1)
                 	ST   X+,R30
                 	ST   X,R31
                 	.ENDM
                 
                 	.MACRO __PUTD1RN
                 	MOVW R26,R@0
                 	SUBI R26,LOW(-@1)
                 	SBCI R27,HIGH(-@1)
                 	CALL __PUTDP1
                 	.ENDM
                 
                 	.MACRO __PUTB1RNS
                 	MOVW R26,R@0
                 	ADIW R26,@1
                 	ST   X,R30
                 	.ENDM
                 
                 	.MACRO __PUTW1RNS
                 	MOVW R26,R@0
                 	ADIW R26,@1
                 	ST   X+,R30
                 	ST   X,R31
                 	.ENDM
                 
                 	.MACRO __PUTD1RNS
                 	MOVW R26,R@0
                 	ADIW R26,@1
                 	CALL __PUTDP1
                 	.ENDM
                 
                 	.MACRO __PUTB1RON
                 	MOV  R26,R@0
                 	MOV  R27,R@1
                 	SUBI R26,LOW(-@2)
                 	SBCI R27,HIGH(-@2)
                 	ST   X,R30
                 	.ENDM
                 
                 	.MACRO __PUTW1RON
                 	MOV  R26,R@0
                 	MOV  R27,R@1
                 	SUBI R26,LOW(-@2)
                 	SBCI R27,HIGH(-@2)
                 	ST   X+,R30
                 	ST   X,R31
                 	.ENDM
                 
                 	.MACRO __PUTD1RON
                 	MOV  R26,R@0
                 	MOV  R27,R@1
                 	SUBI R26,LOW(-@2)
                 	SBCI R27,HIGH(-@2)
                 	CALL __PUTDP1
                 	.ENDM
                 
                 	.MACRO __PUTB1RONS
                 	MOV  R26,R@0
                 	MOV  R27,R@1
                 	ADIW R26,@2
                 	ST   X,R30
                 	.ENDM
                 
                 	.MACRO __PUTW1RONS
                 	MOV  R26,R@0
                 	MOV  R27,R@1
                 	ADIW R26,@2
                 	ST   X+,R30
                 	ST   X,R31
                 	.ENDM
                 
                 	.MACRO __PUTD1RONS
                 	MOV  R26,R@0
                 	MOV  R27,R@1
                 	ADIW R26,@2
                 	CALL __PUTDP1
                 	.ENDM
                 
                 
                 	.MACRO __GETB1SX
                 	MOVW R30,R28
                 	SUBI R30,LOW(-@0)
                 	SBCI R31,HIGH(-@0)
                 	LD   R30,Z
                 	.ENDM
                 
                 	.MACRO __GETB1HSX
                 	MOVW R30,R28
                 	SUBI R30,LOW(-@0)
                 	SBCI R31,HIGH(-@0)
                 	LD   R31,Z
                 	.ENDM
                 
                 	.MACRO __GETW1SX
                 	MOVW R30,R28
                 	SUBI R30,LOW(-@0)
                 	SBCI R31,HIGH(-@0)
                 	LD   R0,Z+
                 	LD   R31,Z
                 	MOV  R30,R0
                 	.ENDM
                 
                 	.MACRO __GETD1SX
                 	MOVW R30,R28
                 	SUBI R30,LOW(-@0)
                 	SBCI R31,HIGH(-@0)
                 	LD   R0,Z+
                 	LD   R1,Z+
                 	LD   R22,Z+
                 	LD   R23,Z
                 	MOVW R30,R0
                 	.ENDM
                 
                 	.MACRO __GETB2SX
                 	MOVW R26,R28
                 	SUBI R26,LOW(-@0)
                 	SBCI R27,HIGH(-@0)
                 	LD   R26,X
                 	.ENDM
                 
                 	.MACRO __GETW2SX
                 	MOVW R26,R28
                 	SUBI R26,LOW(-@0)
                 	SBCI R27,HIGH(-@0)
                 	LD   R0,X+
                 	LD   R27,X
                 	MOV  R26,R0
                 	.ENDM
                 
                 	.MACRO __GETD2SX
                 	MOVW R26,R28
                 	SUBI R26,LOW(-@0)
                 	SBCI R27,HIGH(-@0)
                 	LD   R0,X+
                 	LD   R1,X+
                 	LD   R24,X+
                 	LD   R25,X
                 	MOVW R26,R0
                 	.ENDM
                 
                 	.MACRO __GETBRSX
                 	MOVW R30,R28
                 	SUBI R30,LOW(-@1)
                 	SBCI R31,HIGH(-@1)
                 	LD   R@0,Z
                 	.ENDM
                 
                 	.MACRO __GETWRSX
                 	MOVW R30,R28
                 	SUBI R30,LOW(-@2)
                 	SBCI R31,HIGH(-@2)
                 	LD   R@0,Z+
                 	LD   R@1,Z
                 	.ENDM
                 
                 	.MACRO __LSLW8SX
                 	MOVW R30,R28
                 	SUBI R30,LOW(-@0)
                 	SBCI R31,HIGH(-@0)
                 	LD   R31,Z
                 	CLR  R30
                 	.ENDM
                 
                 	.MACRO __PUTB1SX
                 	MOVW R26,R28
                 	SUBI R26,LOW(-@0)
                 	SBCI R27,HIGH(-@0)
                 	ST   X,R30
                 	.ENDM
                 
                 	.MACRO __PUTW1SX
                 	MOVW R26,R28
                 	SUBI R26,LOW(-@0)
                 	SBCI R27,HIGH(-@0)
                 	ST   X+,R30
                 	ST   X,R31
                 	.ENDM
                 
                 	.MACRO __PUTD1SX
                 	MOVW R26,R28
                 	SUBI R26,LOW(-@0)
                 	SBCI R27,HIGH(-@0)
                 	ST   X+,R30
                 	ST   X+,R31
                 	ST   X+,R22
                 	ST   X,R23
                 	.ENDM
                 
                 	.MACRO __CLRW1SX
                 	MOVW R26,R28
                 	SUBI R26,LOW(-@0)
                 	SBCI R27,HIGH(-@0)
                 	ST   X+,R30
                 	ST   X,R30
                 	.ENDM
                 
                 	.MACRO __CLRD1SX
                 	MOVW R26,R28
                 	SUBI R26,LOW(-@0)
                 	SBCI R27,HIGH(-@0)
                 	ST   X+,R30
                 	ST   X+,R30
                 	ST   X+,R30
                 	ST   X,R30
                 	.ENDM
                 
                 	.MACRO __PUTB2SX
                 	MOVW R30,R28
                 	SUBI R30,LOW(-@0)
                 	SBCI R31,HIGH(-@0)
                 	ST   Z,R26
                 	.ENDM
                 
                 	.MACRO __PUTW2SX
                 	MOVW R30,R28
                 	SUBI R30,LOW(-@0)
                 	SBCI R31,HIGH(-@0)
                 	ST   Z+,R26
                 	ST   Z,R27
                 	.ENDM
                 
                 	.MACRO __PUTD2SX
                 	MOVW R30,R28
                 	SUBI R30,LOW(-@0)
                 	SBCI R31,HIGH(-@0)
                 	ST   Z+,R26
                 	ST   Z+,R27
                 	ST   Z+,R24
                 	ST   Z,R25
                 	.ENDM
                 
                 	.MACRO __PUTBSRX
                 	MOVW R30,R28
                 	SUBI R30,LOW(-@0)
                 	SBCI R31,HIGH(-@0)
                 	ST   Z,R@1
                 	.ENDM
                 
                 	.MACRO __PUTWSRX
                 	MOVW R30,R28
                 	SUBI R30,LOW(-@2)
                 	SBCI R31,HIGH(-@2)
                 	ST   Z+,R@0
                 	ST   Z,R@1
                 	.ENDM
                 
                 	.MACRO __PUTB1SNX
                 	MOVW R26,R28
                 	SUBI R26,LOW(-@0)
                 	SBCI R27,HIGH(-@0)
                 	LD   R0,X+
                 	LD   R27,X
                 	MOV  R26,R0
                 	SUBI R26,LOW(-@1)
                 	SBCI R27,HIGH(-@1)
                 	ST   X,R30
                 	.ENDM
                 
                 	.MACRO __PUTW1SNX
                 	MOVW R26,R28
                 	SUBI R26,LOW(-@0)
                 	SBCI R27,HIGH(-@0)
                 	LD   R0,X+
                 	LD   R27,X
                 	MOV  R26,R0
                 	SUBI R26,LOW(-@1)
                 	SBCI R27,HIGH(-@1)
                 	ST   X+,R30
                 	ST   X,R31
                 	.ENDM
                 
                 	.MACRO __PUTD1SNX
                 	MOVW R26,R28
                 	SUBI R26,LOW(-@0)
                 	SBCI R27,HIGH(-@0)
                 	LD   R0,X+
                 	LD   R27,X
                 	MOV  R26,R0
                 	SUBI R26,LOW(-@1)
                 	SBCI R27,HIGH(-@1)
                 	ST   X+,R30
                 	ST   X+,R31
                 	ST   X+,R22
                 	ST   X,R23
                 	.ENDM
                 
                 	.MACRO __MULBRR
                 	MULS R@0,R@1
                 	MOVW R30,R0
                 	.ENDM
                 
                 	.MACRO __MULBRRU
                 	MUL  R@0,R@1
                 	MOVW R30,R0
                 	.ENDM
                 
                 	.MACRO __MULBRR0
                 	MULS R@0,R@1
                 	.ENDM
                 
                 	.MACRO __MULBRRU0
                 	MUL  R@0,R@1
                 	.ENDM
                 
                 	.MACRO __MULBNWRU
                 	LDI  R26,@2
                 	MUL  R26,R@0
                 	MOVW R30,R0
                 	MUL  R26,R@1
                 	ADD  R31,R0
                 	.ENDM
                 
                 ;NAME DEFINITIONS FOR GLOBAL VARIABLES ALLOCATED TO REGISTERS
                 	.DEF _l_overflow=R5
                 	.DEF _r_overflow=R4
                 	.DEF _l_step=R7
                 	.DEF _r_step=R6
                 	.DEF _x=R9
                 	.DEF _y=R8
                 	.DEF _z=R11
                 	.DEF _rightMotorOn=R12
                 	.DEF _MOTOR_DELAY=R10
                 
                 	.CSEG
                 	.ORG 0x00
                 
                 ;INTERRUPT VECTORS
000000 940c 004a 	JMP  __RESET
000002 940c 0000 	JMP  0x00
000004 940c 0000 	JMP  0x00
000006 940c 0000 	JMP  0x00
000008 940c 0000 	JMP  0x00
00000a 940c 00a7 	JMP  _timer2_ovf_isr
00000c 940c 0000 	JMP  0x00
00000e 940c 0000 	JMP  0x00
000010 940c 0000 	JMP  0x00
000012 940c 0000 	JMP  0x00
000014 940c 0000 	JMP  0x00
000016 940c 007a 	JMP  _timer0_ovf_isr
000018 940c 0000 	JMP  0x00
00001a 940c 0000 	JMP  0x00
00001c 940c 0000 	JMP  0x00
00001e 940c 0000 	JMP  0x00
000020 940c 0000 	JMP  0x00
000022 940c 0000 	JMP  0x00
000024 940c 0000 	JMP  0x00
000026 940c 0000 	JMP  0x00
000028 940c 0000 	JMP  0x00
                 
                 _tbl10_G100:
00002a 2710
00002b 03e8
00002c 0064
00002d 000a      	.DB  0x10,0x27,0xE8,0x3,0x64,0x0,0xA,0x0
00002e 0001      	.DB  0x1,0x0
                 _tbl16_G100:
00002f 1000
000030 0100
000031 0010
000032 0001      	.DB  0x0,0x10,0x0,0x1,0x10,0x0,0x1,0x0
                 
                 _0x3:
000033 66cc
000034 9933      	.DB  0xCC,0x66,0x33,0x99
                 _0x4:
000035 3399
000036 cc66      	.DB  0x99,0x33,0x66,0xCC
                 _0x5:
C:\Documents and Settings\Shaunak\My Documents\code vision avr projects\Bhatt Prototype\List\BP.asm(1063): warning: .cseg .db misalignment - padding zero byte
000037 0069      	.DB  0x69
                 _0x32:
C:\Documents and Settings\Shaunak\My Documents\code vision avr projects\Bhatt Prototype\List\BP.asm(1065): warning: .cseg .db misalignment - padding zero byte
000038 0014      	.DB  0x14
                 _0x2020003:
000039 c080      	.DB  0x80,0xC0
                 
                 __GLOBAL_INI_TBL:
00003a 0004      	.DW  0x04
00003b 0260      	.DW  _step
00003c 0066      	.DW  _0x3*2
                 
00003d 0004      	.DW  0x04
00003e 0264      	.DW  _step_rev
00003f 006a      	.DW  _0x4*2
                 
000040 0001      	.DW  0x01
000041 0274      	.DW  _ADC_CENTER
000042 006e      	.DW  _0x5*2
                 
000043 0001      	.DW  0x01
000044 000a      	.DW  0x0A
000045 0070      	.DW  _0x32*2
                 
000046 0002      	.DW  0x02
000047 0275      	.DW  __base_y_G101
000048 0072      	.DW  _0x2020003*2
                 
                 _0xFFFFFFFF:
000049 0000      	.DW  0
                 
                 __RESET:
00004a 94f8      	CLI
00004b 27ee      	CLR  R30
00004c bbec      	OUT  EECR,R30
                 
                 ;INTERRUPT VECTORS ARE PLACED
                 ;AT THE START OF FLASH
00004d e0f1      	LDI  R31,1
00004e bffb      	OUT  GICR,R31
00004f bfeb      	OUT  GICR,R30
000050 bfe5      	OUT  MCUCR,R30
                 
                 ;DISABLE WATCHDOG
000051 e1f8      	LDI  R31,0x18
000052 bdf1      	OUT  WDTCR,R31
000053 bde1      	OUT  WDTCR,R30
                 
                 ;CLEAR R2-R14
000054 e08d      	LDI  R24,(14-2)+1
000055 e0a2      	LDI  R26,2
000056 27bb      	CLR  R27
                 __CLEAR_REG:
000057 93ed      	ST   X+,R30
000058 958a      	DEC  R24
000059 f7e9      	BRNE __CLEAR_REG
                 
                 ;CLEAR SRAM
00005a e080      	LDI  R24,LOW(0x800)
00005b e098      	LDI  R25,HIGH(0x800)
00005c e6a0      	LDI  R26,0x60
                 __CLEAR_SRAM:
00005d 93ed      	ST   X+,R30
00005e 9701      	SBIW R24,1
00005f f7e9      	BRNE __CLEAR_SRAM
                 
                 ;GLOBAL VARIABLES INITIALIZATION
000060 e7e4      	LDI  R30,LOW(__GLOBAL_INI_TBL*2)
000061 e0f0      	LDI  R31,HIGH(__GLOBAL_INI_TBL*2)
                 __GLOBAL_INI_NEXT:
000062 9185      	LPM  R24,Z+
000063 9195      	LPM  R25,Z+
000064 9700      	SBIW R24,0
000065 f061      	BREQ __GLOBAL_INI_END
000066 91a5      	LPM  R26,Z+
000067 91b5      	LPM  R27,Z+
000068 9005      	LPM  R0,Z+
000069 9015      	LPM  R1,Z+
00006a 01bf      	MOVW R22,R30
00006b 01f0      	MOVW R30,R0
                 __GLOBAL_INI_LOOP:
00006c 9005      	LPM  R0,Z+
00006d 920d      	ST   X+,R0
00006e 9701      	SBIW R24,1
00006f f7e1      	BRNE __GLOBAL_INI_LOOP
000070 01fb      	MOVW R30,R22
000071 cff0      	RJMP __GLOBAL_INI_NEXT
                 __GLOBAL_INI_END:
                 
                 ;STACK POINTER INITIALIZATION
000072 e5ef      	LDI  R30,LOW(0x85F)
000073 bfed      	OUT  SPL,R30
000074 e0e8      	LDI  R30,HIGH(0x85F)
000075 bfee      	OUT  SPH,R30
                 
                 ;DATA STACK POINTER INITIALIZATION
000076 e6c0      	LDI  R28,LOW(0x260)
000077 e0d2      	LDI  R29,HIGH(0x260)
                 
000078 940c 0180 	JMP  _main
                 
                 	.ESEG
                 	.ORG 0
                 
                 	.DSEG
                 	.ORG 0x260
                 
                 	.CSEG
                 ;/*****************************************************
                 ;This program was produced by the
                 ;CodeWizardAVR V2.03.8a Evaluation
                 ;Automatic Program Generator
                 ;© Copyright 1998-2008 Pavel Haiduc, HP InfoTech s.r.l.
                 ;http://www.hpinfotech.com
                 ;
                 ;Project :
                 ;Version :
                 ;Date    : 12/17/2008
                 ;Author  : Freeware, for evaluation and non-commercial use only
                 ;Company :
                 ;Comments:
                 ;
                 ;
                 ;Chip type           : ATmega16
                 ;Program type        : Application
                 ;Clock frequency     : 16.000000 MHz
                 ;Memory model        : Small
                 ;External RAM size   : 0
                 ;Data Stack size     : 256
                 ;*****************************************************/
                 ;
                 ;#include <mega32.h>
                 	#ifndef __SLEEP_DEFINED__
                 	#define __SLEEP_DEFINED__
                 	.EQU __se_bit=0x80
                 	.EQU __sm_mask=0x70
                 	.EQU __sm_powerdown=0x20
                 	.EQU __sm_powersave=0x30
                 	.EQU __sm_standby=0x60
                 	.EQU __sm_ext_standby=0x70
                 	.EQU __sm_adc_noise_red=0x10
                 	.SET power_ctrl_reg=mcucr
                 	#endif
                 ;#include <stdio.h>
                 ;// Alphanumeric LCD Module functions
                 ;#asm
                    .equ __lcd_port=0x15 ;PORTC
                 ; 0000 001D #endasm
                 ;#include <lcd.h>
                 ;
                 ;
                 ;#define ADC_DELAY 40
                 ;#define TRUE 1
                 ;#define FALSE 0
                 ;#define SHOW_DISPLAY TRUE
                 ;#define ACC_FACTOR 5
                 ;#define SENSOR_TYPE 1
                 ;unsigned char step[4]={0xCC,0x66,0x33,0x99};
                 
                 	.DSEG
                 ;unsigned char step_rev[4]={0x99,0x33,0x66,0xCC};
                 ;unsigned char l_overflow,r_overflow,l_step,r_step,x,y,z;
                 ;unsigned rightMotorOn;
                 ;unsigned leftMotorOn;
                 ;unsigned int left,right,center;
                 ;int error,error0;
                 ;
                 ;unsigned char MOTOR_DELAY=20;
                 ;unsigned char ADC_CENTER=105;
                 ;
                 ;
                 ;void read(void);
                 ;void show(unsigned int ,unsigned char , unsigned char );
                 ;// Timer 0 overflow interrupt service routine
                 ;interrupt [TIM0_OVF] void timer0_ovf_isr(void)
                 ; 0000 0037 {
                 
                 	.CSEG
                 _timer0_ovf_isr:
00007a 920a      	ST   -Y,R0
00007b 93ea      	ST   -Y,R30
00007c 93fa      	ST   -Y,R31
00007d b7ef      	IN   R30,SREG
00007e 93ea      	ST   -Y,R30
                 ; 0000 0038    //right motor
                 ; 0000 0039    y++;
00007f 9483      	INC  R8
                 ; 0000 003A    if(y>r_overflow && rightMotorOn)
000080 1448      	CP   R4,R8
000081 f418      	BRSH _0x7
000082 2c0c      	MOV  R0,R12
000083 280d      	OR   R0,R13
000084 f409      	BRNE _0x8
                 _0x7:
000085 c005      	RJMP _0x6
                 _0x8:
                 ; 0000 003B    {
                 ; 0000 003C     y=0;
000086 2488      	CLR  R8
                 ; 0000 003D     PORTB=step[r_step];
000087 940e 026e 	CALL SUBOPT_0x0
                 ; 0000 003E     r_step++;
                 ; 0000 003F     if(r_step>3)r_step=0;
000089 f408      	BRSH _0x9
00008a 2466      	CLR  R6
                 ; 0000 0040    }
                 _0x9:
                 ; 0000 0041 
                 ; 0000 0042    //left motor
                 ; 0000 0043    x++;
                 _0x6:
00008b 9493      	INC  R9
                 ; 0000 0044    if(x>l_overflow && leftMotorOn)
00008c 1459      	CP   R5,R9
00008d f430      	BRSH _0xB
00008e 91e0 0268 	LDS  R30,_leftMotorOn
000090 91f0 0269 	LDS  R31,_leftMotorOn+1
000092 9730      	SBIW R30,0
000093 f409      	BRNE _0xC
                 _0xB:
000094 c00c      	RJMP _0xA
                 _0xC:
                 ; 0000 0045    {
                 ; 0000 0046     x=0;
000095 2499      	CLR  R9
                 ; 0000 0047     PORTD=step[l_step];
000096 2de7      	MOV  R30,R7
000097 e0f0      	LDI  R31,0
000098 5ae0      	SUBI R30,LOW(-_step)
000099 4ffd      	SBCI R31,HIGH(-_step)
00009a 81e0      	LD   R30,Z
00009b bbe2      	OUT  0x12,R30
                 ; 0000 0048     l_step++;
00009c 9473      	INC  R7
                 ; 0000 0049     if(l_step > 3)l_step = 0;
00009d e0e3      	LDI  R30,LOW(3)
00009e 15e7      	CP   R30,R7
00009f f408      	BRSH _0xD
0000a0 2477      	CLR  R7
                 ; 0000 004A    }
                 _0xD:
                 ; 0000 004B 
                 ; 0000 004C    //acceleration code
                 ; 0000 004D //  accCounter++;
                 ; 0000 004E //   if(accCounter>ACC_FACTOR)
                 ; 0000 004F //   {
                 ; 0000 0050 //     accCounter=0;
                 ; 0000 0051 //       if(MOTOR_DELAY>20)
                 ; 0000 0052 //       MOTOR_DELAY--;
                 ; 0000 0053 //   }
                 ; 0000 0054 
                 ; 0000 0055 
                 ; 0000 0056 }
                 _0xA:
0000a1 91e9      	LD   R30,Y+
0000a2 bfef      	OUT  SREG,R30
0000a3 91f9      	LD   R31,Y+
0000a4 91e9      	LD   R30,Y+
0000a5 9009      	LD   R0,Y+
0000a6 9518      	RETI
                 ;
                 ;
                 ;// Timer 2 overflow interrupt service routine
                 ;interrupt [TIM2_OVF] void timer2_ovf_isr(void)
                 ; 0000 005B {
                 _timer2_ovf_isr:
0000a7 920a      	ST   -Y,R0
0000a8 921a      	ST   -Y,R1
0000a9 92fa      	ST   -Y,R15
0000aa 936a      	ST   -Y,R22
0000ab 937a      	ST   -Y,R23
0000ac 938a      	ST   -Y,R24
0000ad 939a      	ST   -Y,R25
0000ae 93aa      	ST   -Y,R26
0000af 93ba      	ST   -Y,R27
0000b0 93ea      	ST   -Y,R30
0000b1 93fa      	ST   -Y,R31
0000b2 b7ef      	IN   R30,SREG
0000b3 93ea      	ST   -Y,R30
                 ; 0000 005C 
                 ; 0000 005D    // Place your code here
                 ; 0000 005E    //read sensor
                 ; 0000 005F    z++;
0000b4 94b3      	INC  R11
                 ; 0000 0060    if(z>ADC_DELAY)
0000b5 e2e8      	LDI  R30,LOW(40)
0000b6 15eb      	CP   R30,R11
0000b7 f010      	BRLO PC+3
0000b8 940c 0103 	JMP _0xE
                 ; 0000 0061    {
                 ; 0000 0062    z=0;
0000ba 24bb      	CLR  R11
                 ; 0000 0063    read();
0000bb d06c      	RCALL _read
                 ; 0000 0064    //error correction
                 ; 0000 0065    error0=error;
0000bc 940e 0278 	CALL SUBOPT_0x1
0000be 93e0 0272 	STS  _error0,R30
0000c0 93f0 0273 	STS  _error0+1,R31
                 ; 0000 0066    if(left < 5 )
0000c2 91a0 026a 	LDS  R26,_left
0000c4 91b0 026b 	LDS  R27,_left+1
0000c6 9715      	SBIW R26,5
0000c7 f430      	BRSH _0xF
                 ; 0000 0067         {
                 ; 0000 0068          error = ADC_CENTER-right;
0000c8 91e0 0274 	LDS  R30,_ADC_CENTER
0000ca e0f0      	LDI  R31,0
0000cb 940e 027d 	CALL SUBOPT_0x2
0000cd c018      	RJMP _0x30
                 ; 0000 0069         // ADC_CENTER=(ADC_CENTER+right)/2;
                 ; 0000 006A         }
                 ; 0000 006B    else if(right < 5)
                 _0xF:
0000ce 940e 027d 	CALL SUBOPT_0x2
0000d0 9715      	SBIW R26,5
0000d1 f470      	BRSH _0x11
                 ; 0000 006C         {
                 ; 0000 006D          error = left-ADC_CENTER;
0000d2 91e0 0274 	LDS  R30,_ADC_CENTER
0000d4 e0f0      	LDI  R31,0
0000d5 91a0 026a 	LDS  R26,_left
0000d7 91b0 026b 	LDS  R27,_left+1
0000d9 1bae      	SUB  R26,R30
0000da 0bbf      	SBC  R27,R31
0000db 93a0 0270 	STS  _error,R26
0000dd 93b0 0271 	STS  _error+1,R27
                 ; 0000 006E          //ADC_CENTER=(left+ADC_CENTER)/2;
                 ; 0000 006F         }
                 ; 0000 0070    else
0000df c00c      	RJMP _0x12
                 _0x11:
                 ; 0000 0071         {
                 ; 0000 0072          error = left-right;
0000e0 940e 027d 	CALL SUBOPT_0x2
0000e2 91e0 026a 	LDS  R30,_left
0000e4 91f0 026b 	LDS  R31,_left+1
                 _0x30:
0000e6 1bea      	SUB  R30,R26
0000e7 0bfb      	SBC  R31,R27
0000e8 93e0 0270 	STS  _error,R30
0000ea 93f0 0271 	STS  _error+1,R31
                 ; 0000 0073          //ADC_CENTER=(left+right)/2;
                 ; 0000 0074         }
                 _0x12:
                 ; 0000 0075 
                 ; 0000 0076 
                 ; 0000 0077 
                 ; 0000 0078    //if(error>0)
                 ; 0000 0079    r_overflow=MOTOR_DELAY-((error/16)+(error-error0)*2);
0000ec 940e 0282 	CALL SUBOPT_0x3
0000ee 01df      	MOVW R26,R30
0000ef 01fb      	MOVW R30,R22
0000f0 1bea      	SUB  R30,R26
0000f1 2e4e      	MOV  R4,R30
                 ; 0000 007A    //else if(error<0)
                 ; 0000 007B 
                 ; 0000 007C    l_overflow=MOTOR_DELAY+((error/16)+(error-error0)*2);
0000f2 940e 0282 	CALL SUBOPT_0x3
0000f4 01db      	MOVW R26,R22
0000f5 0fea      	ADD  R30,R26
0000f6 2e5e      	MOV  R5,R30
                 ; 0000 007D //
                 ; 0000 007E //    if(error>0)r_overflow=MOTOR_DELAY+((error*r_overflow)/40);
                 ; 0000 007F //   else if(error<0)l_overflow=MOTOR_DELAY-((error*l_overflow)/40);
                 ; 0000 0080         if(SHOW_DISPLAY)
                 ; 0000 0081         {
                 ; 0000 0082 
                 ; 0000 0083          putchar(left);
0000f7 91e0 026a 	LDS  R30,_left
0000f9 93ea      	ST   -Y,R30
0000fa d0cd      	RCALL _putchar
                 ; 0000 0084          putchar(center);
0000fb 91e0 026e 	LDS  R30,_center
0000fd 93ea      	ST   -Y,R30
0000fe d0c9      	RCALL _putchar
                 ; 0000 0085          putchar(right);
0000ff 91e0 026c 	LDS  R30,_right
000101 93ea      	ST   -Y,R30
000102 d0c5      	RCALL _putchar
                 ; 0000 0086          //show(right,0,0);
                 ; 0000 0087          //show(left,10,0);
                 ; 0000 0088          //show(center,5,0);
                 ; 0000 0089         }
                 ; 0000 008A    }
                 ; 0000 008B }
                 _0xE:
000103 91e9      	LD   R30,Y+
000104 bfef      	OUT  SREG,R30
000105 91f9      	LD   R31,Y+
000106 91e9      	LD   R30,Y+
000107 91b9      	LD   R27,Y+
000108 91a9      	LD   R26,Y+
000109 9199      	LD   R25,Y+
00010a 9189      	LD   R24,Y+
00010b 9179      	LD   R23,Y+
00010c 9169      	LD   R22,Y+
00010d 90f9      	LD   R15,Y+
00010e 9019      	LD   R1,Y+
00010f 9009      	LD   R0,Y+
000110 9518      	RETI
                 ;
                 ;#include <delay.h>
                 ;
                 ;#define ADC_VREF_TYPE 0x60
                 ;
                 ;// Read the 8 most significant bits
                 ;// of the AD conversion result
                 ;unsigned char read_adc(unsigned char adc_input)
                 ; 0000 0094 {
                 _read_adc:
                 ; 0000 0095 ADMUX=adc_input | (ADC_VREF_TYPE & 0xff);
                 ;	adc_input -> Y+0
000111 81e8      	LD   R30,Y
000112 66e0      	ORI  R30,LOW(0x60)
000113 b9e7      	OUT  0x7,R30
                 ; 0000 0096 // Delay needed for the stabilization of the ADC input voltage
                 ; 0000 0097 delay_us(10);
                +
000114 e385     +LDI R24 , LOW ( 53 )
                +__DELAY_USB_LOOP :
000115 958a     +DEC R24
000116 f7f1     +BRNE __DELAY_USB_LOOP
                 	__DELAY_USB 53
                 ; 0000 0098 // Start the AD conversion
                 ; 0000 0099 ADCSRA|=0x40;
000117 9a36      	SBI  0x6,6
                 ; 0000 009A // Wait for the AD conversion to complete
                 ; 0000 009B while ((ADCSRA & 0x10)==0);
                 _0x14:
000118 9b34      	SBIS 0x6,4
000119 cffe      	RJMP _0x14
                 ; 0000 009C ADCSRA|=0x10;
00011a 9a34      	SBI  0x6,4
                 ; 0000 009D return ADCH;
00011b b1e5      	IN   R30,0x5
00011c 940c 026c 	JMP  _0x2080001
                 ; 0000 009E }
                 ;
                 ; void initialize(void)
                 ; 0000 00A1 {
                 _initialize:
                 ; 0000 00A2  x=0;
00011e 2499      	CLR  R9
                 ; 0000 00A3  y=0;
00011f 2488      	CLR  R8
                 ; 0000 00A4  z=0;
000120 24bb      	CLR  R11
                 ; 0000 00A5  l_step=0;
000121 2477      	CLR  R7
                 ; 0000 00A6  r_step=0;
000122 2466      	CLR  R6
                 ; 0000 00A7  l_overflow=MOTOR_DELAY;
000123 2c5a      	MOV  R5,R10
                 ; 0000 00A8  r_overflow=MOTOR_DELAY;
000124 2c4a      	MOV  R4,R10
                 ; 0000 00A9  rightMotorOn=1;
000125 940e 0299 	CALL SUBOPT_0x4
                 ; 0000 00AA  leftMotorOn=1;
                 ; 0000 00AB }
000127 9508      	RET
                 ;
                 ;void read(void)
                 ; 0000 00AE {
                 _read:
                 ; 0000 00AF  unsigned char i,lo,co,ro;
                 ; 0000 00B0  left=0;
000128 940e 02ed 	CALL __SAVELOCR4
                 ;	i -> R17
                 ;	lo -> R16
                 ;	co -> R19
                 ;	ro -> R18
00012a e0e0      	LDI  R30,LOW(0)
00012b 93e0 026a 	STS  _left,R30
00012d 93e0 026b 	STS  _left+1,R30
                 ; 0000 00B1  center=0;
00012f 93e0 026e 	STS  _center,R30
000131 93e0 026f 	STS  _center+1,R30
                 ; 0000 00B2  right=0;
000133 93e0 026c 	STS  _right,R30
000135 93e0 026d 	STS  _right+1,R30
                 ; 0000 00B3 
                 ; 0000 00B4  lo=0;
000137 e000      	LDI  R16,LOW(0)
                 ; 0000 00B5  co=0;
000138 e030      	LDI  R19,LOW(0)
                 ; 0000 00B6  ro=0;
000139 e020      	LDI  R18,LOW(0)
                 ; 0000 00B7  putchar(0xFF);
00013a efef      	LDI  R30,LOW(255)
00013b 93ea      	ST   -Y,R30
00013c d08b      	RCALL _putchar
                 ; 0000 00B8  if(SENSOR_TYPE==0)
                 ; 0000 00B9  {
                 ; 0000 00BA         lo=read_adc(3);
                 ; 0000 00BB         PORTA=PINA|(1<<0);
                 ; 0000 00BC         left=read_adc(3);
                 ; 0000 00BD         PORTA=PINA&(~(1<<0));
                 ; 0000 00BE         left=left-lo;
                 ; 0000 00BF         delay_us(7);
                 ; 0000 00C0 
                 ; 0000 00C1         ro=read_adc(4);
                 ; 0000 00C2         PORTA=PINA|(1<<1);
                 ; 0000 00C3         right=read_adc(4);
                 ; 0000 00C4         PORTA=PINA&(~(1<<1));
                 ; 0000 00C5         right=right-ro;
                 ; 0000 00C6         delay_us(7);
                 ; 0000 00C7 
                 ; 0000 00C8         co=read_adc(5);
                 ; 0000 00C9         PORTA=PINA|(1<<2);
                 ; 0000 00CA         center=read_adc(5);
                 ; 0000 00CB         PORTA=PINA&(~(1<<2));
                 ; 0000 00CC         center=center-co;
                 ; 0000 00CD         delay_us(7);
                 ; 0000 00CE  }
                 ; 0000 00CF   if(SENSOR_TYPE==1)
                 ; 0000 00D0   {
                 ; 0000 00D1         left=read_adc(5);
00013d e0e5      	LDI  R30,LOW(5)
00013e 940e 02a1 	CALL SUBOPT_0x5
000140 93e0 026a 	STS  _left,R30
000142 93f0 026b 	STS  _left+1,R31
                 ; 0000 00D2         center=read_adc(6);
000144 e0e6      	LDI  R30,LOW(6)
000145 940e 02a1 	CALL SUBOPT_0x5
000147 93e0 026e 	STS  _center,R30
000149 93f0 026f 	STS  _center+1,R31
                 ; 0000 00D3         right=read_adc(7);
00014b e0e7      	LDI  R30,LOW(7)
00014c 940e 02a1 	CALL SUBOPT_0x5
00014e 93e0 026c 	STS  _right,R30
000150 93f0 026d 	STS  _right+1,R31
                 ; 0000 00D4   }
                 ; 0000 00D5   if(SENSOR_TYPE==2)
                 ; 0000 00D6   {
                 ; 0000 00D7       co=read_adc(2);//front right
                 ; 0000 00D8       right=read_adc(3);//right
                 ; 0000 00D9       left=read_adc(4);//left
                 ; 0000 00DA       center=(read_adc(5)+co)/2;//front left
                 ; 0000 00DB   }
                 ; 0000 00DC }
000152 940e 02f2 	CALL __LOADLOCR4
000154 9624      	ADIW R28,4
000155 9508      	RET
                 ;
                 ;void show(unsigned int val,unsigned char xx, unsigned char yy)
                 ; 0000 00DF {
                 ; 0000 00E0  unsigned char a,b,c;
                 ; 0000 00E1  lcd_gotoxy(xx,yy);
                 ;	val -> Y+6
                 ;	xx -> Y+5
                 ;	yy -> Y+4
                 ;	a -> R17
                 ;	b -> R16
                 ;	c -> R19
                 ; 0000 00E2  a=(val%10)+48;
                 ; 0000 00E3  val/=10;
                 ; 0000 00E4  b=(val%10)+48;
                 ; 0000 00E5  val/=10;
                 ; 0000 00E6  c=(val%10)+48;
                 ; 0000 00E7 // val/=10;
                 ; 0000 00E8 // d=(val%10)+48;
                 ; 0000 00E9 // lcd_putchar(d);
                 ; 0000 00EA  lcd_putchar(c);
                 ; 0000 00EB  lcd_putchar(b);
                 ; 0000 00EC  lcd_putchar(a);
                 ; 0000 00ED 
                 ; 0000 00EE }
                 ;
                 ;void turnBack(void)
                 ; 0000 00F1 {
                 _turnBack:
                 ; 0000 00F2     unsigned char i;
                 ; 0000 00F3     rightMotorOn=0;
000156 931a      	ST   -Y,R17
                 ;	i -> R17
000157 24cc      	CLR  R12
000158 24dd      	CLR  R13
                 ; 0000 00F4           leftMotorOn=0;
000159 e0e0      	LDI  R30,LOW(0)
00015a 93e0 0268 	STS  _leftMotorOn,R30
00015c 93e0 0269 	STS  _leftMotorOn+1,R30
                 ; 0000 00F5     delay_ms(10);
00015e 940e 02a6 	CALL SUBOPT_0x6
                 ; 0000 00F6     for(i=0;i<45;i++)//45 for fast    150 for slow
000160 e010      	LDI  R17,LOW(0)
                 _0x1B:
000161 321d      	CPI  R17,45
000162 f4b8      	BRSH _0x1C
                 ; 0000 00F7     {
                 ; 0000 00F8 
                 ; 0000 00F9     PORTB=step[r_step];
000163 940e 026e 	CALL SUBOPT_0x0
                 ; 0000 00FA     r_step++;
                 ; 0000 00FB     if(r_step>3)r_step=0;
000165 f408      	BRSH _0x1D
000166 2466      	CLR  R6
                 ; 0000 00FC 
                 ; 0000 00FD     PORTD=step_rev[l_step];
                 _0x1D:
000167 2de7      	MOV  R30,R7
000168 e0f0      	LDI  R31,0
000169 59ec      	SUBI R30,LOW(-_step_rev)
00016a 4ffd      	SBCI R31,HIGH(-_step_rev)
00016b 81e0      	LD   R30,Z
00016c bbe2      	OUT  0x12,R30
                 ; 0000 00FE     l_step++;
00016d 9473      	INC  R7
                 ; 0000 00FF     if(l_step > 3)l_step = 0;
00016e e0e3      	LDI  R30,LOW(3)
00016f 15e7      	CP   R30,R7
000170 f408      	BRSH _0x1E
000171 2477      	CLR  R7
                 ; 0000 0100 
                 ; 0000 0101         delay_ms(8);
                 _0x1E:
000172 e0e8      	LDI  R30,LOW(8)
000173 e0f0      	LDI  R31,HIGH(8)
000174 93fa      	ST   -Y,R31
000175 93ea      	ST   -Y,R30
000176 940e 02b7 	CALL _delay_ms
                 ; 0000 0102     }
000178 5f1f      	SUBI R17,-1
000179 cfe7      	RJMP _0x1B
                 _0x1C:
                 ; 0000 0103     delay_ms(10);
00017a 940e 02a6 	CALL SUBOPT_0x6
                 ; 0000 0104     rightMotorOn=1;
00017c 940e 0299 	CALL SUBOPT_0x4
                 ; 0000 0105     leftMotorOn=1;
                 ; 0000 0106 }
00017e 9119      	LD   R17,Y+
00017f 9508      	RET
                 ;void turnRight(void)
                 ; 0000 0108 {
                 ; 0000 0109         unsigned char i;
                 ; 0000 010A 
                 ; 0000 010B     rightMotorOn=0;
                 ;	i -> R17
                 ; 0000 010C           leftMotorOn=0;
                 ; 0000 010D 
                 ; 0000 010E     for(i=0;i<75;i++)
                 ; 0000 010F     {
                 ; 0000 0110 
                 ; 0000 0111     PORTB=step_rev[r_step];
                 ; 0000 0112     r_step++;
                 ; 0000 0113     if(r_step>3)r_step=0;
                 ; 0000 0114 
                 ; 0000 0115     PORTD=step[l_step];
                 ; 0000 0116     l_step++;
                 ; 0000 0117     if(l_step > 3)l_step = 0;
                 ; 0000 0118 
                 ; 0000 0119         delay_ms(4);
                 ; 0000 011A     }
                 ; 0000 011B     rightMotorOn=1;
                 ; 0000 011C     leftMotorOn=1;
                 ; 0000 011D }
                 ;
                 ;void turnLeft(void)
                 ; 0000 0120 {
                 ; 0000 0121     unsigned char i;
                 ; 0000 0122     rightMotorOn=0;
                 ;	i -> R17
                 ; 0000 0123           leftMotorOn=0;
                 ; 0000 0124 
                 ; 0000 0125 
                 ; 0000 0126     for(i=0;i<75;i++)
                 ; 0000 0127     {
                 ; 0000 0128 
                 ; 0000 0129     PORTB=step[r_step];
                 ; 0000 012A     r_step++;
                 ; 0000 012B     if(r_step>3)r_step=0;
                 ; 0000 012C 
                 ; 0000 012D     PORTD=step_rev[l_step];
                 ; 0000 012E     l_step++;
                 ; 0000 012F     if(l_step > 3)l_step = 0;
                 ; 0000 0130 
                 ; 0000 0131         delay_ms(4);
                 ; 0000 0132     }
                 ; 0000 0133 
                 ; 0000 0134     rightMotorOn=1;
                 ; 0000 0135     leftMotorOn=1;
                 ; 0000 0136 
                 ; 0000 0137 }
                 ;
                 ;// Declare your global variables here
                 ;
                 ;void main(void)
                 ; 0000 013C {
                 _main:
                 ; 0000 013D // Declare your local variables here
                 ; 0000 013E 
                 ; 0000 013F // Input/Output Ports initialization
                 ; 0000 0140 // Port A initialization
                 ; 0000 0141 // Func7=In Func6=In Func5=In Func4=In Func3=In Func2=Out Func1=Out Func0=Out
                 ; 0000 0142 // State7=T State6=T State5=T State4=T State3=T State2=0 State1=0 State0=0
                 ; 0000 0143 PORTA=0x00;
000180 e0e0      	LDI  R30,LOW(0)
000181 bbeb      	OUT  0x1B,R30
                 ; 0000 0144 if(SENSOR_TYPE==2)DDRA=0x00;
                 ; 0000 0145 else DDRA=0x07;
000182 e0e7      	LDI  R30,LOW(7)
                 _0x31:
000183 bbea      	OUT  0x1A,R30
                 ; 0000 0146 
                 ; 0000 0147 // Port B initialization
                 ; 0000 0148 // Func7=In Func6=In Func5=In Func4=In Func3=Out Func2=Out Func1=Out Func0=Out
                 ; 0000 0149 // State7=T State6=T State5=T State4=T State3=0 State2=0 State1=0 State0=0
                 ; 0000 014A PORTB=0x00;
000184 e0e0      	LDI  R30,LOW(0)
000185 bbe8      	OUT  0x18,R30
                 ; 0000 014B DDRB=0x0F;
000186 e0ef      	LDI  R30,LOW(15)
000187 bbe7      	OUT  0x17,R30
                 ; 0000 014C 
                 ; 0000 014D // Port C initialization
                 ; 0000 014E // Func7=In Func6=In Func5=In Func4=In Func3=In Func2=In Func1=In Func0=In
                 ; 0000 014F // State7=T State6=T State5=T State4=T State3=T State2=T State1=T State0=T
                 ; 0000 0150 PORTC=0x00;
000188 e0e0      	LDI  R30,LOW(0)
000189 bbe5      	OUT  0x15,R30
                 ; 0000 0151 DDRC=0x00;
00018a bbe4      	OUT  0x14,R30
                 ; 0000 0152 
                 ; 0000 0153 // Port D initialization
                 ; 0000 0154 // Func7=Out Func6=Out Func5=Out Func4=Out Func3=In Func2=In Func1=In Func0=In
                 ; 0000 0155 // State7=0 State6=0 State5=0 State4=0 State3=T State2=T State1=T State0=T
                 ; 0000 0156 PORTD=0x00;
00018b bbe2      	OUT  0x12,R30
                 ; 0000 0157 DDRD=0xF0;
00018c efe0      	LDI  R30,LOW(240)
00018d bbe1      	OUT  0x11,R30
                 ; 0000 0158 initialize();
00018e df8f      	RCALL _initialize
                 ; 0000 0159 
                 ; 0000 015A // Timer/Counter 0 initialization
                 ; 0000 015B // Clock source: System Clock
                 ; 0000 015C // Clock value: 2000.000 kHz
                 ; 0000 015D // Mode: Normal top=FFh
                 ; 0000 015E // OC0 output: Disconnected
                 ; 0000 015F TCCR0=0x02;
00018f e0e2      	LDI  R30,LOW(2)
000190 bfe3      	OUT  0x33,R30
                 ; 0000 0160 TCNT0=0x00;
000191 e0e0      	LDI  R30,LOW(0)
000192 bfe2      	OUT  0x32,R30
                 ; 0000 0161 OCR0=0x00;
000193 bfec      	OUT  0x3C,R30
                 ; 0000 0162 
                 ; 0000 0163 // Timer/Counter 1 initialization
                 ; 0000 0164 // Clock source: System Clock
                 ; 0000 0165 // Clock value: Timer 1 Stopped
                 ; 0000 0166 // Mode: Normal top=FFFFh
                 ; 0000 0167 // OC1A output: Discon.
                 ; 0000 0168 // OC1B output: Discon.
                 ; 0000 0169 // Noise Canceler: Off
                 ; 0000 016A // Input Capture on Falling Edge
                 ; 0000 016B // Timer 1 Overflow Interrupt: Off
                 ; 0000 016C // Input Capture Interrupt: Off
                 ; 0000 016D // Compare A Match Interrupt: Off
                 ; 0000 016E // Compare B Match Interrupt: Off
                 ; 0000 016F TCCR1A=0x00;
000194 bdef      	OUT  0x2F,R30
                 ; 0000 0170 TCCR1B=0x00;
000195 bdee      	OUT  0x2E,R30
                 ; 0000 0171 TCNT1H=0x00;
000196 bded      	OUT  0x2D,R30
                 ; 0000 0172 TCNT1L=0x00;
000197 bdec      	OUT  0x2C,R30
                 ; 0000 0173 ICR1H=0x00;
000198 bde7      	OUT  0x27,R30
                 ; 0000 0174 ICR1L=0x00;
000199 bde6      	OUT  0x26,R30
                 ; 0000 0175 OCR1AH=0x00;
00019a bdeb      	OUT  0x2B,R30
                 ; 0000 0176 OCR1AL=0x00;
00019b bdea      	OUT  0x2A,R30
                 ; 0000 0177 OCR1BH=0x00;
00019c bde9      	OUT  0x29,R30
                 ; 0000 0178 OCR1BL=0x00;
00019d bde8      	OUT  0x28,R30
                 ; 0000 0179 
                 ; 0000 017A // Timer/Counter 2 initialization
                 ; 0000 017B // Clock source: System Clock
                 ; 0000 017C // Clock value: 2000.000 kHz
                 ; 0000 017D // Mode: Normal top=FFh
                 ; 0000 017E // OC2 output: Disconnected
                 ; 0000 017F ASSR=0x00;
00019e bde2      	OUT  0x22,R30
                 ; 0000 0180 TCCR2=0x02;
00019f e0e2      	LDI  R30,LOW(2)
0001a0 bde5      	OUT  0x25,R30
                 ; 0000 0181 TCNT2=0x00;
0001a1 e0e0      	LDI  R30,LOW(0)
0001a2 bde4      	OUT  0x24,R30
                 ; 0000 0182 OCR2=0x00;
0001a3 bde3      	OUT  0x23,R30
                 ; 0000 0183 
                 ; 0000 0184 // External Interrupt(s) initialization
                 ; 0000 0185 // INT0: Off
                 ; 0000 0186 // INT1: Off
                 ; 0000 0187 // INT2: Off
                 ; 0000 0188 MCUCR=0x00;
0001a4 bfe5      	OUT  0x35,R30
                 ; 0000 0189 MCUCSR=0x00;
0001a5 bfe4      	OUT  0x34,R30
                 ; 0000 018A 
                 ; 0000 018B // Timer(s)/Counter(s) Interrupt(s) initialization
                 ; 0000 018C TIMSK=0x41;
0001a6 e4e1      	LDI  R30,LOW(65)
0001a7 bfe9      	OUT  0x39,R30
                 ; 0000 018D 
                 ; 0000 018E // USART initialization
                 ; 0000 018F // Communication Parameters: 8 Data, 1 Stop, No Parity
                 ; 0000 0190 // USART Receiver: Off
                 ; 0000 0191 // USART Transmitter: On
                 ; 0000 0192 // USART Mode: Asynchronous
                 ; 0000 0193 // USART Baud Rate: 19200
                 ; 0000 0194 UCSRA=0x00;
0001a8 e0e0      	LDI  R30,LOW(0)
0001a9 b9eb      	OUT  0xB,R30
                 ; 0000 0195 UCSRB=0x08;
0001aa e0e8      	LDI  R30,LOW(8)
0001ab b9ea      	OUT  0xA,R30
                 ; 0000 0196 UCSRC=0x86;
0001ac e8e6      	LDI  R30,LOW(134)
0001ad bde0      	OUT  0x20,R30
                 ; 0000 0197 UBRRH=0x00;
0001ae e0e0      	LDI  R30,LOW(0)
0001af bde0      	OUT  0x20,R30
                 ; 0000 0198 UBRRL=0x33;
0001b0 e3e3      	LDI  R30,LOW(51)
0001b1 b9e9      	OUT  0x9,R30
                 ; 0000 0199 
                 ; 0000 019A // Analog Comparator initialization
                 ; 0000 019B // Analog Comparator: Off
                 ; 0000 019C // Analog Comparator Input Capture by Timer/Counter 1: Off
                 ; 0000 019D ACSR=0x80;
0001b2 e8e0      	LDI  R30,LOW(128)
0001b3 b9e8      	OUT  0x8,R30
                 ; 0000 019E SFIOR=0x00;
0001b4 e0e0      	LDI  R30,LOW(0)
0001b5 bfe0      	OUT  0x30,R30
                 ; 0000 019F 
                 ; 0000 01A0 // ADC initialization
                 ; 0000 01A1 // ADC Clock frequency: 125.000 kHz
                 ; 0000 01A2 // ADC Voltage Reference: Int., cap. on AREF
                 ; 0000 01A3 // ADC Auto Trigger Source: None
                 ; 0000 01A4 // Only the 8 most significant bits of
                 ; 0000 01A5 // the AD conversion result are used
                 ; 0000 01A6 ADMUX=ADC_VREF_TYPE & 0xff;
0001b6 e6e0      	LDI  R30,LOW(96)
0001b7 b9e7      	OUT  0x7,R30
                 ; 0000 01A7 ADCSRA=0x87;
0001b8 e8e7      	LDI  R30,LOW(135)
0001b9 b9e6      	OUT  0x6,R30
                 ; 0000 01A8 
                 ; 0000 01A9 // LCD module initialization
                 ; 0000 01AA lcd_init(16);
0001ba e1e0      	LDI  R30,LOW(16)
0001bb 93ea      	ST   -Y,R30
0001bc 940e 0235 	CALL _lcd_init
                 ; 0000 01AB 
                 ; 0000 01AC // Global enable interrupts
                 ; 0000 01AD #asm("sei")
0001be 9478      	sei
                 ; 0000 01AE //turnBack();
                 ; 0000 01AF //rightMotorOn=0;
                 ; 0000 01B0 //leftMotorOn=0;
                 ; 0000 01B1 while (1)
                 _0x2B:
                 ; 0000 01B2       {
                 ; 0000 01B3        //Place your code here
                 ; 0000 01B4 //      if(center>90 && left <15)
                 ; 0000 01B5 //        turnLeft();
                 ; 0000 01B6 //       else
                 ; 0000 01B7 //      if(center>90 && right <15)
                 ; 0000 01B8 //        turnRight();
                 ; 0000 01B9 //        else
                 ; 0000 01BA       if(center>30)
0001bf 91a0 026e 	LDS  R26,_center
0001c1 91b0 026f 	LDS  R27,_center+1
0001c3 975f      	SBIW R26,31
0001c4 f008      	BRLO _0x2E
                 ; 0000 01BB          {
                 ; 0000 01BC           //turnRight();
                 ; 0000 01BD           //turnRight();
                 ; 0000 01BE           turnBack();
0001c5 df90      	RCALL _turnBack
                 ; 0000 01BF            //rightMotorOn=0;
                 ; 0000 01C0            //leftMotorOn=0;
                 ; 0000 01C1          }
                 ; 0000 01C2 
                 ; 0000 01C3 
                 ; 0000 01C4       };
                 _0x2E:
0001c6 cff8      	RJMP _0x2B
                 ; 0000 01C5 }
                 _0x2F:
0001c7 cfff      	RJMP _0x2F
                 	#ifndef __SLEEP_DEFINED__
                 	#endif
                 
                 	.CSEG
                 _putchar:
0001c8 9b5d           sbis usr,udre
0001c9 cffe           rjmp _putchar
0001ca 81e8           ld   r30,y
0001cb b9ec           out  udr,r30
0001cc 940c 026c 	JMP  _0x2080001
                     .equ __lcd_direction=__lcd_port-1
                     .equ __lcd_pin=__lcd_port-2
                     .equ __lcd_rs=0
                     .equ __lcd_rd=1
                     .equ __lcd_enable=2
                     .equ __lcd_busy_flag=7
                 
                 	.DSEG
                 
                 	.CSEG
                 __lcd_delay_G101:
0001ce e0ff          ldi   r31,15
                 __lcd_delay0:
0001cf 95fa          dec   r31
0001d0 f7f1          brne  __lcd_delay0
0001d1 9508      	RET
                 __lcd_ready:
0001d2 b3a4          in    r26,__lcd_direction
0001d3 70af          andi  r26,0xf                 ;set as input
0001d4 bba4          out   __lcd_direction,r26
0001d5 9aa9          sbi   __lcd_port,__lcd_rd     ;RD=1
0001d6 98a8          cbi   __lcd_port,__lcd_rs     ;RS=0
                 __lcd_busy:
0001d7 dff6      	RCALL __lcd_delay_G101
0001d8 9aaa          sbi   __lcd_port,__lcd_enable ;EN=1
0001d9 dff4      	RCALL __lcd_delay_G101
0001da b3a3          in    r26,__lcd_pin
0001db 98aa          cbi   __lcd_port,__lcd_enable ;EN=0
0001dc dff1      	RCALL __lcd_delay_G101
0001dd 9aaa          sbi   __lcd_port,__lcd_enable ;EN=1
0001de dfef      	RCALL __lcd_delay_G101
0001df 98aa          cbi   __lcd_port,__lcd_enable ;EN=0
0001e0 fda7          sbrc  r26,__lcd_busy_flag
0001e1 cff5          rjmp  __lcd_busy
0001e2 9508      	RET
                 __lcd_write_nibble_G101:
0001e3 7fa0          andi  r26,0xf0
0001e4 2bab          or    r26,r27
0001e5 bba5          out   __lcd_port,r26          ;write
0001e6 9aaa          sbi   __lcd_port,__lcd_enable ;EN=1
0001e7 940e 01ce 	CALL __lcd_delay_G101
0001e9 98aa          cbi   __lcd_port,__lcd_enable ;EN=0
0001ea 940e 01ce 	CALL __lcd_delay_G101
0001ec 9508      	RET
                 __lcd_write_data:
0001ed 98a9          cbi  __lcd_port,__lcd_rd 	  ;RD=0
0001ee b3a4          in    r26,__lcd_direction
0001ef 6fa7          ori   r26,0xf0 | (1<<__lcd_rs) | (1<<__lcd_rd) | (1<<__lcd_enable) ;set as output
0001f0 bba4          out   __lcd_direction,r26
0001f1 b3b5          in    r27,__lcd_port
0001f2 70bf          andi  r27,0xf
0001f3 81a8          ld    r26,y
0001f4 dfee      	RCALL __lcd_write_nibble_G101
0001f5 81a8          ld    r26,y
0001f6 95a2          swap  r26
0001f7 dfeb      	RCALL __lcd_write_nibble_G101
0001f8 9aa9          sbi   __lcd_port,__lcd_rd     ;RD=1
0001f9 940c 026c 	JMP  _0x2080001
                 __lcd_read_nibble_G101:
0001fb 9aaa          sbi   __lcd_port,__lcd_enable ;EN=1
0001fc 940e 01ce 	CALL __lcd_delay_G101
0001fe b3e3          in    r30,__lcd_pin           ;read
0001ff 98aa          cbi   __lcd_port,__lcd_enable ;EN=0
000200 940e 01ce 	CALL __lcd_delay_G101
000202 7fe0          andi  r30,0xf0
000203 9508      	RET
                 _lcd_read_byte0_G101:
000204 940e 01ce 	CALL __lcd_delay_G101
000206 dff4      	RCALL __lcd_read_nibble_G101
000207 2fae          mov   r26,r30
000208 dff2      	RCALL __lcd_read_nibble_G101
000209 98a9          cbi   __lcd_port,__lcd_rd     ;RD=0
00020a 95e2          swap  r30
00020b 2bea          or    r30,r26
00020c 9508      	RET
                 _lcd_clear:
00020d 940e 01d2 	CALL __lcd_ready
00020f e0e2      	LDI  R30,LOW(2)
000210 93ea      	ST   -Y,R30
000211 940e 01ed 	CALL __lcd_write_data
000213 940e 01d2 	CALL __lcd_ready
000215 e0ec      	LDI  R30,LOW(12)
000216 93ea      	ST   -Y,R30
000217 940e 01ed 	CALL __lcd_write_data
000219 940e 01d2 	CALL __lcd_ready
00021b e0e1      	LDI  R30,LOW(1)
00021c 93ea      	ST   -Y,R30
00021d 940e 01ed 	CALL __lcd_write_data
00021f e0e0      	LDI  R30,LOW(0)
000220 93e0 027a 	STS  __lcd_y,R30
000222 93e0 0279 	STS  __lcd_x,R30
000224 9508      	RET
                 __long_delay_G101:
000225 27aa          clr   r26
000226 27bb          clr   r27
                 __long_delay0:
000227 9711          sbiw  r26,1         ;2 cycles
000228 f7f1          brne  __long_delay0 ;2 cycles
000229 9508      	RET
                 __lcd_init_write_G101:
00022a 98a9          cbi  __lcd_port,__lcd_rd 	  ;RD=0
00022b b3a4          in    r26,__lcd_direction
00022c 6fa7          ori   r26,0xf7                ;set as output
00022d bba4          out   __lcd_direction,r26
00022e b3b5          in    r27,__lcd_port
00022f 70bf          andi  r27,0xf
000230 81a8          ld    r26,y
000231 940e 01e3 	CALL __lcd_write_nibble_G101
000233 9aa9          sbi   __lcd_port,__lcd_rd     ;RD=1
000234 c037      	RJMP _0x2080001
                 _lcd_init:
000235 98aa          cbi   __lcd_port,__lcd_enable ;EN=0
000236 98a8          cbi   __lcd_port,__lcd_rs     ;RS=0
000237 81e8      	LD   R30,Y
000238 93e0 027b 	STS  __lcd_maxx,R30
00023a e0f0      	LDI  R31,0
00023b 58e0      	SUBI R30,LOW(-128)
00023c 4fff      	SBCI R31,HIGH(-128)
                +
00023d 93e0 0277+STS __base_y_G101 + 2 , R30
                 	__PUTB1MN __base_y_G101,2
00023f 81e8      	LD   R30,Y
000240 e0f0      	LDI  R31,0
000241 54e0      	SUBI R30,LOW(-192)
000242 4fff      	SBCI R31,HIGH(-192)
                +
000243 93e0 0278+STS __base_y_G101 + 3 , R30
                 	__PUTB1MN __base_y_G101,3
000245 940e 02ac 	CALL SUBOPT_0x7
000247 940e 02ac 	CALL SUBOPT_0x7
000249 940e 02ac 	CALL SUBOPT_0x7
00024b dfd9      	RCALL __long_delay_G101
00024c e2e0      	LDI  R30,LOW(32)
00024d 93ea      	ST   -Y,R30
00024e dfdb      	RCALL __lcd_init_write_G101
00024f dfd5      	RCALL __long_delay_G101
000250 e2e8      	LDI  R30,LOW(40)
000251 940e 02b2 	CALL SUBOPT_0x8
000253 e0e4      	LDI  R30,LOW(4)
000254 940e 02b2 	CALL SUBOPT_0x8
000256 e8e5      	LDI  R30,LOW(133)
000257 940e 02b2 	CALL SUBOPT_0x8
000259 b3a4          in    r26,__lcd_direction
00025a 70af          andi  r26,0xf                 ;set as input
00025b bba4          out   __lcd_direction,r26
00025c 9aa9          sbi   __lcd_port,__lcd_rd     ;RD=1
00025d 940e 0204 	CALL _lcd_read_byte0_G101
00025f 30e5      	CPI  R30,LOW(0x5)
000260 f011      	BREQ _0x202000B
000261 e0e0      	LDI  R30,LOW(0)
000262 c009      	RJMP _0x2080001
                 _0x202000B:
000263 940e 01d2 	CALL __lcd_ready
000265 e0e6      	LDI  R30,LOW(6)
000266 93ea      	ST   -Y,R30
000267 940e 01ed 	CALL __lcd_write_data
000269 940e 020d 	CALL _lcd_clear
00026b e0e1      	LDI  R30,LOW(1)
                 _0x2080001:
00026c 9621      	ADIW R28,1
00026d 9508      	RET
                 
                 	.CSEG
                 
                 	.CSEG
                 
                 	.DSEG
                 _step:
000260           	.BYTE 0x4
                 _step_rev:
000264           	.BYTE 0x4
                 _leftMotorOn:
000268           	.BYTE 0x2
                 _left:
00026a           	.BYTE 0x2
                 _right:
00026c           	.BYTE 0x2
                 _center:
00026e           	.BYTE 0x2
                 _error:
000270           	.BYTE 0x2
                 _error0:
000272           	.BYTE 0x2
                 _ADC_CENTER:
000274           	.BYTE 0x1
                 __base_y_G101:
000275           	.BYTE 0x4
                 __lcd_x:
000279           	.BYTE 0x1
                 __lcd_y:
00027a           	.BYTE 0x1
                 __lcd_maxx:
00027b           	.BYTE 0x1
                 _p_S1030024:
00027c           	.BYTE 0x2
                 
                 	.CSEG
                 ;OPTIMIZER ADDED SUBROUTINE, CALLED 2 TIMES, CODE SIZE REDUCTION:6 WORDS
                 SUBOPT_0x0:
00026e 2de6      	MOV  R30,R6
00026f e0f0      	LDI  R31,0
000270 5ae0      	SUBI R30,LOW(-_step)
000271 4ffd      	SBCI R31,HIGH(-_step)
000272 81e0      	LD   R30,Z
000273 bbe8      	OUT  0x18,R30
000274 9463      	INC  R6
000275 e0e3      	LDI  R30,LOW(3)
000276 15e6      	CP   R30,R6
000277 9508      	RET
                 
                 ;OPTIMIZER ADDED SUBROUTINE, CALLED 3 TIMES, CODE SIZE REDUCTION:1 WORDS
                 SUBOPT_0x1:
000278 91e0 0270 	LDS  R30,_error
00027a 91f0 0271 	LDS  R31,_error+1
00027c 9508      	RET
                 
                 ;OPTIMIZER ADDED SUBROUTINE, CALLED 3 TIMES, CODE SIZE REDUCTION:1 WORDS
                 SUBOPT_0x2:
00027d 91a0 026c 	LDS  R26,_right
00027f 91b0 026d 	LDS  R27,_right+1
000281 9508      	RET
                 
                 ;OPTIMIZER ADDED SUBROUTINE, CALLED 2 TIMES, CODE SIZE REDUCTION:18 WORDS
                 SUBOPT_0x3:
000282 2d6a      	MOV  R22,R10
000283 2777      	CLR  R23
000284 91a0 0270 	LDS  R26,_error
000286 91b0 0271 	LDS  R27,_error+1
000288 e1e0      	LDI  R30,LOW(16)
000289 e0f0      	LDI  R31,HIGH(16)
00028a 940e 02da 	CALL __DIVW21
00028c 010f      	MOVW R0,R30
00028d 91a0 0272 	LDS  R26,_error0
00028f 91b0 0273 	LDS  R27,_error0+1
000291 dfe6      	RCALL SUBOPT_0x1
000292 1bea      	SUB  R30,R26
000293 0bfb      	SBC  R31,R27
000294 0fee      	LSL  R30
000295 1fff      	ROL  R31
000296 0de0      	ADD  R30,R0
000297 1df1      	ADC  R31,R1
000298 9508      	RET
                 
                 ;OPTIMIZER ADDED SUBROUTINE, CALLED 2 TIMES, CODE SIZE REDUCTION:4 WORDS
                 SUBOPT_0x4:
000299 e0e1      	LDI  R30,LOW(1)
00029a e0f0      	LDI  R31,HIGH(1)
00029b 016f      	MOVW R12,R30
00029c 93e0 0268 	STS  _leftMotorOn,R30
00029e 93f0 0269 	STS  _leftMotorOn+1,R31
0002a0 9508      	RET
                 
                 ;OPTIMIZER ADDED SUBROUTINE, CALLED 3 TIMES, CODE SIZE REDUCTION:5 WORDS
                 SUBOPT_0x5:
0002a1 93ea      	ST   -Y,R30
0002a2 940e 0111 	CALL _read_adc
0002a4 e0f0      	LDI  R31,0
0002a5 9508      	RET
                 
                 ;OPTIMIZER ADDED SUBROUTINE, CALLED 2 TIMES, CODE SIZE REDUCTION:1 WORDS
                 SUBOPT_0x6:
0002a6 e0ea      	LDI  R30,LOW(10)
0002a7 e0f0      	LDI  R31,HIGH(10)
0002a8 93fa      	ST   -Y,R31
0002a9 93ea      	ST   -Y,R30
0002aa 940c 02b7 	JMP  _delay_ms
                 
                 ;OPTIMIZER ADDED SUBROUTINE, CALLED 3 TIMES, CODE SIZE REDUCTION:5 WORDS
                 SUBOPT_0x7:
0002ac 940e 0225 	CALL __long_delay_G101
0002ae e3e0      	LDI  R30,LOW(48)
0002af 93ea      	ST   -Y,R30
0002b0 940c 022a 	JMP  __lcd_init_write_G101
                 
                 ;OPTIMIZER ADDED SUBROUTINE, CALLED 3 TIMES, CODE SIZE REDUCTION:3 WORDS
                 SUBOPT_0x8:
0002b2 93ea      	ST   -Y,R30
0002b3 940e 01ed 	CALL __lcd_write_data
0002b5 940c 0225 	JMP  __long_delay_G101
                 
                 
                 	.CSEG
                 _delay_ms:
0002b7 91e9      	ld   r30,y+
0002b8 91f9      	ld   r31,y+
0002b9 9630      	adiw r30,0
0002ba f039      	breq __delay_ms1
                 __delay_ms0:
                +
0002bb ea80     +LDI R24 , LOW ( 0xFA0 )
0002bc e09f     +LDI R25 , HIGH ( 0xFA0 )
                +__DELAY_USW_LOOP :
0002bd 9701     +SBIW R24 , 1
0002be f7f1     +BRNE __DELAY_USW_LOOP
                 	__DELAY_USW 0xFA0
0002bf 95a8      	wdr
0002c0 9731      	sbiw r30,1
0002c1 f7c9      	brne __delay_ms0
                 __delay_ms1:
0002c2 9508      	ret
                 
                 __ANEGW1:
0002c3 95f1      	NEG  R31
0002c4 95e1      	NEG  R30
0002c5 40f0      	SBCI R31,0
0002c6 9508      	RET
                 
                 __DIVW21U:
0002c7 2400      	CLR  R0
0002c8 2411      	CLR  R1
0002c9 e190      	LDI  R25,16
                 __DIVW21U1:
0002ca 0faa      	LSL  R26
0002cb 1fbb      	ROL  R27
0002cc 1c00      	ROL  R0
0002cd 1c11      	ROL  R1
0002ce 1a0e      	SUB  R0,R30
0002cf 0a1f      	SBC  R1,R31
0002d0 f418      	BRCC __DIVW21U2
0002d1 0e0e      	ADD  R0,R30
0002d2 1e1f      	ADC  R1,R31
0002d3 c001      	RJMP __DIVW21U3
                 __DIVW21U2:
0002d4 60a1      	SBR  R26,1
                 __DIVW21U3:
0002d5 959a      	DEC  R25
0002d6 f799      	BRNE __DIVW21U1
0002d7 01fd      	MOVW R30,R26
0002d8 01d0      	MOVW R26,R0
0002d9 9508      	RET
                 
                 __DIVW21:
0002da d004      	RCALL __CHKSIGNW
0002db dfeb      	RCALL __DIVW21U
0002dc f40e      	BRTC __DIVW211
0002dd dfe5      	RCALL __ANEGW1
                 __DIVW211:
0002de 9508      	RET
                 
                 __CHKSIGNW:
0002df 94e8      	CLT
0002e0 fff7      	SBRS R31,7
0002e1 c002      	RJMP __CHKSW1
0002e2 dfe0      	RCALL __ANEGW1
0002e3 9468      	SET
                 __CHKSW1:
0002e4 ffb7      	SBRS R27,7
0002e5 c006      	RJMP __CHKSW2
0002e6 95a0      	COM  R26
0002e7 95b0      	COM  R27
0002e8 9611      	ADIW R26,1
0002e9 f800      	BLD  R0,0
0002ea 9403      	INC  R0
0002eb fa00      	BST  R0,0
                 __CHKSW2:
0002ec 9508      	RET
                 
                 __SAVELOCR4:
0002ed 933a      	ST   -Y,R19
                 __SAVELOCR3:
0002ee 932a      	ST   -Y,R18
                 __SAVELOCR2:
0002ef 931a      	ST   -Y,R17
0002f0 930a      	ST   -Y,R16
0002f1 9508      	RET
                 
                 __LOADLOCR4:
0002f2 813b      	LDD  R19,Y+3
                 __LOADLOCR3:
0002f3 812a      	LDD  R18,Y+2
                 __LOADLOCR2:
0002f4 8119      	LDD  R17,Y+1
0002f5 8108      	LD   R16,Y
0002f6 9508      	RET
                 
                 ;END OF CODE MARKER
                 __END_OF_CODE:


RESOURCE USE INFORMATION
------------------------

Notice:
The register and instruction counts are symbol table hit counts,
and hence implicitly used resources are not counted, eg, the
'lpm' instruction without operands implicitly uses r0 and z,
none of which are counted.

x,y,z are separate entities in the symbol table and are
counted separately from r26..r31 here.

.dseg memory usage only counts static data declared with .byte

ATmega32 register use summary:
r0 :  20 r1 :   8 r2 :   0 r3 :   0 r4 :   3 r5 :   3 r6 :   6 r7 :   9 
r8 :   4 r9 :   4 r10:   3 r11:   4 r12:   3 r13:   2 r14:   0 r15:   2 
r16:   3 r17:   7 r18:   3 r19:   3 r20:   0 r21:   0 r22:   7 r23:   3 
r24:  13 r25:   7 r26:  53 r27:  23 r28:   3 r29:   1 r30: 206 r31:  50 
x  :   3 y  :  68 z  :  10 
Registers used: 30 out of 35 (85.7%)

ATmega32 instruction use summary:
adc   :   2 add   :   3 adiw  :   4 and   :   0 andi  :   6 asr   :   0 
bclr  :   0 bld   :   1 brbc  :   0 brbs  :   0 brcc  :   1 brcs  :   0 
break :   0 breq  :   3 brge  :   0 brhc  :   0 brhs  :   0 brid  :   0 
brie  :   0 brlo  :   2 brlt  :   0 brmi  :   0 brne  :  11 brpl  :   0 
brsh  :   9 brtc  :   1 brts  :   0 brvc  :   0 brvs  :   0 bset  :   0 
bst   :   1 call  :  45 cbi   :  10 cbr   :   0 clc   :   0 clh   :   0 
cli   :   1 cln   :   0 clr   :  21 cls   :   0 clt   :   1 clv   :   0 
clz   :   0 com   :   2 cp    :   6 cpc   :   0 cpi   :   2 cpse  :   0 
dec   :   4 des   :   0 eor   :   0 fmul  :   0 fmuls :   0 fmulsu:   0 
icall :   0 ijmp  :   0 in    :  11 inc   :   7 jmp   :  29 ld    :  30 
ldd   :   3 ldi   :  81 lds   :  23 lpm   :   7 lsl   :   2 lsr   :   0 
mov   :  10 movw  :  10 mul   :   0 muls  :   0 mulsu :   0 neg   :   2 
nop   :   0 or    :   3 ori   :   3 out   :  57 pop   :   0 push  :   0 
rcall :  23 ret   :  24 reti  :   2 rjmp  :  16 rol   :   4 ror   :   0 
sbc   :   4 sbci  :   6 sbi   :  10 sbic  :   0 sbis  :   2 sbiw  :  10 
sbr   :   1 sbrc  :   1 sbrs  :   2 sec   :   0 seh   :   0 sei   :   1 
sen   :   0 ser   :   0 ses   :   0 set   :   1 sev   :   0 sez   :   0 
sleep :   0 spm   :   0 st    :  41 std   :   0 sts   :  27 sub   :   5 
subi  :   6 swap  :   2 tst   :   0 wdr   :   1 
Instructions used: 57 out of 112 (50.9%)

ATmega32 memory use summary [bytes]:
Segment   Begin    End      Code   Data   Used    Size   Use%
---------------------------------------------------------------
[.cseg] 0x000000 0x0005ee   1454     64   1518   32768   4.6%
[.dseg] 0x000060 0x00027e      0     30     30    2048   1.5%
[.eseg] 0x000000 0x000000      0      0      0    1024   0.0%

Assembly complete, 0 errors, 11 warnings
