
AVRASM ver. 2.1.17  C:\Documents and Settings\Shaunak\My Documents\code vision avr projects\MM2\List\ADC.asm Mon Dec 08 18:00:48 2008

C:\Documents and Settings\Shaunak\My Documents\code vision avr projects\MM2\List\ADC.asm(1016): warning: Register r5 already defined by the .DEF directive
C:\Documents and Settings\Shaunak\My Documents\code vision avr projects\MM2\List\ADC.asm(1017): warning: Register r4 already defined by the .DEF directive
C:\Documents and Settings\Shaunak\My Documents\code vision avr projects\MM2\List\ADC.asm(1018): warning: Register r7 already defined by the .DEF directive
C:\Documents and Settings\Shaunak\My Documents\code vision avr projects\MM2\List\ADC.asm(1019): warning: Register r6 already defined by the .DEF directive
C:\Documents and Settings\Shaunak\My Documents\code vision avr projects\MM2\List\ADC.asm(1020): warning: Register r9 already defined by the .DEF directive
C:\Documents and Settings\Shaunak\My Documents\code vision avr projects\MM2\List\ADC.asm(1021): warning: Register r8 already defined by the .DEF directive
C:\Documents and Settings\Shaunak\My Documents\code vision avr projects\MM2\List\ADC.asm(1022): warning: Register r10 already defined by the .DEF directive
C:\Documents and Settings\Shaunak\My Documents\code vision avr projects\MM2\List\ADC.asm(1023): warning: Register r12 already defined by the .DEF directive
                 
                 
                 ;CodeVisionAVR C Compiler V2.03.8a Evaluation
                 ;(C) Copyright 1998-2008 Pavel Haiduc, HP InfoTech s.r.l.
                 ;http://www.hpinfotech.com
                 
                 ;Chip type              : ATmega16
                 ;Program type           : Application
                 ;Clock frequency        : 16.000000 MHz
                 ;Memory model           : Small
                 ;Optimize for           : Size
                 ;(s)printf features     : int, width
                 ;(s)scanf features      : int, width
                 ;External RAM size      : 0
                 ;Data Stack size        : 256 byte(s)
                 ;Heap size              : 0 byte(s)
                 ;Promote char to int    : Yes
                 ;char is unsigned       : Yes
                 ;global const stored in FLASH  : No
                 ;8 bit enums            : Yes
                 ;Enhanced core instructions    : On
                 ;Smart register allocation : On
                 ;Automatic register allocation : On
                 
                 	#pragma AVRPART ADMIN PART_NAME ATmega16
                 	#pragma AVRPART MEMORY PROG_FLASH 16384
                 	#pragma AVRPART MEMORY EEPROM 512
                 	#pragma AVRPART MEMORY INT_SRAM SIZE 1024
                 	#pragma AVRPART MEMORY INT_SRAM START_ADDR 0x60
                 
                 	.LISTMAC
                 	.EQU UDRE=0x5
                 	.EQU RXC=0x7
                 	.EQU USR=0xB
                 	.EQU UDR=0xC
                 	.EQU SPSR=0xE
                 	.EQU SPDR=0xF
                 	.EQU EERE=0x0
                 	.EQU EEWE=0x1
                 	.EQU EEMWE=0x2
                 	.EQU EECR=0x1C
                 	.EQU EEDR=0x1D
                 	.EQU EEARL=0x1E
                 	.EQU EEARH=0x1F
                 	.EQU WDTCR=0x21
                 	.EQU MCUCR=0x35
                 	.EQU GICR=0x3B
                 	.EQU SPL=0x3D
                 	.EQU SPH=0x3E
                 	.EQU SREG=0x3F
                 
                 	.DEF R0X0=R0
                 	.DEF R0X1=R1
                 	.DEF R0X2=R2
                 	.DEF R0X3=R3
                 	.DEF R0X4=R4
                 	.DEF R0X5=R5
                 	.DEF R0X6=R6
                 	.DEF R0X7=R7
                 	.DEF R0X8=R8
                 	.DEF R0X9=R9
                 	.DEF R0XA=R10
                 	.DEF R0XB=R11
                 	.DEF R0XC=R12
                 	.DEF R0XD=R13
                 	.DEF R0XE=R14
                 	.DEF R0XF=R15
                 	.DEF R0X10=R16
                 	.DEF R0X11=R17
                 	.DEF R0X12=R18
                 	.DEF R0X13=R19
                 	.DEF R0X14=R20
                 	.DEF R0X15=R21
                 	.DEF R0X16=R22
                 	.DEF R0X17=R23
                 	.DEF R0X18=R24
                 	.DEF R0X19=R25
                 	.DEF R0X1A=R26
                 	.DEF R0X1B=R27
                 	.DEF R0X1C=R28
                 	.DEF R0X1D=R29
                 	.DEF R0X1E=R30
                 	.DEF R0X1F=R31
                 
                 	.MACRO __CPD1N
                 	CPI  R30,LOW(@0)
                 	LDI  R26,HIGH(@0)
                 	CPC  R31,R26
                 	LDI  R26,BYTE3(@0)
                 	CPC  R22,R26
                 	LDI  R26,BYTE4(@0)
                 	CPC  R23,R26
                 	.ENDM
                 
                 	.MACRO __CPD2N
                 	CPI  R26,LOW(@0)
                 	LDI  R30,HIGH(@0)
                 	CPC  R27,R30
                 	LDI  R30,BYTE3(@0)
                 	CPC  R24,R30
                 	LDI  R30,BYTE4(@0)
                 	CPC  R25,R30
                 	.ENDM
                 
                 	.MACRO __CPWRR
                 	CP   R@0,R@2
                 	CPC  R@1,R@3
                 	.ENDM
                 
                 	.MACRO __CPWRN
                 	CPI  R@0,LOW(@2)
                 	LDI  R30,HIGH(@2)
                 	CPC  R@1,R30
                 	.ENDM
                 
                 	.MACRO __ADDB1MN
                 	SUBI R30,LOW(-@0-(@1))
                 	.ENDM
                 
                 	.MACRO __ADDB2MN
                 	SUBI R26,LOW(-@0-(@1))
                 	.ENDM
                 
                 	.MACRO __ADDW1MN
                 	SUBI R30,LOW(-@0-(@1))
                 	SBCI R31,HIGH(-@0-(@1))
                 	.ENDM
                 
                 	.MACRO __ADDW2MN
                 	SUBI R26,LOW(-@0-(@1))
                 	SBCI R27,HIGH(-@0-(@1))
                 	.ENDM
                 
                 	.MACRO __ADDW1FN
                 	SUBI R30,LOW(-2*@0-(@1))
                 	SBCI R31,HIGH(-2*@0-(@1))
                 	.ENDM
                 
                 	.MACRO __ADDD1FN
                 	SUBI R30,LOW(-2*@0-(@1))
                 	SBCI R31,HIGH(-2*@0-(@1))
                 	SBCI R22,BYTE3(-2*@0-(@1))
                 	.ENDM
                 
                 	.MACRO __ADDD1N
                 	SUBI R30,LOW(-@0)
                 	SBCI R31,HIGH(-@0)
                 	SBCI R22,BYTE3(-@0)
                 	SBCI R23,BYTE4(-@0)
                 	.ENDM
                 
                 	.MACRO __ADDD2N
                 	SUBI R26,LOW(-@0)
                 	SBCI R27,HIGH(-@0)
                 	SBCI R24,BYTE3(-@0)
                 	SBCI R25,BYTE4(-@0)
                 	.ENDM
                 
                 	.MACRO __SUBD1N
                 	SUBI R30,LOW(@0)
                 	SBCI R31,HIGH(@0)
                 	SBCI R22,BYTE3(@0)
                 	SBCI R23,BYTE4(@0)
                 	.ENDM
                 
                 	.MACRO __SUBD2N
                 	SUBI R26,LOW(@0)
                 	SBCI R27,HIGH(@0)
                 	SBCI R24,BYTE3(@0)
                 	SBCI R25,BYTE4(@0)
                 	.ENDM
                 
                 	.MACRO __ANDBMNN
                 	LDS  R30,@0+@1
                 	ANDI R30,LOW(@2)
                 	STS  @0+@1,R30
                 	.ENDM
                 
                 	.MACRO __ANDWMNN
                 	LDS  R30,@0+@1
                 	ANDI R30,LOW(@2)
                 	STS  @0+@1,R30
                 	LDS  R30,@0+@1+1
                 	ANDI R30,HIGH(@2)
                 	STS  @0+@1+1,R30
                 	.ENDM
                 
                 	.MACRO __ANDD1N
                 	ANDI R30,LOW(@0)
                 	ANDI R31,HIGH(@0)
                 	ANDI R22,BYTE3(@0)
                 	ANDI R23,BYTE4(@0)
                 	.ENDM
                 
                 	.MACRO __ANDD2N
                 	ANDI R26,LOW(@0)
                 	ANDI R27,HIGH(@0)
                 	ANDI R24,BYTE3(@0)
                 	ANDI R25,BYTE4(@0)
                 	.ENDM
                 
                 	.MACRO __ORBMNN
                 	LDS  R30,@0+@1
                 	ORI  R30,LOW(@2)
                 	STS  @0+@1,R30
                 	.ENDM
                 
                 	.MACRO __ORWMNN
                 	LDS  R30,@0+@1
                 	ORI  R30,LOW(@2)
                 	STS  @0+@1,R30
                 	LDS  R30,@0+@1+1
                 	ORI  R30,HIGH(@2)
                 	STS  @0+@1+1,R30
                 	.ENDM
                 
                 	.MACRO __ORD1N
                 	ORI  R30,LOW(@0)
                 	ORI  R31,HIGH(@0)
                 	ORI  R22,BYTE3(@0)
                 	ORI  R23,BYTE4(@0)
                 	.ENDM
                 
                 	.MACRO __ORD2N
                 	ORI  R26,LOW(@0)
                 	ORI  R27,HIGH(@0)
                 	ORI  R24,BYTE3(@0)
                 	ORI  R25,BYTE4(@0)
                 	.ENDM
                 
                 	.MACRO __DELAY_USB
                 	LDI  R24,LOW(@0)
                 __DELAY_USB_LOOP:
                 	DEC  R24
                 	BRNE __DELAY_USB_LOOP
                 	.ENDM
                 
                 	.MACRO __DELAY_USW
                 	LDI  R24,LOW(@0)
                 	LDI  R25,HIGH(@0)
                 __DELAY_USW_LOOP:
                 	SBIW R24,1
                 	BRNE __DELAY_USW_LOOP
                 	.ENDM
                 
                 	.MACRO __GETD1S
                 	LDD  R30,Y+@0
                 	LDD  R31,Y+@0+1
                 	LDD  R22,Y+@0+2
                 	LDD  R23,Y+@0+3
                 	.ENDM
                 
                 	.MACRO __PUTD1S
                 	STD  Y+@0,R30
                 	STD  Y+@0+1,R31
                 	STD  Y+@0+2,R22
                 	STD  Y+@0+3,R23
                 	.ENDM
                 
                 	.MACRO __PUTD2S
                 	STD  Y+@0,R26
                 	STD  Y+@0+1,R27
                 	STD  Y+@0+2,R24
                 	STD  Y+@0+3,R25
                 	.ENDM
                 
                 	.MACRO __POINTB1MN
                 	LDI  R30,LOW(@0+@1)
                 	.ENDM
                 
                 	.MACRO __POINTW1MN
                 	LDI  R30,LOW(@0+@1)
                 	LDI  R31,HIGH(@0+@1)
                 	.ENDM
                 
                 	.MACRO __POINTD1M
                 	LDI  R30,LOW(@0)
                 	LDI  R31,HIGH(@0)
                 	LDI  R22,BYTE3(@0)
                 	LDI  R23,BYTE4(@0)
                 	.ENDM
                 
                 	.MACRO __POINTW1FN
                 	LDI  R30,LOW(2*@0+@1)
                 	LDI  R31,HIGH(2*@0+@1)
                 	.ENDM
                 
                 	.MACRO __POINTD1FN
                 	LDI  R30,LOW(2*@0+@1)
                 	LDI  R31,HIGH(2*@0+@1)
                 	LDI  R22,BYTE3(2*@0+@1)
                 	LDI  R23,BYTE4(2*@0+@1)
                 	.ENDM
                 
                 	.MACRO __POINTB2MN
                 	LDI  R26,LOW(@0+@1)
                 	.ENDM
                 
                 	.MACRO __POINTW2MN
                 	LDI  R26,LOW(@0+@1)
                 	LDI  R27,HIGH(@0+@1)
                 	.ENDM
                 
                 	.MACRO __POINTBRM
                 	LDI  R@0,LOW(@1)
                 	.ENDM
                 
                 	.MACRO __POINTWRM
                 	LDI  R@0,LOW(@2)
                 	LDI  R@1,HIGH(@2)
                 	.ENDM
                 
                 	.MACRO __POINTBRMN
                 	LDI  R@0,LOW(@1+@2)
                 	.ENDM
                 
                 	.MACRO __POINTWRMN
                 	LDI  R@0,LOW(@2+@3)
                 	LDI  R@1,HIGH(@2+@3)
                 	.ENDM
                 
                 	.MACRO __POINTWRFN
                 	LDI  R@0,LOW(@2*2+@3)
                 	LDI  R@1,HIGH(@2*2+@3)
                 	.ENDM
                 
                 	.MACRO __GETD1N
                 	LDI  R30,LOW(@0)
                 	LDI  R31,HIGH(@0)
                 	LDI  R22,BYTE3(@0)
                 	LDI  R23,BYTE4(@0)
                 	.ENDM
                 
                 	.MACRO __GETD2N
                 	LDI  R26,LOW(@0)
                 	LDI  R27,HIGH(@0)
                 	LDI  R24,BYTE3(@0)
                 	LDI  R25,BYTE4(@0)
                 	.ENDM
                 
                 	.MACRO __GETD2S
                 	LDD  R26,Y+@0
                 	LDD  R27,Y+@0+1
                 	LDD  R24,Y+@0+2
                 	LDD  R25,Y+@0+3
                 	.ENDM
                 
                 	.MACRO __GETB1MN
                 	LDS  R30,@0+@1
                 	.ENDM
                 
                 	.MACRO __GETB1HMN
                 	LDS  R31,@0+@1
                 	.ENDM
                 
                 	.MACRO __GETW1MN
                 	LDS  R30,@0+@1
                 	LDS  R31,@0+@1+1
                 	.ENDM
                 
                 	.MACRO __GETD1MN
                 	LDS  R30,@0+@1
                 	LDS  R31,@0+@1+1
                 	LDS  R22,@0+@1+2
                 	LDS  R23,@0+@1+3
                 	.ENDM
                 
                 	.MACRO __GETBRMN
                 	LDS  R@0,@1+@2
                 	.ENDM
                 
                 	.MACRO __GETWRMN
                 	LDS  R@0,@2+@3
                 	LDS  R@1,@2+@3+1
                 	.ENDM
                 
                 	.MACRO __GETWRZ
                 	LDD  R@0,Z+@2
                 	LDD  R@1,Z+@2+1
                 	.ENDM
                 
                 	.MACRO __GETD2Z
                 	LDD  R26,Z+@0
                 	LDD  R27,Z+@0+1
                 	LDD  R24,Z+@0+2
                 	LDD  R25,Z+@0+3
                 	.ENDM
                 
                 	.MACRO __GETB2MN
                 	LDS  R26,@0+@1
                 	.ENDM
                 
                 	.MACRO __GETW2MN
                 	LDS  R26,@0+@1
                 	LDS  R27,@0+@1+1
                 	.ENDM
                 
                 	.MACRO __GETD2MN
                 	LDS  R26,@0+@1
                 	LDS  R27,@0+@1+1
                 	LDS  R24,@0+@1+2
                 	LDS  R25,@0+@1+3
                 	.ENDM
                 
                 	.MACRO __PUTB1MN
                 	STS  @0+@1,R30
                 	.ENDM
                 
                 	.MACRO __PUTW1MN
                 	STS  @0+@1,R30
                 	STS  @0+@1+1,R31
                 	.ENDM
                 
                 	.MACRO __PUTD1MN
                 	STS  @0+@1,R30
                 	STS  @0+@1+1,R31
                 	STS  @0+@1+2,R22
                 	STS  @0+@1+3,R23
                 	.ENDM
                 
                 	.MACRO __PUTB1EN
                 	LDI  R26,LOW(@0+@1)
                 	LDI  R27,HIGH(@0+@1)
                 	CALL __EEPROMWRB
                 	.ENDM
                 
                 	.MACRO __PUTW1EN
                 	LDI  R26,LOW(@0+@1)
                 	LDI  R27,HIGH(@0+@1)
                 	CALL __EEPROMWRW
                 	.ENDM
                 
                 	.MACRO __PUTD1EN
                 	LDI  R26,LOW(@0+@1)
                 	LDI  R27,HIGH(@0+@1)
                 	CALL __EEPROMWRD
                 	.ENDM
                 
                 	.MACRO __PUTBR0MN
                 	STS  @0+@1,R0
                 	.ENDM
                 
                 	.MACRO __PUTDZ2
                 	STD  Z+@0,R26
                 	STD  Z+@0+1,R27
                 	STD  Z+@0+2,R24
                 	STD  Z+@0+3,R25
                 	.ENDM
                 
                 	.MACRO __PUTBMRN
                 	STS  @0+@1,R@2
                 	.ENDM
                 
                 	.MACRO __PUTWMRN
                 	STS  @0+@1,R@2
                 	STS  @0+@1+1,R@3
                 	.ENDM
                 
                 	.MACRO __PUTBZR
                 	STD  Z+@1,R@0
                 	.ENDM
                 
                 	.MACRO __PUTWZR
                 	STD  Z+@2,R@0
                 	STD  Z+@2+1,R@1
                 	.ENDM
                 
                 	.MACRO __GETW1R
                 	MOV  R30,R@0
                 	MOV  R31,R@1
                 	.ENDM
                 
                 	.MACRO __GETW2R
                 	MOV  R26,R@0
                 	MOV  R27,R@1
                 	.ENDM
                 
                 	.MACRO __GETWRN
                 	LDI  R@0,LOW(@2)
                 	LDI  R@1,HIGH(@2)
                 	.ENDM
                 
                 	.MACRO __PUTW1R
                 	MOV  R@0,R30
                 	MOV  R@1,R31
                 	.ENDM
                 
                 	.MACRO __PUTW2R
                 	MOV  R@0,R26
                 	MOV  R@1,R27
                 	.ENDM
                 
                 	.MACRO __ADDWRN
                 	SUBI R@0,LOW(-@2)
                 	SBCI R@1,HIGH(-@2)
                 	.ENDM
                 
                 	.MACRO __ADDWRR
                 	ADD  R@0,R@2
                 	ADC  R@1,R@3
                 	.ENDM
                 
                 	.MACRO __SUBWRN
                 	SUBI R@0,LOW(@2)
                 	SBCI R@1,HIGH(@2)
                 	.ENDM
                 
                 	.MACRO __SUBWRR
                 	SUB  R@0,R@2
                 	SBC  R@1,R@3
                 	.ENDM
                 
                 	.MACRO __ANDWRN
                 	ANDI R@0,LOW(@2)
                 	ANDI R@1,HIGH(@2)
                 	.ENDM
                 
                 	.MACRO __ANDWRR
                 	AND  R@0,R@2
                 	AND  R@1,R@3
                 	.ENDM
                 
                 	.MACRO __ORWRN
                 	ORI  R@0,LOW(@2)
                 	ORI  R@1,HIGH(@2)
                 	.ENDM
                 
                 	.MACRO __ORWRR
                 	OR   R@0,R@2
                 	OR   R@1,R@3
                 	.ENDM
                 
                 	.MACRO __EORWRR
                 	EOR  R@0,R@2
                 	EOR  R@1,R@3
                 	.ENDM
                 
                 	.MACRO __GETWRS
                 	LDD  R@0,Y+@2
                 	LDD  R@1,Y+@2+1
                 	.ENDM
                 
                 	.MACRO __PUTWSR
                 	STD  Y+@2,R@0
                 	STD  Y+@2+1,R@1
                 	.ENDM
                 
                 	.MACRO __MOVEWRR
                 	MOV  R@0,R@2
                 	MOV  R@1,R@3
                 	.ENDM
                 
                 	.MACRO __INWR
                 	IN   R@0,@2
                 	IN   R@1,@2+1
                 	.ENDM
                 
                 	.MACRO __OUTWR
                 	OUT  @2+1,R@1
                 	OUT  @2,R@0
                 	.ENDM
                 
                 	.MACRO __CALL1MN
                 	LDS  R30,@0+@1
                 	LDS  R31,@0+@1+1
                 	ICALL
                 	.ENDM
                 
                 	.MACRO __CALL1FN
                 	LDI  R30,LOW(2*@0+@1)
                 	LDI  R31,HIGH(2*@0+@1)
                 	CALL __GETW1PF
                 	ICALL
                 	.ENDM
                 
                 	.MACRO __CALL2EN
                 	LDI  R26,LOW(@0+@1)
                 	LDI  R27,HIGH(@0+@1)
                 	CALL __EEPROMRDW
                 	ICALL
                 	.ENDM
                 
                 	.MACRO __GETW1STACK
                 	IN   R26,SPL
                 	IN   R27,SPH
                 	ADIW R26,@0+1
                 	LD   R30,X+
                 	LD   R31,X
                 	.ENDM
                 
                 	.MACRO __NBST
                 	BST  R@0,@1
                 	IN   R30,SREG
                 	LDI  R31,0x40
                 	EOR  R30,R31
                 	OUT  SREG,R30
                 	.ENDM
                 
                 
                 	.MACRO __PUTB1SN
                 	LDD  R26,Y+@0
                 	LDD  R27,Y+@0+1
                 	SUBI R26,LOW(-@1)
                 	SBCI R27,HIGH(-@1)
                 	ST   X,R30
                 	.ENDM
                 
                 	.MACRO __PUTW1SN
                 	LDD  R26,Y+@0
                 	LDD  R27,Y+@0+1
                 	SUBI R26,LOW(-@1)
                 	SBCI R27,HIGH(-@1)
                 	ST   X+,R30
                 	ST   X,R31
                 	.ENDM
                 
                 	.MACRO __PUTD1SN
                 	LDD  R26,Y+@0
                 	LDD  R27,Y+@0+1
                 	SUBI R26,LOW(-@1)
                 	SBCI R27,HIGH(-@1)
                 	CALL __PUTDP1
                 	.ENDM
                 
                 	.MACRO __PUTB1SNS
                 	LDD  R26,Y+@0
                 	LDD  R27,Y+@0+1
                 	ADIW R26,@1
                 	ST   X,R30
                 	.ENDM
                 
                 	.MACRO __PUTW1SNS
                 	LDD  R26,Y+@0
                 	LDD  R27,Y+@0+1
                 	ADIW R26,@1
                 	ST   X+,R30
                 	ST   X,R31
                 	.ENDM
                 
                 	.MACRO __PUTD1SNS
                 	LDD  R26,Y+@0
                 	LDD  R27,Y+@0+1
                 	ADIW R26,@1
                 	CALL __PUTDP1
                 	.ENDM
                 
                 	.MACRO __PUTB1PMN
                 	LDS  R26,@0
                 	LDS  R27,@0+1
                 	SUBI R26,LOW(-@1)
                 	SBCI R27,HIGH(-@1)
                 	ST   X,R30
                 	.ENDM
                 
                 	.MACRO __PUTW1PMN
                 	LDS  R26,@0
                 	LDS  R27,@0+1
                 	SUBI R26,LOW(-@1)
                 	SBCI R27,HIGH(-@1)
                 	ST   X+,R30
                 	ST   X,R31
                 	.ENDM
                 
                 	.MACRO __PUTD1PMN
                 	LDS  R26,@0
                 	LDS  R27,@0+1
                 	SUBI R26,LOW(-@1)
                 	SBCI R27,HIGH(-@1)
                 	CALL __PUTDP1
                 	.ENDM
                 
                 	.MACRO __PUTB1PMNS
                 	LDS  R26,@0
                 	LDS  R27,@0+1
                 	ADIW R26,@1
                 	ST   X,R30
                 	.ENDM
                 
                 	.MACRO __PUTW1PMNS
                 	LDS  R26,@0
                 	LDS  R27,@0+1
                 	ADIW R26,@1
                 	ST   X+,R30
                 	ST   X,R31
                 	.ENDM
                 
                 	.MACRO __PUTD1PMNS
                 	LDS  R26,@0
                 	LDS  R27,@0+1
                 	ADIW R26,@1
                 	CALL __PUTDP1
                 	.ENDM
                 
                 	.MACRO __PUTB1RN
                 	MOVW R26,R@0
                 	SUBI R26,LOW(-@1)
                 	SBCI R27,HIGH(-@1)
                 	ST   X,R30
                 	.ENDM
                 
                 	.MACRO __PUTW1RN
                 	MOVW R26,R@0
                 	SUBI R26,LOW(-@1)
                 	SBCI R27,HIGH(-@1)
                 	ST   X+,R30
                 	ST   X,R31
                 	.ENDM
                 
                 	.MACRO __PUTD1RN
                 	MOVW R26,R@0
                 	SUBI R26,LOW(-@1)
                 	SBCI R27,HIGH(-@1)
                 	CALL __PUTDP1
                 	.ENDM
                 
                 	.MACRO __PUTB1RNS
                 	MOVW R26,R@0
                 	ADIW R26,@1
                 	ST   X,R30
                 	.ENDM
                 
                 	.MACRO __PUTW1RNS
                 	MOVW R26,R@0
                 	ADIW R26,@1
                 	ST   X+,R30
                 	ST   X,R31
                 	.ENDM
                 
                 	.MACRO __PUTD1RNS
                 	MOVW R26,R@0
                 	ADIW R26,@1
                 	CALL __PUTDP1
                 	.ENDM
                 
                 	.MACRO __PUTB1RON
                 	MOV  R26,R@0
                 	MOV  R27,R@1
                 	SUBI R26,LOW(-@2)
                 	SBCI R27,HIGH(-@2)
                 	ST   X,R30
                 	.ENDM
                 
                 	.MACRO __PUTW1RON
                 	MOV  R26,R@0
                 	MOV  R27,R@1
                 	SUBI R26,LOW(-@2)
                 	SBCI R27,HIGH(-@2)
                 	ST   X+,R30
                 	ST   X,R31
                 	.ENDM
                 
                 	.MACRO __PUTD1RON
                 	MOV  R26,R@0
                 	MOV  R27,R@1
                 	SUBI R26,LOW(-@2)
                 	SBCI R27,HIGH(-@2)
                 	CALL __PUTDP1
                 	.ENDM
                 
                 	.MACRO __PUTB1RONS
                 	MOV  R26,R@0
                 	MOV  R27,R@1
                 	ADIW R26,@2
                 	ST   X,R30
                 	.ENDM
                 
                 	.MACRO __PUTW1RONS
                 	MOV  R26,R@0
                 	MOV  R27,R@1
                 	ADIW R26,@2
                 	ST   X+,R30
                 	ST   X,R31
                 	.ENDM
                 
                 	.MACRO __PUTD1RONS
                 	MOV  R26,R@0
                 	MOV  R27,R@1
                 	ADIW R26,@2
                 	CALL __PUTDP1
                 	.ENDM
                 
                 
                 	.MACRO __GETB1SX
                 	MOVW R30,R28
                 	SUBI R30,LOW(-@0)
                 	SBCI R31,HIGH(-@0)
                 	LD   R30,Z
                 	.ENDM
                 
                 	.MACRO __GETB1HSX
                 	MOVW R30,R28
                 	SUBI R30,LOW(-@0)
                 	SBCI R31,HIGH(-@0)
                 	LD   R31,Z
                 	.ENDM
                 
                 	.MACRO __GETW1SX
                 	MOVW R30,R28
                 	SUBI R30,LOW(-@0)
                 	SBCI R31,HIGH(-@0)
                 	LD   R0,Z+
                 	LD   R31,Z
                 	MOV  R30,R0
                 	.ENDM
                 
                 	.MACRO __GETD1SX
                 	MOVW R30,R28
                 	SUBI R30,LOW(-@0)
                 	SBCI R31,HIGH(-@0)
                 	LD   R0,Z+
                 	LD   R1,Z+
                 	LD   R22,Z+
                 	LD   R23,Z
                 	MOVW R30,R0
                 	.ENDM
                 
                 	.MACRO __GETB2SX
                 	MOVW R26,R28
                 	SUBI R26,LOW(-@0)
                 	SBCI R27,HIGH(-@0)
                 	LD   R26,X
                 	.ENDM
                 
                 	.MACRO __GETW2SX
                 	MOVW R26,R28
                 	SUBI R26,LOW(-@0)
                 	SBCI R27,HIGH(-@0)
                 	LD   R0,X+
                 	LD   R27,X
                 	MOV  R26,R0
                 	.ENDM
                 
                 	.MACRO __GETD2SX
                 	MOVW R26,R28
                 	SUBI R26,LOW(-@0)
                 	SBCI R27,HIGH(-@0)
                 	LD   R0,X+
                 	LD   R1,X+
                 	LD   R24,X+
                 	LD   R25,X
                 	MOVW R26,R0
                 	.ENDM
                 
                 	.MACRO __GETBRSX
                 	MOVW R30,R28
                 	SUBI R30,LOW(-@1)
                 	SBCI R31,HIGH(-@1)
                 	LD   R@0,Z
                 	.ENDM
                 
                 	.MACRO __GETWRSX
                 	MOVW R30,R28
                 	SUBI R30,LOW(-@2)
                 	SBCI R31,HIGH(-@2)
                 	LD   R@0,Z+
                 	LD   R@1,Z
                 	.ENDM
                 
                 	.MACRO __LSLW8SX
                 	MOVW R30,R28
                 	SUBI R30,LOW(-@0)
                 	SBCI R31,HIGH(-@0)
                 	LD   R31,Z
                 	CLR  R30
                 	.ENDM
                 
                 	.MACRO __PUTB1SX
                 	MOVW R26,R28
                 	SUBI R26,LOW(-@0)
                 	SBCI R27,HIGH(-@0)
                 	ST   X,R30
                 	.ENDM
                 
                 	.MACRO __PUTW1SX
                 	MOVW R26,R28
                 	SUBI R26,LOW(-@0)
                 	SBCI R27,HIGH(-@0)
                 	ST   X+,R30
                 	ST   X,R31
                 	.ENDM
                 
                 	.MACRO __PUTD1SX
                 	MOVW R26,R28
                 	SUBI R26,LOW(-@0)
                 	SBCI R27,HIGH(-@0)
                 	ST   X+,R30
                 	ST   X+,R31
                 	ST   X+,R22
                 	ST   X,R23
                 	.ENDM
                 
                 	.MACRO __CLRW1SX
                 	MOVW R26,R28
                 	SUBI R26,LOW(-@0)
                 	SBCI R27,HIGH(-@0)
                 	ST   X+,R30
                 	ST   X,R30
                 	.ENDM
                 
                 	.MACRO __CLRD1SX
                 	MOVW R26,R28
                 	SUBI R26,LOW(-@0)
                 	SBCI R27,HIGH(-@0)
                 	ST   X+,R30
                 	ST   X+,R30
                 	ST   X+,R30
                 	ST   X,R30
                 	.ENDM
                 
                 	.MACRO __PUTB2SX
                 	MOVW R30,R28
                 	SUBI R30,LOW(-@0)
                 	SBCI R31,HIGH(-@0)
                 	ST   Z,R26
                 	.ENDM
                 
                 	.MACRO __PUTW2SX
                 	MOVW R30,R28
                 	SUBI R30,LOW(-@0)
                 	SBCI R31,HIGH(-@0)
                 	ST   Z+,R26
                 	ST   Z,R27
                 	.ENDM
                 
                 	.MACRO __PUTD2SX
                 	MOVW R30,R28
                 	SUBI R30,LOW(-@0)
                 	SBCI R31,HIGH(-@0)
                 	ST   Z+,R26
                 	ST   Z+,R27
                 	ST   Z+,R24
                 	ST   Z,R25
                 	.ENDM
                 
                 	.MACRO __PUTBSRX
                 	MOVW R30,R28
                 	SUBI R30,LOW(-@0)
                 	SBCI R31,HIGH(-@0)
                 	ST   Z,R@1
                 	.ENDM
                 
                 	.MACRO __PUTWSRX
                 	MOVW R30,R28
                 	SUBI R30,LOW(-@2)
                 	SBCI R31,HIGH(-@2)
                 	ST   Z+,R@0
                 	ST   Z,R@1
                 	.ENDM
                 
                 	.MACRO __PUTB1SNX
                 	MOVW R26,R28
                 	SUBI R26,LOW(-@0)
                 	SBCI R27,HIGH(-@0)
                 	LD   R0,X+
                 	LD   R27,X
                 	MOV  R26,R0
                 	SUBI R26,LOW(-@1)
                 	SBCI R27,HIGH(-@1)
                 	ST   X,R30
                 	.ENDM
                 
                 	.MACRO __PUTW1SNX
                 	MOVW R26,R28
                 	SUBI R26,LOW(-@0)
                 	SBCI R27,HIGH(-@0)
                 	LD   R0,X+
                 	LD   R27,X
                 	MOV  R26,R0
                 	SUBI R26,LOW(-@1)
                 	SBCI R27,HIGH(-@1)
                 	ST   X+,R30
                 	ST   X,R31
                 	.ENDM
                 
                 	.MACRO __PUTD1SNX
                 	MOVW R26,R28
                 	SUBI R26,LOW(-@0)
                 	SBCI R27,HIGH(-@0)
                 	LD   R0,X+
                 	LD   R27,X
                 	MOV  R26,R0
                 	SUBI R26,LOW(-@1)
                 	SBCI R27,HIGH(-@1)
                 	ST   X+,R30
                 	ST   X+,R31
                 	ST   X+,R22
                 	ST   X,R23
                 	.ENDM
                 
                 	.MACRO __MULBRR
                 	MULS R@0,R@1
                 	MOVW R30,R0
                 	.ENDM
                 
                 	.MACRO __MULBRRU
                 	MUL  R@0,R@1
                 	MOVW R30,R0
                 	.ENDM
                 
                 	.MACRO __MULBRR0
                 	MULS R@0,R@1
                 	.ENDM
                 
                 	.MACRO __MULBRRU0
                 	MUL  R@0,R@1
                 	.ENDM
                 
                 	.MACRO __MULBNWRU
                 	LDI  R26,@2
                 	MUL  R26,R@0
                 	MOVW R30,R0
                 	MUL  R26,R@1
                 	ADD  R31,R0
                 	.ENDM
                 
                 ;NAME DEFINITIONS FOR GLOBAL VARIABLES ALLOCATED TO REGISTERS
                 	.DEF _l_overflow=R5
                 	.DEF _r_overflow=R4
                 	.DEF _l_step=R7
                 	.DEF _r_step=R6
                 	.DEF _x=R9
                 	.DEF _y=R8
                 	.DEF _rightMotorOn=R10
                 	.DEF _leftMotorOn=R12
                 
                 	.CSEG
                 	.ORG 0x00
                 
                 ;INTERRUPT VECTORS
000000 940c 0038 	JMP  __RESET
000002 940c 0000 	JMP  0x00
000004 940c 0000 	JMP  0x00
000006 940c 0000 	JMP  0x00
000008 940c 007f 	JMP  _timer2_ovf_isr
00000a 940c 0000 	JMP  0x00
00000c 940c 0000 	JMP  0x00
00000e 940c 0000 	JMP  0x00
000010 940c 0000 	JMP  0x00
000012 940c 0068 	JMP  _timer0_ovf_isr
000014 940c 0000 	JMP  0x00
000016 940c 0000 	JMP  0x00
000018 940c 0000 	JMP  0x00
00001a 940c 0000 	JMP  0x00
00001c 940c 0000 	JMP  0x00
00001e 940c 0000 	JMP  0x00
000020 940c 0000 	JMP  0x00
000022 940c 0000 	JMP  0x00
000024 940c 0000 	JMP  0x00
000026 940c 0000 	JMP  0x00
000028 940c 0000 	JMP  0x00
                 
                 _0x3:
00002a 66cc
00002b 9933      	.DB  0xCC,0x66,0x33,0x99
                 _0x4:
C:\Documents and Settings\Shaunak\My Documents\code vision avr projects\MM2\List\ADC.asm(1054): warning: .cseg .db misalignment - padding zero byte
00002c 003c      	.DB  0x3C
                 _0x2000003:
00002d c080      	.DB  0x80,0xC0
                 
                 __GLOBAL_INI_TBL:
00002e 0004      	.DW  0x04
00002f 0160      	.DW  _step
000030 0054      	.DW  _0x3*2
                 
000031 0001      	.DW  0x01
000032 0164      	.DW  _BASE_SPEED
000033 0058      	.DW  _0x4*2
                 
000034 0002      	.DW  0x02
000035 0165      	.DW  __base_y_G100
000036 005a      	.DW  _0x2000003*2
                 
                 _0xFFFFFFFF:
000037 0000      	.DW  0
                 
                 __RESET:
000038 94f8      	CLI
000039 27ee      	CLR  R30
00003a bbec      	OUT  EECR,R30
                 
                 ;INTERRUPT VECTORS ARE PLACED
                 ;AT THE START OF FLASH
00003b e0f1      	LDI  R31,1
00003c bffb      	OUT  GICR,R31
00003d bfeb      	OUT  GICR,R30
00003e bfe5      	OUT  MCUCR,R30
                 
                 ;DISABLE WATCHDOG
00003f e1f8      	LDI  R31,0x18
000040 bdf1      	OUT  WDTCR,R31
000041 bde1      	OUT  WDTCR,R30
                 
                 ;CLEAR R2-R14
000042 e08d      	LDI  R24,(14-2)+1
000043 e0a2      	LDI  R26,2
000044 27bb      	CLR  R27
                 __CLEAR_REG:
000045 93ed      	ST   X+,R30
000046 958a      	DEC  R24
000047 f7e9      	BRNE __CLEAR_REG
                 
                 ;CLEAR SRAM
000048 e080      	LDI  R24,LOW(0x400)
000049 e094      	LDI  R25,HIGH(0x400)
00004a e6a0      	LDI  R26,0x60
                 __CLEAR_SRAM:
00004b 93ed      	ST   X+,R30
00004c 9701      	SBIW R24,1
00004d f7e9      	BRNE __CLEAR_SRAM
                 
                 ;GLOBAL VARIABLES INITIALIZATION
00004e e5ec      	LDI  R30,LOW(__GLOBAL_INI_TBL*2)
00004f e0f0      	LDI  R31,HIGH(__GLOBAL_INI_TBL*2)
                 __GLOBAL_INI_NEXT:
000050 9185      	LPM  R24,Z+
000051 9195      	LPM  R25,Z+
000052 9700      	SBIW R24,0
000053 f061      	BREQ __GLOBAL_INI_END
000054 91a5      	LPM  R26,Z+
000055 91b5      	LPM  R27,Z+
000056 9005      	LPM  R0,Z+
000057 9015      	LPM  R1,Z+
000058 01bf      	MOVW R22,R30
000059 01f0      	MOVW R30,R0
                 __GLOBAL_INI_LOOP:
00005a 9005      	LPM  R0,Z+
00005b 920d      	ST   X+,R0
00005c 9701      	SBIW R24,1
00005d f7e1      	BRNE __GLOBAL_INI_LOOP
00005e 01fb      	MOVW R30,R22
00005f cff0      	RJMP __GLOBAL_INI_NEXT
                 __GLOBAL_INI_END:
                 
                 ;STACK POINTER INITIALIZATION
000060 e5ef      	LDI  R30,LOW(0x45F)
000061 bfed      	OUT  SPL,R30
000062 e0e4      	LDI  R30,HIGH(0x45F)
000063 bfee      	OUT  SPH,R30
                 
                 ;DATA STACK POINTER INITIALIZATION
000064 e6c0      	LDI  R28,LOW(0x160)
000065 e0d1      	LDI  R29,HIGH(0x160)
                 
000066 940c 00a8 	JMP  _main
                 
                 	.ESEG
                 	.ORG 0
                 
                 	.DSEG
                 	.ORG 0x160
                 
                 	.CSEG
                 ;/*****************************************************
                 ;This program was produced by the
                 ;CodeWizardAVR V2.03.8a Evaluation
                 ;Automatic Program Generator
                 ;© Copyright 1998-2008 Pavel Haiduc, HP InfoTech s.r.l.
                 ;http://www.hpinfotech.com
                 ;
                 ;Project :
                 ;Version :
                 ;Date    : 12/3/2008
                 ;Author  : Freeware, for evaluation and non-commercial use only
                 ;Company :
                 ;Comments:
                 ;
                 ;
                 ;Chip type           : ATmega16
                 ;Program type        : Application
                 ;Clock frequency     : 16.000000 MHz
                 ;Memory model        : Small
                 ;External RAM size   : 0
                 ;Data Stack size     : 256
                 ;*****************************************************/
                 ;
                 ;#include <mega16.h>
                 	#ifndef __SLEEP_DEFINED__
                 	#define __SLEEP_DEFINED__
                 	.EQU __se_bit=0x40
                 	.EQU __sm_mask=0xB0
                 	.EQU __sm_powerdown=0x20
                 	.EQU __sm_powersave=0x30
                 	.EQU __sm_standby=0xA0
                 	.EQU __sm_ext_standby=0xB0
                 	.EQU __sm_adc_noise_red=0x10
                 	.SET power_ctrl_reg=mcucr
                 	#endif
                 ;#include <delay.h>
                 ;// Alphanumeric LCD Module functions
                 ;#asm
                    .equ __lcd_port=0x15 ;PORTC
                 ; 0000 001D #endasm
                 ;#include <lcd.h>
                 ;unsigned char step[4]={0xCC,0x66,0x33,0x99};
                 
                 	.DSEG
                 ;unsigned char l_overflow,r_overflow,l_step,r_step,x,y;
                 ;unsigned rightMotorOn;
                 ;unsigned leftMotorOn;
                 ;unsigned char BASE_SPEED=60;
                 ;// Timer 0 overflow interrupt service routine
                 ;//right motor Timer
                 ;interrupt [TIM0_OVF] void timer0_ovf_isr(void)
                 ; 0000 0027 {
                 
                 	.CSEG
                 _timer0_ovf_isr:
000068 920a      	ST   -Y,R0
000069 93ea      	ST   -Y,R30
00006a 93fa      	ST   -Y,R31
00006b b7ef      	IN   R30,SREG
00006c 93ea      	ST   -Y,R30
                 ; 0000 0028     //Place your code here
                 ; 0000 0029    y++;
00006d 9483      	INC  R8
                 ; 0000 002A if(y>r_overflow && rightMotorOn)
00006e 1448      	CP   R4,R8
00006f f418      	BRSH _0x6
000070 2c0a      	MOV  R0,R10
000071 280b      	OR   R0,R11
000072 f409      	BRNE _0x7
                 _0x6:
000073 c00a      	RJMP _0x5
                 _0x7:
                 ; 0000 002B   {
                 ; 0000 002C    y=0;
000074 2488      	CLR  R8
                 ; 0000 002D    PORTD=step[r_step];
000075 2de6      	MOV  R30,R6
000076 940e 017a 	CALL SUBOPT_0x0
000078 bbe2      	OUT  0x12,R30
                 ; 0000 002E    r_step++;
000079 9463      	INC  R6
                 ; 0000 002F    if(r_step>3)r_step=0;
00007a e0e3      	LDI  R30,LOW(3)
00007b 15e6      	CP   R30,R6
00007c f408      	BRSH _0x8
00007d 2466      	CLR  R6
                 ; 0000 0030   }
                 _0x8:
                 ; 0000 0031 
                 ; 0000 0032 
                 ; 0000 0033 }
                 _0x5:
00007e c016      	RJMP _0x14
                 ;
                 ;// Timer 2 overflow interrupt service routine
                 ;//left motor timer
                 ;interrupt [TIM2_OVF] void timer2_ovf_isr(void)
                 ; 0000 0038 {
                 _timer2_ovf_isr:
00007f 920a      	ST   -Y,R0
000080 93ea      	ST   -Y,R30
000081 93fa      	ST   -Y,R31
000082 b7ef      	IN   R30,SREG
000083 93ea      	ST   -Y,R30
                 ; 0000 0039 
                 ; 0000 003A x++;
000084 9493      	INC  R9
                 ; 0000 003B if(x>l_overflow && leftMotorOn)
000085 1459      	CP   R5,R9
000086 f418      	BRSH _0xA
000087 2c0c      	MOV  R0,R12
000088 280d      	OR   R0,R13
000089 f409      	BRNE _0xB
                 _0xA:
00008a c00a      	RJMP _0x9
                 _0xB:
                 ; 0000 003C   {
                 ; 0000 003D    x=0;
00008b 2499      	CLR  R9
                 ; 0000 003E    PORTB=step[l_step];
00008c 2de7      	MOV  R30,R7
00008d 940e 017a 	CALL SUBOPT_0x0
00008f bbe8      	OUT  0x18,R30
                 ; 0000 003F    l_step++;
000090 9473      	INC  R7
                 ; 0000 0040    if(l_step > 3)l_step = 0;
000091 e0e3      	LDI  R30,LOW(3)
000092 15e7      	CP   R30,R7
000093 f408      	BRSH _0xC
000094 2477      	CLR  R7
                 ; 0000 0041   }
                 _0xC:
                 ; 0000 0042 }
                 _0x9:
                 _0x14:
000095 91e9      	LD   R30,Y+
000096 bfef      	OUT  SREG,R30
000097 91f9      	LD   R31,Y+
000098 91e9      	LD   R30,Y+
000099 9009      	LD   R0,Y+
00009a 9518      	RETI
                 ;void initialize(void)
                 ; 0000 0044 {
                 _initialize:
                 ; 0000 0045  x=0;
00009b 2499      	CLR  R9
                 ; 0000 0046  y=0;
00009c 2488      	CLR  R8
                 ; 0000 0047  l_step=0;
00009d 2477      	CLR  R7
                 ; 0000 0048  r_step=0;
00009e 2466      	CLR  R6
                 ; 0000 0049  l_overflow=BASE_SPEED;
00009f 9050 0164 	LDS  R5,_BASE_SPEED
                 ; 0000 004A  r_overflow=BASE_SPEED;
0000a1 9040 0164 	LDS  R4,_BASE_SPEED
                 ; 0000 004B  rightMotorOn=1;
0000a3 e0e1      	LDI  R30,LOW(1)
0000a4 e0f0      	LDI  R31,HIGH(1)
0000a5 015f      	MOVW R10,R30
                 ; 0000 004C  leftMotorOn=1;
0000a6 016f      	MOVW R12,R30
                 ; 0000 004D }
0000a7 9508      	RET
                 ;
                 ;
                 ;#define ADC_VREF_TYPE 0xE0
                 ;
                 ;// Read the 8 most significant bits
                 ;// of the AD conversion result
                 ;unsigned char read_adc(unsigned char adc_input)
                 ; 0000 0055 {
                 ; 0000 0056 ADMUX=adc_input | (ADC_VREF_TYPE & 0xff);
                 ;	adc_input -> Y+0
                 ; 0000 0057 // Delay needed for the stabilization of the ADC input voltage
                 ; 0000 0058 delay_us(10);
                 ; 0000 0059 // Start the AD conversion
                 ; 0000 005A ADCSRA|=0x40;
                 ; 0000 005B // Wait for the AD conversion to complete
                 ; 0000 005C while ((ADCSRA & 0x10)==0);
                 ; 0000 005D ADCSRA|=0x10;
                 ; 0000 005E return ADCH;
                 ; 0000 005F }
                 ;
                 ;// Declare your global variables here
                 ;void displayNumberOnLCD(int x,int y,int cen)
                 ; 0000 0063 {
                 ; 0000 0064       unsigned char a,b,c;
                 ; 0000 0065       lcd_gotoxy(x,y);
                 ;	x -> Y+8
                 ;	y -> Y+6
                 ;	cen -> Y+4
                 ;	a -> R17
                 ;	b -> R16
                 ;	c -> R19
                 ; 0000 0066       a=(cen%10)+48;
                 ; 0000 0067       cen/=10;
                 ; 0000 0068       b=(cen%10)+48;
                 ; 0000 0069       cen/=10;
                 ; 0000 006A       c=(cen%10)+48;
                 ; 0000 006B       lcd_putchar(c);
                 ; 0000 006C       lcd_putchar(b);
                 ; 0000 006D       lcd_putchar(a);
                 ; 0000 006E }
                 ;void main(void)
                 ; 0000 0070 {
                 _main:
                 ; 0000 0071 // Declare your local variables here
                 ; 0000 0072 unsigned char cOff,cOn,cDiff,rOff,rOn,rDiff,lOff,lOn,lDiff;
                 ; 0000 0073 unsigned char error,aerror;
                 ; 0000 0074 // Input/Output Ports initialization
                 ; 0000 0075 // Port A initialization
                 ; 0000 0076 // Func7=In Func6=In Func5=Out Func4=Out Func3=Out Func2=In Func1=In Func0=In
                 ; 0000 0077 // State7=T State6=T State5=0 State4=0 State3=0 State2=T State1=T State0=T
                 ; 0000 0078 PORTA=0x00;
0000a8 9725      	SBIW R28,5
                 ;	cOff -> R17
                 ;	cOn -> R16
                 ;	cDiff -> R19
                 ;	rOff -> R18
                 ;	rOn -> R21
                 ;	rDiff -> R20
                 ;	lOff -> Y+4
                 ;	lOn -> Y+3
                 ;	lDiff -> Y+2
                 ;	error -> Y+1
                 ;	aerror -> Y+0
0000a9 e0e0      	LDI  R30,LOW(0)
0000aa bbeb      	OUT  0x1B,R30
                 ; 0000 0079 DDRA=0x38;// for our sensors
0000ab e3e8      	LDI  R30,LOW(56)
0000ac bbea      	OUT  0x1A,R30
                 ; 0000 007A //DDRA=0x07;
                 ; 0000 007B 
                 ; 0000 007C // Port B initialization
                 ; 0000 007D // Func7=In Func6=In Func5=In Func4=In Func3=Out Func2=Out Func1=Out Func0=Out
                 ; 0000 007E // State7=T State6=T State5=T State4=T State3=0 State2=0 State1=0 State0=0
                 ; 0000 007F PORTB=0x00;
0000ad e0e0      	LDI  R30,LOW(0)
0000ae bbe8      	OUT  0x18,R30
                 ; 0000 0080 DDRB=0x0F;
0000af e0ef      	LDI  R30,LOW(15)
0000b0 bbe7      	OUT  0x17,R30
                 ; 0000 0081 
                 ; 0000 0082 // Port C initialization
                 ; 0000 0083 // Func7=In Func6=In Func5=In Func4=In Func3=In Func2=In Func1=In Func0=In
                 ; 0000 0084 // State7=T State6=T State5=T State4=T State3=T State2=T State1=T State0=T
                 ; 0000 0085 PORTC=0x00;
0000b1 e0e0      	LDI  R30,LOW(0)
0000b2 bbe5      	OUT  0x15,R30
                 ; 0000 0086 DDRC=0x00;
0000b3 bbe4      	OUT  0x14,R30
                 ; 0000 0087 
                 ; 0000 0088 // Port D initialization
                 ; 0000 0089 // Func7=Out Func6=Out Func5=Out Func4=Out Func3=In Func2=In Func1=In Func0=In
                 ; 0000 008A // State7=0 State6=0 State5=0 State4=0 State3=T State2=T State1=T State0=T
                 ; 0000 008B PORTD=0x00;
0000b4 bbe2      	OUT  0x12,R30
                 ; 0000 008C DDRD=0xF0;
0000b5 efe0      	LDI  R30,LOW(240)
0000b6 bbe1      	OUT  0x11,R30
                 ; 0000 008D 
                 ; 0000 008E // Timer/Counter 0 initialization
                 ; 0000 008F // Clock source: System Clock
                 ; 0000 0090 // Clock value: 2000.000 kHz
                 ; 0000 0091 // Mode: Normal top=FFh
                 ; 0000 0092 // OC0 output: Disconnected
                 ; 0000 0093 TCCR0=0x02;
0000b7 e0e2      	LDI  R30,LOW(2)
0000b8 bfe3      	OUT  0x33,R30
                 ; 0000 0094 TCNT0=0x00;
0000b9 e0e0      	LDI  R30,LOW(0)
0000ba bfe2      	OUT  0x32,R30
                 ; 0000 0095 OCR0=0x00;
0000bb bfec      	OUT  0x3C,R30
                 ; 0000 0096 
                 ; 0000 0097 // Timer/Counter 1 initialization
                 ; 0000 0098 // Clock source: System Clock
                 ; 0000 0099 // Clock value: Timer 1 Stopped
                 ; 0000 009A // Mode: Normal top=FFFFh
                 ; 0000 009B // OC1A output: Discon.
                 ; 0000 009C // OC1B output: Discon.
                 ; 0000 009D // Noise Canceler: Off
                 ; 0000 009E // Input Capture on Falling Edge
                 ; 0000 009F // Timer 1 Overflow Interrupt: Off
                 ; 0000 00A0 // Input Capture Interrupt: Off
                 ; 0000 00A1 // Compare A Match Interrupt: Off
                 ; 0000 00A2 // Compare B Match Interrupt: Off
                 ; 0000 00A3 TCCR1A=0x00;
0000bc bdef      	OUT  0x2F,R30
                 ; 0000 00A4 TCCR1B=0x00;
0000bd bdee      	OUT  0x2E,R30
                 ; 0000 00A5 TCNT1H=0x00;
0000be bded      	OUT  0x2D,R30
                 ; 0000 00A6 TCNT1L=0x00;
0000bf bdec      	OUT  0x2C,R30
                 ; 0000 00A7 ICR1H=0x00;
0000c0 bde7      	OUT  0x27,R30
                 ; 0000 00A8 ICR1L=0x00;
0000c1 bde6      	OUT  0x26,R30
                 ; 0000 00A9 OCR1AH=0x00;
0000c2 bdeb      	OUT  0x2B,R30
                 ; 0000 00AA OCR1AL=0x00;
0000c3 bdea      	OUT  0x2A,R30
                 ; 0000 00AB OCR1BH=0x00;
0000c4 bde9      	OUT  0x29,R30
                 ; 0000 00AC OCR1BL=0x00;
0000c5 bde8      	OUT  0x28,R30
                 ; 0000 00AD 
                 ; 0000 00AE // Timer/Counter 2 initialization
                 ; 0000 00AF // Clock source: System Clock
                 ; 0000 00B0 // Clock value: 2000.000 kHz
                 ; 0000 00B1 // Mode: Normal top=FFh
                 ; 0000 00B2 // OC2 output: Disconnected
                 ; 0000 00B3 ASSR=0x00;
0000c6 bde2      	OUT  0x22,R30
                 ; 0000 00B4 TCCR2=0x02;
0000c7 e0e2      	LDI  R30,LOW(2)
0000c8 bde5      	OUT  0x25,R30
                 ; 0000 00B5 TCNT2=0x00;
0000c9 e0e0      	LDI  R30,LOW(0)
0000ca bde4      	OUT  0x24,R30
                 ; 0000 00B6 OCR2=0x00;
0000cb bde3      	OUT  0x23,R30
                 ; 0000 00B7 
                 ; 0000 00B8 // External Interrupt(s) initialization
                 ; 0000 00B9 // INT0: Off
                 ; 0000 00BA // INT1: Off
                 ; 0000 00BB // INT2: Off
                 ; 0000 00BC MCUCR=0x00;
0000cc bfe5      	OUT  0x35,R30
                 ; 0000 00BD MCUCSR=0x00;
0000cd bfe4      	OUT  0x34,R30
                 ; 0000 00BE 
                 ; 0000 00BF // Timer(s)/Counter(s) Interrupt(s) initialization
                 ; 0000 00C0 TIMSK=0x41;
0000ce e4e1      	LDI  R30,LOW(65)
0000cf bfe9      	OUT  0x39,R30
                 ; 0000 00C1 
                 ; 0000 00C2 // Analog Comparator initialization
                 ; 0000 00C3 // Analog Comparator: Off
                 ; 0000 00C4 // Analog Comparator Input Capture by Timer/Counter 1: Off
                 ; 0000 00C5 ACSR=0x80;
0000d0 e8e0      	LDI  R30,LOW(128)
0000d1 b9e8      	OUT  0x8,R30
                 ; 0000 00C6 SFIOR=0x00;
0000d2 e0e0      	LDI  R30,LOW(0)
0000d3 bfe0      	OUT  0x30,R30
                 ; 0000 00C7 
                 ; 0000 00C8 // ADC initialization
                 ; 0000 00C9 // ADC Clock frequency: 250.000 kHz
                 ; 0000 00CA // ADC Voltage Reference: AVCC pin
                 ; 0000 00CB // ADC Auto Trigger Source: None
                 ; 0000 00CC // Only the 8 most significant bits of
                 ; 0000 00CD // the AD conversion result are used
                 ; 0000 00CE ADMUX=ADC_VREF_TYPE & 0xff;
0000d4 eee0      	LDI  R30,LOW(224)
0000d5 b9e7      	OUT  0x7,R30
                 ; 0000 00CF ADCSRA=0x86;
0000d6 e8e6      	LDI  R30,LOW(134)
0000d7 b9e6      	OUT  0x6,R30
                 ; 0000 00D0 
                 ; 0000 00D1 // LCD module initialization
                 ; 0000 00D2 lcd_init(16);
0000d8 e1e0      	LDI  R30,LOW(16)
0000d9 93ea      	ST   -Y,R30
0000da 940e 0147 	CALL _lcd_init
                 ; 0000 00D3 
                 ; 0000 00D4 // Global enable interrupts
                 ; 0000 00D5 #asm("sei")
0000dc 9478      	sei
                 ; 0000 00D6   initialize();
0000dd dfbd      	RCALL _initialize
                 ; 0000 00D7 while (1)
                 _0x10:
                 ; 0000 00D8       {
                 ; 0000 00D9       // Place your code here
                 ; 0000 00DA       //PORTA=PINA|0x07;//Light Leds PORTA|=0x38
                 ; 0000 00DB       //PORTA|=0x08;
                 ; 0000 00DC       //delay_us(10);
                 ; 0000 00DD       //rOn=read_adc(0);
                 ; 0000 00DE //      PORTA&=0xF7;
                 ; 0000 00DF //      PORTA|=0x10;
                 ; 0000 00E0 //      delay_us(10);
                 ; 0000 00E1 //      lOn=read_adc(2);
                 ; 0000 00E2 //      PORTA&=0xEF;
                 ; 0000 00E3 //      PORTA|=0x02;
                 ; 0000 00E4 //      delay_us(10);
                 ; 0000 00E5 //      cOn=read_adc(3);
                 ; 0000 00E6       //PORTA&=0xF7;
                 ; 0000 00E7       //PORTA=PINA&0xf8;//off Leds    PORTA&=0xc7;
                 ; 0000 00E8       //delay_us(5);
                 ; 0000 00E9       //aerror= read_adc(3)-read_adc(4);
                 ; 0000 00EA       //delay_us(5);
                 ; 0000 00EB       //error=(lOn-rOn);//-aerror;
                 ; 0000 00EC       //if(error>0)
                 ; 0000 00ED       //{
                 ; 0000 00EE        // r_overflow=BASE_SPEED+error;
                 ; 0000 00EF 
                 ; 0000 00F0 
                 ; 0000 00F1       //}
                 ; 0000 00F2       //else l_overflow=BASE_SPEED-error;
                 ; 0000 00F3 
                 ; 0000 00F4       /*delay_ms(20);
                 ; 0000 00F5       rOff=read_adc(0);
                 ; 0000 00F6       cOff=read_adc(1);
                 ; 0000 00F7       lOff=read_adc(2);
                 ; 0000 00F8 
                 ; 0000 00F9       rDiff=rOn-rOff;
                 ; 0000 00FA       cDiff=cOn-cOff;
                 ; 0000 00FB       lDiff=lOn-lOff;
                 ; 0000 00FC 
                 ; 0000 00FD       displayNumberOnLCD(0,0,rDiff);
                 ; 0000 00FE       displayNumberOnLCD(5,0,cDiff);
                 ; 0000 00FF       displayNumberOnLCD(10,0,lDiff);*/
                 ; 0000 0100 
                 ; 0000 0101       //displayNumberOnLCD(0,0,rOn);
                 ; 0000 0102       //displayNumberOnLCD(5,0,cOn);
                 ; 0000 0103       //displayNumberOnLCD(10,0,lOn);
                 ; 0000 0104 
                 ; 0000 0105 //      if(cOn>230)
                 ; 0000 0106 //        {
                 ; 0000 0107 //             rightMotorOn=0;
                 ; 0000 0108 //             leftMotorOn=0;
                 ; 0000 0109 //        }
                 ; 0000 010A       };
0000de cfff      	RJMP _0x10
                 ; 0000 010B }
                 _0x13:
0000df cfff      	RJMP _0x13
                     .equ __lcd_direction=__lcd_port-1
                     .equ __lcd_pin=__lcd_port-2
                     .equ __lcd_rs=0
                     .equ __lcd_rd=1
                     .equ __lcd_enable=2
                     .equ __lcd_busy_flag=7
                 
                 	.DSEG
                 
                 	.CSEG
                 __lcd_delay_G100:
0000e0 e0ff          ldi   r31,15
                 __lcd_delay0:
0000e1 95fa          dec   r31
0000e2 f7f1          brne  __lcd_delay0
0000e3 9508      	RET
                 __lcd_ready:
0000e4 b3a4          in    r26,__lcd_direction
0000e5 70af          andi  r26,0xf                 ;set as input
0000e6 bba4          out   __lcd_direction,r26
0000e7 9aa9          sbi   __lcd_port,__lcd_rd     ;RD=1
0000e8 98a8          cbi   __lcd_port,__lcd_rs     ;RS=0
                 __lcd_busy:
0000e9 dff6      	RCALL __lcd_delay_G100
0000ea 9aaa          sbi   __lcd_port,__lcd_enable ;EN=1
0000eb dff4      	RCALL __lcd_delay_G100
0000ec b3a3          in    r26,__lcd_pin
0000ed 98aa          cbi   __lcd_port,__lcd_enable ;EN=0
0000ee dff1      	RCALL __lcd_delay_G100
0000ef 9aaa          sbi   __lcd_port,__lcd_enable ;EN=1
0000f0 dfef      	RCALL __lcd_delay_G100
0000f1 98aa          cbi   __lcd_port,__lcd_enable ;EN=0
0000f2 fda7          sbrc  r26,__lcd_busy_flag
0000f3 cff5          rjmp  __lcd_busy
0000f4 9508      	RET
                 __lcd_write_nibble_G100:
0000f5 7fa0          andi  r26,0xf0
0000f6 2bab          or    r26,r27
0000f7 bba5          out   __lcd_port,r26          ;write
0000f8 9aaa          sbi   __lcd_port,__lcd_enable ;EN=1
0000f9 940e 00e0 	CALL __lcd_delay_G100
0000fb 98aa          cbi   __lcd_port,__lcd_enable ;EN=0
0000fc 940e 00e0 	CALL __lcd_delay_G100
0000fe 9508      	RET
                 __lcd_write_data:
0000ff 98a9          cbi  __lcd_port,__lcd_rd 	  ;RD=0
000100 b3a4          in    r26,__lcd_direction
000101 6fa7          ori   r26,0xf0 | (1<<__lcd_rs) | (1<<__lcd_rd) | (1<<__lcd_enable) ;set as output
000102 bba4          out   __lcd_direction,r26
000103 b3b5          in    r27,__lcd_port
000104 70bf          andi  r27,0xf
000105 81a8          ld    r26,y
000106 dfee      	RCALL __lcd_write_nibble_G100
000107 81a8          ld    r26,y
000108 95a2          swap  r26
000109 dfeb      	RCALL __lcd_write_nibble_G100
00010a 9aa9          sbi   __lcd_port,__lcd_rd     ;RD=1
00010b 940c 0178 	JMP  _0x2020001
                 __lcd_read_nibble_G100:
00010d 9aaa          sbi   __lcd_port,__lcd_enable ;EN=1
00010e 940e 00e0 	CALL __lcd_delay_G100
000110 b3e3          in    r30,__lcd_pin           ;read
000111 98aa          cbi   __lcd_port,__lcd_enable ;EN=0
000112 940e 00e0 	CALL __lcd_delay_G100
000114 7fe0          andi  r30,0xf0
000115 9508      	RET
                 _lcd_read_byte0_G100:
000116 940e 00e0 	CALL __lcd_delay_G100
000118 dff4      	RCALL __lcd_read_nibble_G100
000119 2fae          mov   r26,r30
00011a dff2      	RCALL __lcd_read_nibble_G100
00011b 98a9          cbi   __lcd_port,__lcd_rd     ;RD=0
00011c 95e2          swap  r30
00011d 2bea          or    r30,r26
00011e 9508      	RET
                 _lcd_clear:
00011f 940e 00e4 	CALL __lcd_ready
000121 e0e2      	LDI  R30,LOW(2)
000122 93ea      	ST   -Y,R30
000123 940e 00ff 	CALL __lcd_write_data
000125 940e 00e4 	CALL __lcd_ready
000127 e0ec      	LDI  R30,LOW(12)
000128 93ea      	ST   -Y,R30
000129 940e 00ff 	CALL __lcd_write_data
00012b 940e 00e4 	CALL __lcd_ready
00012d e0e1      	LDI  R30,LOW(1)
00012e 93ea      	ST   -Y,R30
00012f 940e 00ff 	CALL __lcd_write_data
000131 e0e0      	LDI  R30,LOW(0)
000132 93e0 016a 	STS  __lcd_y,R30
000134 93e0 0169 	STS  __lcd_x,R30
000136 9508      	RET
                 __long_delay_G100:
000137 27aa          clr   r26
000138 27bb          clr   r27
                 __long_delay0:
000139 9711          sbiw  r26,1         ;2 cycles
00013a f7f1          brne  __long_delay0 ;2 cycles
00013b 9508      	RET
                 __lcd_init_write_G100:
00013c 98a9          cbi  __lcd_port,__lcd_rd 	  ;RD=0
00013d b3a4          in    r26,__lcd_direction
00013e 6fa7          ori   r26,0xf7                ;set as output
00013f bba4          out   __lcd_direction,r26
000140 b3b5          in    r27,__lcd_port
000141 70bf          andi  r27,0xf
000142 81a8          ld    r26,y
000143 940e 00f5 	CALL __lcd_write_nibble_G100
000145 9aa9          sbi   __lcd_port,__lcd_rd     ;RD=1
000146 c031      	RJMP _0x2020001
                 _lcd_init:
000147 98aa          cbi   __lcd_port,__lcd_enable ;EN=0
000148 98a8          cbi   __lcd_port,__lcd_rs     ;RS=0
000149 81e8      	LD   R30,Y
00014a 93e0 016b 	STS  __lcd_maxx,R30
00014c e0f0      	LDI  R31,0
00014d 58e0      	SUBI R30,LOW(-128)
00014e 4fff      	SBCI R31,HIGH(-128)
                +
00014f 93e0 0167+STS __base_y_G100 + 2 , R30
                 	__PUTB1MN __base_y_G100,2
000151 81e8      	LD   R30,Y
000152 e0f0      	LDI  R31,0
000153 54e0      	SUBI R30,LOW(-192)
000154 4fff      	SBCI R31,HIGH(-192)
                +
000155 93e0 0168+STS __base_y_G100 + 3 , R30
                 	__PUTB1MN __base_y_G100,3
000157 d027      	RCALL SUBOPT_0x1
000158 d026      	RCALL SUBOPT_0x1
000159 d025      	RCALL SUBOPT_0x1
00015a dfdc      	RCALL __long_delay_G100
00015b e2e0      	LDI  R30,LOW(32)
00015c 93ea      	ST   -Y,R30
00015d dfde      	RCALL __lcd_init_write_G100
00015e dfd8      	RCALL __long_delay_G100
00015f e2e8      	LDI  R30,LOW(40)
000160 d023      	RCALL SUBOPT_0x2
000161 e0e4      	LDI  R30,LOW(4)
000162 d021      	RCALL SUBOPT_0x2
000163 e8e5      	LDI  R30,LOW(133)
000164 d01f      	RCALL SUBOPT_0x2
000165 b3a4          in    r26,__lcd_direction
000166 70af          andi  r26,0xf                 ;set as input
000167 bba4          out   __lcd_direction,r26
000168 9aa9          sbi   __lcd_port,__lcd_rd     ;RD=1
000169 940e 0116 	CALL _lcd_read_byte0_G100
00016b 30e5      	CPI  R30,LOW(0x5)
00016c f011      	BREQ _0x200000B
00016d e0e0      	LDI  R30,LOW(0)
00016e c009      	RJMP _0x2020001
                 _0x200000B:
00016f 940e 00e4 	CALL __lcd_ready
000171 e0e6      	LDI  R30,LOW(6)
000172 93ea      	ST   -Y,R30
000173 940e 00ff 	CALL __lcd_write_data
000175 940e 011f 	CALL _lcd_clear
000177 e0e1      	LDI  R30,LOW(1)
                 _0x2020001:
000178 9621      	ADIW R28,1
000179 9508      	RET
                 
                 	.DSEG
                 _step:
000160           	.BYTE 0x4
                 _BASE_SPEED:
000164           	.BYTE 0x1
                 __base_y_G100:
000165           	.BYTE 0x4
                 __lcd_x:
000169           	.BYTE 0x1
                 __lcd_y:
00016a           	.BYTE 0x1
                 __lcd_maxx:
00016b           	.BYTE 0x1
                 
                 	.CSEG
                 ;OPTIMIZER ADDED SUBROUTINE, CALLED 2 TIMES, CODE SIZE REDUCTION:1 WORDS
                 SUBOPT_0x0:
00017a e0f0      	LDI  R31,0
00017b 5ae0      	SUBI R30,LOW(-_step)
00017c 4ffe      	SBCI R31,HIGH(-_step)
00017d 81e0      	LD   R30,Z
00017e 9508      	RET
                 
                 ;OPTIMIZER ADDED SUBROUTINE, CALLED 3 TIMES, CODE SIZE REDUCTION:5 WORDS
                 SUBOPT_0x1:
00017f 940e 0137 	CALL __long_delay_G100
000181 e3e0      	LDI  R30,LOW(48)
000182 93ea      	ST   -Y,R30
000183 cfb8      	RJMP __lcd_init_write_G100
                 
                 ;OPTIMIZER ADDED SUBROUTINE, CALLED 3 TIMES, CODE SIZE REDUCTION:3 WORDS
                 SUBOPT_0x2:
000184 93ea      	ST   -Y,R30
000185 940e 00ff 	CALL __lcd_write_data
000187 940c 0137 	JMP  __long_delay_G100
                 
                 
                 	.CSEG
                 ;END OF CODE MARKER
                 __END_OF_CODE:


RESOURCE USE INFORMATION
------------------------

Notice:
The register and instruction counts are symbol table hit counts,
and hence implicitly used resources are not counted, eg, the
'lpm' instruction without operands implicitly uses r0 and z,
none of which are counted.

x,y,z are separate entities in the symbol table and are
counted separately from r26..r31 here.

.dseg memory usage only counts static data declared with .byte

ATmega16 register use summary:
r0 :  11 r1 :   1 r2 :   0 r3 :   0 r4 :   2 r5 :   2 r6 :   5 r7 :   5 
r8 :   4 r9 :   4 r10:   2 r11:   1 r12:   2 r13:   1 r14:   0 r15:   0 
r16:   0 r17:   0 r18:   0 r19:   0 r20:   0 r21:   0 r22:   2 r23:   0 
r24:   7 r25:   2 r26:  28 r27:   8 r28:   3 r29:   1 r30: 120 r31:  17 
x  :   3 y  :  25 z  :   8 
Registers used: 24 out of 35 (68.6%)

ATmega16 instruction use summary:
adc   :   0 add   :   0 adiw  :   1 and   :   0 andi  :   6 asr   :   0 
bclr  :   0 bld   :   0 brbc  :   0 brbs  :   0 brcc  :   0 brcs  :   0 
break :   0 breq  :   2 brge  :   0 brhc  :   0 brhs  :   0 brid  :   0 
brie  :   0 brlo  :   0 brlt  :   0 brmi  :   0 brne  :   7 brpl  :   0 
brsh  :   4 brtc  :   0 brts  :   0 brvc  :   0 brvs  :   0 bset  :   0 
bst   :   0 call  :  21 cbi   :  10 cbr   :   0 clc   :   0 clh   :   0 
cli   :   1 cln   :   0 clr   :  12 cls   :   0 clt   :   0 clv   :   0 
clz   :   0 com   :   0 cp    :   4 cpc   :   0 cpi   :   1 cpse  :   0 
dec   :   2 des   :   0 eor   :   0 fmul  :   0 fmuls :   0 fmulsu:   0 
icall :   0 ijmp  :   0 in    :  10 inc   :   4 jmp   :  24 ld    :  10 
ldd   :   0 ldi   :  49 lds   :   2 lpm   :   7 lsl   :   0 lsr   :   0 
mov   :   5 movw  :   5 mul   :   0 muls  :   0 mulsu :   0 neg   :   0 
nop   :   0 or    :   4 ori   :   2 out   :  48 pop   :   0 push  :   0 
rcall :  18 ret   :  10 reti  :   1 rjmp  :  10 rol   :   0 ror   :   0 
sbc   :   0 sbci  :   3 sbi   :   8 sbic  :   0 sbis  :   0 sbiw  :   5 
sbr   :   0 sbrc  :   1 sbrs  :   0 sec   :   0 seh   :   0 sei   :   1 
sen   :   0 ser   :   0 ses   :   0 set   :   0 sev   :   0 sez   :   0 
sleep :   0 spm   :   0 st    :  19 std   :   0 sts   :   5 sub   :   0 
subi  :   3 swap  :   2 tst   :   0 wdr   :   0 
Instructions used: 37 out of 112 (33.0%)

ATmega16 memory use summary [bytes]:
Segment   Begin    End      Code   Data   Used    Size   Use%
---------------------------------------------------------------
[.cseg] 0x000000 0x000312    758     28    786   16384   4.8%
[.dseg] 0x000060 0x00016c      0     12     12    1024   1.2%
[.eseg] 0x000000 0x000000      0      0      0     512   0.0%

Assembly complete, 0 errors, 9 warnings
