
AVRASM ver. 2.1.17  C:\Documents and Settings\Shaunak\My Documents\code vision avr projects\DCmouse\List\BP.asm Sun Dec 28 01:03:53 2008

C:\Documents and Settings\Shaunak\My Documents\code vision avr projects\DCmouse\List\BP.asm(1016): warning: Register r5 already defined by the .DEF directive
C:\Documents and Settings\Shaunak\My Documents\code vision avr projects\DCmouse\List\BP.asm(1017): warning: Register r4 already defined by the .DEF directive
C:\Documents and Settings\Shaunak\My Documents\code vision avr projects\DCmouse\List\BP.asm(1018): warning: Register r7 already defined by the .DEF directive
C:\Documents and Settings\Shaunak\My Documents\code vision avr projects\DCmouse\List\BP.asm(1019): warning: Register r6 already defined by the .DEF directive
C:\Documents and Settings\Shaunak\My Documents\code vision avr projects\DCmouse\List\BP.asm(1020): warning: Register r9 already defined by the .DEF directive
C:\Documents and Settings\Shaunak\My Documents\code vision avr projects\DCmouse\List\BP.asm(1021): warning: Register r8 already defined by the .DEF directive
C:\Documents and Settings\Shaunak\My Documents\code vision avr projects\DCmouse\List\BP.asm(1022): warning: Register r11 already defined by the .DEF directive
C:\Documents and Settings\Shaunak\My Documents\code vision avr projects\DCmouse\List\BP.asm(1023): warning: Register r12 already defined by the .DEF directive
C:\Documents and Settings\Shaunak\My Documents\code vision avr projects\DCmouse\List\BP.asm(1024): warning: Register r10 already defined by the .DEF directive
                 
                 
                 ;CodeVisionAVR C Compiler V2.03.8a Evaluation
                 ;(C) Copyright 1998-2008 Pavel Haiduc, HP InfoTech s.r.l.
                 ;http://www.hpinfotech.com
                 
                 ;Chip type              : ATmega16
                 ;Program type           : Application
                 ;Clock frequency        : 16.000000 MHz
                 ;Memory model           : Small
                 ;Optimize for           : Size
                 ;(s)printf features     : int, width
                 ;(s)scanf features      : int, width
                 ;External RAM size      : 0
                 ;Data Stack size        : 256 byte(s)
                 ;Heap size              : 0 byte(s)
                 ;Promote char to int    : Yes
                 ;char is unsigned       : Yes
                 ;global const stored in FLASH  : No
                 ;8 bit enums            : Yes
                 ;Enhanced core instructions    : On
                 ;Smart register allocation : On
                 ;Automatic register allocation : On
                 
                 	#pragma AVRPART ADMIN PART_NAME ATmega16
                 	#pragma AVRPART MEMORY PROG_FLASH 16384
                 	#pragma AVRPART MEMORY EEPROM 512
                 	#pragma AVRPART MEMORY INT_SRAM SIZE 1024
                 	#pragma AVRPART MEMORY INT_SRAM START_ADDR 0x60
                 
                 	.LISTMAC
                 	.EQU UDRE=0x5
                 	.EQU RXC=0x7
                 	.EQU USR=0xB
                 	.EQU UDR=0xC
                 	.EQU SPSR=0xE
                 	.EQU SPDR=0xF
                 	.EQU EERE=0x0
                 	.EQU EEWE=0x1
                 	.EQU EEMWE=0x2
                 	.EQU EECR=0x1C
                 	.EQU EEDR=0x1D
                 	.EQU EEARL=0x1E
                 	.EQU EEARH=0x1F
                 	.EQU WDTCR=0x21
                 	.EQU MCUCR=0x35
                 	.EQU GICR=0x3B
                 	.EQU SPL=0x3D
                 	.EQU SPH=0x3E
                 	.EQU SREG=0x3F
                 
                 	.DEF R0X0=R0
                 	.DEF R0X1=R1
                 	.DEF R0X2=R2
                 	.DEF R0X3=R3
                 	.DEF R0X4=R4
                 	.DEF R0X5=R5
                 	.DEF R0X6=R6
                 	.DEF R0X7=R7
                 	.DEF R0X8=R8
                 	.DEF R0X9=R9
                 	.DEF R0XA=R10
                 	.DEF R0XB=R11
                 	.DEF R0XC=R12
                 	.DEF R0XD=R13
                 	.DEF R0XE=R14
                 	.DEF R0XF=R15
                 	.DEF R0X10=R16
                 	.DEF R0X11=R17
                 	.DEF R0X12=R18
                 	.DEF R0X13=R19
                 	.DEF R0X14=R20
                 	.DEF R0X15=R21
                 	.DEF R0X16=R22
                 	.DEF R0X17=R23
                 	.DEF R0X18=R24
                 	.DEF R0X19=R25
                 	.DEF R0X1A=R26
                 	.DEF R0X1B=R27
                 	.DEF R0X1C=R28
                 	.DEF R0X1D=R29
                 	.DEF R0X1E=R30
                 	.DEF R0X1F=R31
                 
                 	.MACRO __CPD1N
                 	CPI  R30,LOW(@0)
                 	LDI  R26,HIGH(@0)
                 	CPC  R31,R26
                 	LDI  R26,BYTE3(@0)
                 	CPC  R22,R26
                 	LDI  R26,BYTE4(@0)
                 	CPC  R23,R26
                 	.ENDM
                 
                 	.MACRO __CPD2N
                 	CPI  R26,LOW(@0)
                 	LDI  R30,HIGH(@0)
                 	CPC  R27,R30
                 	LDI  R30,BYTE3(@0)
                 	CPC  R24,R30
                 	LDI  R30,BYTE4(@0)
                 	CPC  R25,R30
                 	.ENDM
                 
                 	.MACRO __CPWRR
                 	CP   R@0,R@2
                 	CPC  R@1,R@3
                 	.ENDM
                 
                 	.MACRO __CPWRN
                 	CPI  R@0,LOW(@2)
                 	LDI  R30,HIGH(@2)
                 	CPC  R@1,R30
                 	.ENDM
                 
                 	.MACRO __ADDB1MN
                 	SUBI R30,LOW(-@0-(@1))
                 	.ENDM
                 
                 	.MACRO __ADDB2MN
                 	SUBI R26,LOW(-@0-(@1))
                 	.ENDM
                 
                 	.MACRO __ADDW1MN
                 	SUBI R30,LOW(-@0-(@1))
                 	SBCI R31,HIGH(-@0-(@1))
                 	.ENDM
                 
                 	.MACRO __ADDW2MN
                 	SUBI R26,LOW(-@0-(@1))
                 	SBCI R27,HIGH(-@0-(@1))
                 	.ENDM
                 
                 	.MACRO __ADDW1FN
                 	SUBI R30,LOW(-2*@0-(@1))
                 	SBCI R31,HIGH(-2*@0-(@1))
                 	.ENDM
                 
                 	.MACRO __ADDD1FN
                 	SUBI R30,LOW(-2*@0-(@1))
                 	SBCI R31,HIGH(-2*@0-(@1))
                 	SBCI R22,BYTE3(-2*@0-(@1))
                 	.ENDM
                 
                 	.MACRO __ADDD1N
                 	SUBI R30,LOW(-@0)
                 	SBCI R31,HIGH(-@0)
                 	SBCI R22,BYTE3(-@0)
                 	SBCI R23,BYTE4(-@0)
                 	.ENDM
                 
                 	.MACRO __ADDD2N
                 	SUBI R26,LOW(-@0)
                 	SBCI R27,HIGH(-@0)
                 	SBCI R24,BYTE3(-@0)
                 	SBCI R25,BYTE4(-@0)
                 	.ENDM
                 
                 	.MACRO __SUBD1N
                 	SUBI R30,LOW(@0)
                 	SBCI R31,HIGH(@0)
                 	SBCI R22,BYTE3(@0)
                 	SBCI R23,BYTE4(@0)
                 	.ENDM
                 
                 	.MACRO __SUBD2N
                 	SUBI R26,LOW(@0)
                 	SBCI R27,HIGH(@0)
                 	SBCI R24,BYTE3(@0)
                 	SBCI R25,BYTE4(@0)
                 	.ENDM
                 
                 	.MACRO __ANDBMNN
                 	LDS  R30,@0+@1
                 	ANDI R30,LOW(@2)
                 	STS  @0+@1,R30
                 	.ENDM
                 
                 	.MACRO __ANDWMNN
                 	LDS  R30,@0+@1
                 	ANDI R30,LOW(@2)
                 	STS  @0+@1,R30
                 	LDS  R30,@0+@1+1
                 	ANDI R30,HIGH(@2)
                 	STS  @0+@1+1,R30
                 	.ENDM
                 
                 	.MACRO __ANDD1N
                 	ANDI R30,LOW(@0)
                 	ANDI R31,HIGH(@0)
                 	ANDI R22,BYTE3(@0)
                 	ANDI R23,BYTE4(@0)
                 	.ENDM
                 
                 	.MACRO __ANDD2N
                 	ANDI R26,LOW(@0)
                 	ANDI R27,HIGH(@0)
                 	ANDI R24,BYTE3(@0)
                 	ANDI R25,BYTE4(@0)
                 	.ENDM
                 
                 	.MACRO __ORBMNN
                 	LDS  R30,@0+@1
                 	ORI  R30,LOW(@2)
                 	STS  @0+@1,R30
                 	.ENDM
                 
                 	.MACRO __ORWMNN
                 	LDS  R30,@0+@1
                 	ORI  R30,LOW(@2)
                 	STS  @0+@1,R30
                 	LDS  R30,@0+@1+1
                 	ORI  R30,HIGH(@2)
                 	STS  @0+@1+1,R30
                 	.ENDM
                 
                 	.MACRO __ORD1N
                 	ORI  R30,LOW(@0)
                 	ORI  R31,HIGH(@0)
                 	ORI  R22,BYTE3(@0)
                 	ORI  R23,BYTE4(@0)
                 	.ENDM
                 
                 	.MACRO __ORD2N
                 	ORI  R26,LOW(@0)
                 	ORI  R27,HIGH(@0)
                 	ORI  R24,BYTE3(@0)
                 	ORI  R25,BYTE4(@0)
                 	.ENDM
                 
                 	.MACRO __DELAY_USB
                 	LDI  R24,LOW(@0)
                 __DELAY_USB_LOOP:
                 	DEC  R24
                 	BRNE __DELAY_USB_LOOP
                 	.ENDM
                 
                 	.MACRO __DELAY_USW
                 	LDI  R24,LOW(@0)
                 	LDI  R25,HIGH(@0)
                 __DELAY_USW_LOOP:
                 	SBIW R24,1
                 	BRNE __DELAY_USW_LOOP
                 	.ENDM
                 
                 	.MACRO __GETD1S
                 	LDD  R30,Y+@0
                 	LDD  R31,Y+@0+1
                 	LDD  R22,Y+@0+2
                 	LDD  R23,Y+@0+3
                 	.ENDM
                 
                 	.MACRO __PUTD1S
                 	STD  Y+@0,R30
                 	STD  Y+@0+1,R31
                 	STD  Y+@0+2,R22
                 	STD  Y+@0+3,R23
                 	.ENDM
                 
                 	.MACRO __PUTD2S
                 	STD  Y+@0,R26
                 	STD  Y+@0+1,R27
                 	STD  Y+@0+2,R24
                 	STD  Y+@0+3,R25
                 	.ENDM
                 
                 	.MACRO __POINTB1MN
                 	LDI  R30,LOW(@0+@1)
                 	.ENDM
                 
                 	.MACRO __POINTW1MN
                 	LDI  R30,LOW(@0+@1)
                 	LDI  R31,HIGH(@0+@1)
                 	.ENDM
                 
                 	.MACRO __POINTD1M
                 	LDI  R30,LOW(@0)
                 	LDI  R31,HIGH(@0)
                 	LDI  R22,BYTE3(@0)
                 	LDI  R23,BYTE4(@0)
                 	.ENDM
                 
                 	.MACRO __POINTW1FN
                 	LDI  R30,LOW(2*@0+@1)
                 	LDI  R31,HIGH(2*@0+@1)
                 	.ENDM
                 
                 	.MACRO __POINTD1FN
                 	LDI  R30,LOW(2*@0+@1)
                 	LDI  R31,HIGH(2*@0+@1)
                 	LDI  R22,BYTE3(2*@0+@1)
                 	LDI  R23,BYTE4(2*@0+@1)
                 	.ENDM
                 
                 	.MACRO __POINTB2MN
                 	LDI  R26,LOW(@0+@1)
                 	.ENDM
                 
                 	.MACRO __POINTW2MN
                 	LDI  R26,LOW(@0+@1)
                 	LDI  R27,HIGH(@0+@1)
                 	.ENDM
                 
                 	.MACRO __POINTBRM
                 	LDI  R@0,LOW(@1)
                 	.ENDM
                 
                 	.MACRO __POINTWRM
                 	LDI  R@0,LOW(@2)
                 	LDI  R@1,HIGH(@2)
                 	.ENDM
                 
                 	.MACRO __POINTBRMN
                 	LDI  R@0,LOW(@1+@2)
                 	.ENDM
                 
                 	.MACRO __POINTWRMN
                 	LDI  R@0,LOW(@2+@3)
                 	LDI  R@1,HIGH(@2+@3)
                 	.ENDM
                 
                 	.MACRO __POINTWRFN
                 	LDI  R@0,LOW(@2*2+@3)
                 	LDI  R@1,HIGH(@2*2+@3)
                 	.ENDM
                 
                 	.MACRO __GETD1N
                 	LDI  R30,LOW(@0)
                 	LDI  R31,HIGH(@0)
                 	LDI  R22,BYTE3(@0)
                 	LDI  R23,BYTE4(@0)
                 	.ENDM
                 
                 	.MACRO __GETD2N
                 	LDI  R26,LOW(@0)
                 	LDI  R27,HIGH(@0)
                 	LDI  R24,BYTE3(@0)
                 	LDI  R25,BYTE4(@0)
                 	.ENDM
                 
                 	.MACRO __GETD2S
                 	LDD  R26,Y+@0
                 	LDD  R27,Y+@0+1
                 	LDD  R24,Y+@0+2
                 	LDD  R25,Y+@0+3
                 	.ENDM
                 
                 	.MACRO __GETB1MN
                 	LDS  R30,@0+@1
                 	.ENDM
                 
                 	.MACRO __GETB1HMN
                 	LDS  R31,@0+@1
                 	.ENDM
                 
                 	.MACRO __GETW1MN
                 	LDS  R30,@0+@1
                 	LDS  R31,@0+@1+1
                 	.ENDM
                 
                 	.MACRO __GETD1MN
                 	LDS  R30,@0+@1
                 	LDS  R31,@0+@1+1
                 	LDS  R22,@0+@1+2
                 	LDS  R23,@0+@1+3
                 	.ENDM
                 
                 	.MACRO __GETBRMN
                 	LDS  R@0,@1+@2
                 	.ENDM
                 
                 	.MACRO __GETWRMN
                 	LDS  R@0,@2+@3
                 	LDS  R@1,@2+@3+1
                 	.ENDM
                 
                 	.MACRO __GETWRZ
                 	LDD  R@0,Z+@2
                 	LDD  R@1,Z+@2+1
                 	.ENDM
                 
                 	.MACRO __GETD2Z
                 	LDD  R26,Z+@0
                 	LDD  R27,Z+@0+1
                 	LDD  R24,Z+@0+2
                 	LDD  R25,Z+@0+3
                 	.ENDM
                 
                 	.MACRO __GETB2MN
                 	LDS  R26,@0+@1
                 	.ENDM
                 
                 	.MACRO __GETW2MN
                 	LDS  R26,@0+@1
                 	LDS  R27,@0+@1+1
                 	.ENDM
                 
                 	.MACRO __GETD2MN
                 	LDS  R26,@0+@1
                 	LDS  R27,@0+@1+1
                 	LDS  R24,@0+@1+2
                 	LDS  R25,@0+@1+3
                 	.ENDM
                 
                 	.MACRO __PUTB1MN
                 	STS  @0+@1,R30
                 	.ENDM
                 
                 	.MACRO __PUTW1MN
                 	STS  @0+@1,R30
                 	STS  @0+@1+1,R31
                 	.ENDM
                 
                 	.MACRO __PUTD1MN
                 	STS  @0+@1,R30
                 	STS  @0+@1+1,R31
                 	STS  @0+@1+2,R22
                 	STS  @0+@1+3,R23
                 	.ENDM
                 
                 	.MACRO __PUTB1EN
                 	LDI  R26,LOW(@0+@1)
                 	LDI  R27,HIGH(@0+@1)
                 	CALL __EEPROMWRB
                 	.ENDM
                 
                 	.MACRO __PUTW1EN
                 	LDI  R26,LOW(@0+@1)
                 	LDI  R27,HIGH(@0+@1)
                 	CALL __EEPROMWRW
                 	.ENDM
                 
                 	.MACRO __PUTD1EN
                 	LDI  R26,LOW(@0+@1)
                 	LDI  R27,HIGH(@0+@1)
                 	CALL __EEPROMWRD
                 	.ENDM
                 
                 	.MACRO __PUTBR0MN
                 	STS  @0+@1,R0
                 	.ENDM
                 
                 	.MACRO __PUTDZ2
                 	STD  Z+@0,R26
                 	STD  Z+@0+1,R27
                 	STD  Z+@0+2,R24
                 	STD  Z+@0+3,R25
                 	.ENDM
                 
                 	.MACRO __PUTBMRN
                 	STS  @0+@1,R@2
                 	.ENDM
                 
                 	.MACRO __PUTWMRN
                 	STS  @0+@1,R@2
                 	STS  @0+@1+1,R@3
                 	.ENDM
                 
                 	.MACRO __PUTBZR
                 	STD  Z+@1,R@0
                 	.ENDM
                 
                 	.MACRO __PUTWZR
                 	STD  Z+@2,R@0
                 	STD  Z+@2+1,R@1
                 	.ENDM
                 
                 	.MACRO __GETW1R
                 	MOV  R30,R@0
                 	MOV  R31,R@1
                 	.ENDM
                 
                 	.MACRO __GETW2R
                 	MOV  R26,R@0
                 	MOV  R27,R@1
                 	.ENDM
                 
                 	.MACRO __GETWRN
                 	LDI  R@0,LOW(@2)
                 	LDI  R@1,HIGH(@2)
                 	.ENDM
                 
                 	.MACRO __PUTW1R
                 	MOV  R@0,R30
                 	MOV  R@1,R31
                 	.ENDM
                 
                 	.MACRO __PUTW2R
                 	MOV  R@0,R26
                 	MOV  R@1,R27
                 	.ENDM
                 
                 	.MACRO __ADDWRN
                 	SUBI R@0,LOW(-@2)
                 	SBCI R@1,HIGH(-@2)
                 	.ENDM
                 
                 	.MACRO __ADDWRR
                 	ADD  R@0,R@2
                 	ADC  R@1,R@3
                 	.ENDM
                 
                 	.MACRO __SUBWRN
                 	SUBI R@0,LOW(@2)
                 	SBCI R@1,HIGH(@2)
                 	.ENDM
                 
                 	.MACRO __SUBWRR
                 	SUB  R@0,R@2
                 	SBC  R@1,R@3
                 	.ENDM
                 
                 	.MACRO __ANDWRN
                 	ANDI R@0,LOW(@2)
                 	ANDI R@1,HIGH(@2)
                 	.ENDM
                 
                 	.MACRO __ANDWRR
                 	AND  R@0,R@2
                 	AND  R@1,R@3
                 	.ENDM
                 
                 	.MACRO __ORWRN
                 	ORI  R@0,LOW(@2)
                 	ORI  R@1,HIGH(@2)
                 	.ENDM
                 
                 	.MACRO __ORWRR
                 	OR   R@0,R@2
                 	OR   R@1,R@3
                 	.ENDM
                 
                 	.MACRO __EORWRR
                 	EOR  R@0,R@2
                 	EOR  R@1,R@3
                 	.ENDM
                 
                 	.MACRO __GETWRS
                 	LDD  R@0,Y+@2
                 	LDD  R@1,Y+@2+1
                 	.ENDM
                 
                 	.MACRO __PUTWSR
                 	STD  Y+@2,R@0
                 	STD  Y+@2+1,R@1
                 	.ENDM
                 
                 	.MACRO __MOVEWRR
                 	MOV  R@0,R@2
                 	MOV  R@1,R@3
                 	.ENDM
                 
                 	.MACRO __INWR
                 	IN   R@0,@2
                 	IN   R@1,@2+1
                 	.ENDM
                 
                 	.MACRO __OUTWR
                 	OUT  @2+1,R@1
                 	OUT  @2,R@0
                 	.ENDM
                 
                 	.MACRO __CALL1MN
                 	LDS  R30,@0+@1
                 	LDS  R31,@0+@1+1
                 	ICALL
                 	.ENDM
                 
                 	.MACRO __CALL1FN
                 	LDI  R30,LOW(2*@0+@1)
                 	LDI  R31,HIGH(2*@0+@1)
                 	CALL __GETW1PF
                 	ICALL
                 	.ENDM
                 
                 	.MACRO __CALL2EN
                 	LDI  R26,LOW(@0+@1)
                 	LDI  R27,HIGH(@0+@1)
                 	CALL __EEPROMRDW
                 	ICALL
                 	.ENDM
                 
                 	.MACRO __GETW1STACK
                 	IN   R26,SPL
                 	IN   R27,SPH
                 	ADIW R26,@0+1
                 	LD   R30,X+
                 	LD   R31,X
                 	.ENDM
                 
                 	.MACRO __NBST
                 	BST  R@0,@1
                 	IN   R30,SREG
                 	LDI  R31,0x40
                 	EOR  R30,R31
                 	OUT  SREG,R30
                 	.ENDM
                 
                 
                 	.MACRO __PUTB1SN
                 	LDD  R26,Y+@0
                 	LDD  R27,Y+@0+1
                 	SUBI R26,LOW(-@1)
                 	SBCI R27,HIGH(-@1)
                 	ST   X,R30
                 	.ENDM
                 
                 	.MACRO __PUTW1SN
                 	LDD  R26,Y+@0
                 	LDD  R27,Y+@0+1
                 	SUBI R26,LOW(-@1)
                 	SBCI R27,HIGH(-@1)
                 	ST   X+,R30
                 	ST   X,R31
                 	.ENDM
                 
                 	.MACRO __PUTD1SN
                 	LDD  R26,Y+@0
                 	LDD  R27,Y+@0+1
                 	SUBI R26,LOW(-@1)
                 	SBCI R27,HIGH(-@1)
                 	CALL __PUTDP1
                 	.ENDM
                 
                 	.MACRO __PUTB1SNS
                 	LDD  R26,Y+@0
                 	LDD  R27,Y+@0+1
                 	ADIW R26,@1
                 	ST   X,R30
                 	.ENDM
                 
                 	.MACRO __PUTW1SNS
                 	LDD  R26,Y+@0
                 	LDD  R27,Y+@0+1
                 	ADIW R26,@1
                 	ST   X+,R30
                 	ST   X,R31
                 	.ENDM
                 
                 	.MACRO __PUTD1SNS
                 	LDD  R26,Y+@0
                 	LDD  R27,Y+@0+1
                 	ADIW R26,@1
                 	CALL __PUTDP1
                 	.ENDM
                 
                 	.MACRO __PUTB1PMN
                 	LDS  R26,@0
                 	LDS  R27,@0+1
                 	SUBI R26,LOW(-@1)
                 	SBCI R27,HIGH(-@1)
                 	ST   X,R30
                 	.ENDM
                 
                 	.MACRO __PUTW1PMN
                 	LDS  R26,@0
                 	LDS  R27,@0+1
                 	SUBI R26,LOW(-@1)
                 	SBCI R27,HIGH(-@1)
                 	ST   X+,R30
                 	ST   X,R31
                 	.ENDM
                 
                 	.MACRO __PUTD1PMN
                 	LDS  R26,@0
                 	LDS  R27,@0+1
                 	SUBI R26,LOW(-@1)
                 	SBCI R27,HIGH(-@1)
                 	CALL __PUTDP1
                 	.ENDM
                 
                 	.MACRO __PUTB1PMNS
                 	LDS  R26,@0
                 	LDS  R27,@0+1
                 	ADIW R26,@1
                 	ST   X,R30
                 	.ENDM
                 
                 	.MACRO __PUTW1PMNS
                 	LDS  R26,@0
                 	LDS  R27,@0+1
                 	ADIW R26,@1
                 	ST   X+,R30
                 	ST   X,R31
                 	.ENDM
                 
                 	.MACRO __PUTD1PMNS
                 	LDS  R26,@0
                 	LDS  R27,@0+1
                 	ADIW R26,@1
                 	CALL __PUTDP1
                 	.ENDM
                 
                 	.MACRO __PUTB1RN
                 	MOVW R26,R@0
                 	SUBI R26,LOW(-@1)
                 	SBCI R27,HIGH(-@1)
                 	ST   X,R30
                 	.ENDM
                 
                 	.MACRO __PUTW1RN
                 	MOVW R26,R@0
                 	SUBI R26,LOW(-@1)
                 	SBCI R27,HIGH(-@1)
                 	ST   X+,R30
                 	ST   X,R31
                 	.ENDM
                 
                 	.MACRO __PUTD1RN
                 	MOVW R26,R@0
                 	SUBI R26,LOW(-@1)
                 	SBCI R27,HIGH(-@1)
                 	CALL __PUTDP1
                 	.ENDM
                 
                 	.MACRO __PUTB1RNS
                 	MOVW R26,R@0
                 	ADIW R26,@1
                 	ST   X,R30
                 	.ENDM
                 
                 	.MACRO __PUTW1RNS
                 	MOVW R26,R@0
                 	ADIW R26,@1
                 	ST   X+,R30
                 	ST   X,R31
                 	.ENDM
                 
                 	.MACRO __PUTD1RNS
                 	MOVW R26,R@0
                 	ADIW R26,@1
                 	CALL __PUTDP1
                 	.ENDM
                 
                 	.MACRO __PUTB1RON
                 	MOV  R26,R@0
                 	MOV  R27,R@1
                 	SUBI R26,LOW(-@2)
                 	SBCI R27,HIGH(-@2)
                 	ST   X,R30
                 	.ENDM
                 
                 	.MACRO __PUTW1RON
                 	MOV  R26,R@0
                 	MOV  R27,R@1
                 	SUBI R26,LOW(-@2)
                 	SBCI R27,HIGH(-@2)
                 	ST   X+,R30
                 	ST   X,R31
                 	.ENDM
                 
                 	.MACRO __PUTD1RON
                 	MOV  R26,R@0
                 	MOV  R27,R@1
                 	SUBI R26,LOW(-@2)
                 	SBCI R27,HIGH(-@2)
                 	CALL __PUTDP1
                 	.ENDM
                 
                 	.MACRO __PUTB1RONS
                 	MOV  R26,R@0
                 	MOV  R27,R@1
                 	ADIW R26,@2
                 	ST   X,R30
                 	.ENDM
                 
                 	.MACRO __PUTW1RONS
                 	MOV  R26,R@0
                 	MOV  R27,R@1
                 	ADIW R26,@2
                 	ST   X+,R30
                 	ST   X,R31
                 	.ENDM
                 
                 	.MACRO __PUTD1RONS
                 	MOV  R26,R@0
                 	MOV  R27,R@1
                 	ADIW R26,@2
                 	CALL __PUTDP1
                 	.ENDM
                 
                 
                 	.MACRO __GETB1SX
                 	MOVW R30,R28
                 	SUBI R30,LOW(-@0)
                 	SBCI R31,HIGH(-@0)
                 	LD   R30,Z
                 	.ENDM
                 
                 	.MACRO __GETB1HSX
                 	MOVW R30,R28
                 	SUBI R30,LOW(-@0)
                 	SBCI R31,HIGH(-@0)
                 	LD   R31,Z
                 	.ENDM
                 
                 	.MACRO __GETW1SX
                 	MOVW R30,R28
                 	SUBI R30,LOW(-@0)
                 	SBCI R31,HIGH(-@0)
                 	LD   R0,Z+
                 	LD   R31,Z
                 	MOV  R30,R0
                 	.ENDM
                 
                 	.MACRO __GETD1SX
                 	MOVW R30,R28
                 	SUBI R30,LOW(-@0)
                 	SBCI R31,HIGH(-@0)
                 	LD   R0,Z+
                 	LD   R1,Z+
                 	LD   R22,Z+
                 	LD   R23,Z
                 	MOVW R30,R0
                 	.ENDM
                 
                 	.MACRO __GETB2SX
                 	MOVW R26,R28
                 	SUBI R26,LOW(-@0)
                 	SBCI R27,HIGH(-@0)
                 	LD   R26,X
                 	.ENDM
                 
                 	.MACRO __GETW2SX
                 	MOVW R26,R28
                 	SUBI R26,LOW(-@0)
                 	SBCI R27,HIGH(-@0)
                 	LD   R0,X+
                 	LD   R27,X
                 	MOV  R26,R0
                 	.ENDM
                 
                 	.MACRO __GETD2SX
                 	MOVW R26,R28
                 	SUBI R26,LOW(-@0)
                 	SBCI R27,HIGH(-@0)
                 	LD   R0,X+
                 	LD   R1,X+
                 	LD   R24,X+
                 	LD   R25,X
                 	MOVW R26,R0
                 	.ENDM
                 
                 	.MACRO __GETBRSX
                 	MOVW R30,R28
                 	SUBI R30,LOW(-@1)
                 	SBCI R31,HIGH(-@1)
                 	LD   R@0,Z
                 	.ENDM
                 
                 	.MACRO __GETWRSX
                 	MOVW R30,R28
                 	SUBI R30,LOW(-@2)
                 	SBCI R31,HIGH(-@2)
                 	LD   R@0,Z+
                 	LD   R@1,Z
                 	.ENDM
                 
                 	.MACRO __LSLW8SX
                 	MOVW R30,R28
                 	SUBI R30,LOW(-@0)
                 	SBCI R31,HIGH(-@0)
                 	LD   R31,Z
                 	CLR  R30
                 	.ENDM
                 
                 	.MACRO __PUTB1SX
                 	MOVW R26,R28
                 	SUBI R26,LOW(-@0)
                 	SBCI R27,HIGH(-@0)
                 	ST   X,R30
                 	.ENDM
                 
                 	.MACRO __PUTW1SX
                 	MOVW R26,R28
                 	SUBI R26,LOW(-@0)
                 	SBCI R27,HIGH(-@0)
                 	ST   X+,R30
                 	ST   X,R31
                 	.ENDM
                 
                 	.MACRO __PUTD1SX
                 	MOVW R26,R28
                 	SUBI R26,LOW(-@0)
                 	SBCI R27,HIGH(-@0)
                 	ST   X+,R30
                 	ST   X+,R31
                 	ST   X+,R22
                 	ST   X,R23
                 	.ENDM
                 
                 	.MACRO __CLRW1SX
                 	MOVW R26,R28
                 	SUBI R26,LOW(-@0)
                 	SBCI R27,HIGH(-@0)
                 	ST   X+,R30
                 	ST   X,R30
                 	.ENDM
                 
                 	.MACRO __CLRD1SX
                 	MOVW R26,R28
                 	SUBI R26,LOW(-@0)
                 	SBCI R27,HIGH(-@0)
                 	ST   X+,R30
                 	ST   X+,R30
                 	ST   X+,R30
                 	ST   X,R30
                 	.ENDM
                 
                 	.MACRO __PUTB2SX
                 	MOVW R30,R28
                 	SUBI R30,LOW(-@0)
                 	SBCI R31,HIGH(-@0)
                 	ST   Z,R26
                 	.ENDM
                 
                 	.MACRO __PUTW2SX
                 	MOVW R30,R28
                 	SUBI R30,LOW(-@0)
                 	SBCI R31,HIGH(-@0)
                 	ST   Z+,R26
                 	ST   Z,R27
                 	.ENDM
                 
                 	.MACRO __PUTD2SX
                 	MOVW R30,R28
                 	SUBI R30,LOW(-@0)
                 	SBCI R31,HIGH(-@0)
                 	ST   Z+,R26
                 	ST   Z+,R27
                 	ST   Z+,R24
                 	ST   Z,R25
                 	.ENDM
                 
                 	.MACRO __PUTBSRX
                 	MOVW R30,R28
                 	SUBI R30,LOW(-@0)
                 	SBCI R31,HIGH(-@0)
                 	ST   Z,R@1
                 	.ENDM
                 
                 	.MACRO __PUTWSRX
                 	MOVW R30,R28
                 	SUBI R30,LOW(-@2)
                 	SBCI R31,HIGH(-@2)
                 	ST   Z+,R@0
                 	ST   Z,R@1
                 	.ENDM
                 
                 	.MACRO __PUTB1SNX
                 	MOVW R26,R28
                 	SUBI R26,LOW(-@0)
                 	SBCI R27,HIGH(-@0)
                 	LD   R0,X+
                 	LD   R27,X
                 	MOV  R26,R0
                 	SUBI R26,LOW(-@1)
                 	SBCI R27,HIGH(-@1)
                 	ST   X,R30
                 	.ENDM
                 
                 	.MACRO __PUTW1SNX
                 	MOVW R26,R28
                 	SUBI R26,LOW(-@0)
                 	SBCI R27,HIGH(-@0)
                 	LD   R0,X+
                 	LD   R27,X
                 	MOV  R26,R0
                 	SUBI R26,LOW(-@1)
                 	SBCI R27,HIGH(-@1)
                 	ST   X+,R30
                 	ST   X,R31
                 	.ENDM
                 
                 	.MACRO __PUTD1SNX
                 	MOVW R26,R28
                 	SUBI R26,LOW(-@0)
                 	SBCI R27,HIGH(-@0)
                 	LD   R0,X+
                 	LD   R27,X
                 	MOV  R26,R0
                 	SUBI R26,LOW(-@1)
                 	SBCI R27,HIGH(-@1)
                 	ST   X+,R30
                 	ST   X+,R31
                 	ST   X+,R22
                 	ST   X,R23
                 	.ENDM
                 
                 	.MACRO __MULBRR
                 	MULS R@0,R@1
                 	MOVW R30,R0
                 	.ENDM
                 
                 	.MACRO __MULBRRU
                 	MUL  R@0,R@1
                 	MOVW R30,R0
                 	.ENDM
                 
                 	.MACRO __MULBRR0
                 	MULS R@0,R@1
                 	.ENDM
                 
                 	.MACRO __MULBRRU0
                 	MUL  R@0,R@1
                 	.ENDM
                 
                 	.MACRO __MULBNWRU
                 	LDI  R26,@2
                 	MUL  R26,R@0
                 	MOVW R30,R0
                 	MUL  R26,R@1
                 	ADD  R31,R0
                 	.ENDM
                 
                 ;NAME DEFINITIONS FOR GLOBAL VARIABLES ALLOCATED TO REGISTERS
                 	.DEF _l_overflow=R5
                 	.DEF _r_overflow=R4
                 	.DEF _l_step=R7
                 	.DEF _r_step=R6
                 	.DEF _x=R9
                 	.DEF _y=R8
                 	.DEF _z=R11
                 	.DEF _rightMotorOn=R12
                 	.DEF _MOTOR_DELAY=R10
                 
                 	.CSEG
                 	.ORG 0x00
                 
                 ;INTERRUPT VECTORS
000000 940c 003d 	JMP  __RESET
000002 940c 0000 	JMP  0x00
000004 940c 0000 	JMP  0x00
000006 940c 0000 	JMP  0x00
000008 940c 0097 	JMP  _timer2_ovf_isr
00000a 940c 0000 	JMP  0x00
00000c 940c 0000 	JMP  0x00
00000e 940c 0000 	JMP  0x00
000010 940c 0000 	JMP  0x00
000012 940c 006d 	JMP  _timer0_ovf_isr
000014 940c 0000 	JMP  0x00
000016 940c 0000 	JMP  0x00
000018 940c 0000 	JMP  0x00
00001a 940c 0000 	JMP  0x00
00001c 940c 0000 	JMP  0x00
00001e 940c 0000 	JMP  0x00
000020 940c 0000 	JMP  0x00
000022 940c 0000 	JMP  0x00
000024 940c 0000 	JMP  0x00
000026 940c 0000 	JMP  0x00
000028 940c 0000 	JMP  0x00
                 
                 _0x3:
00002a 66cc
00002b 9933      	.DB  0xCC,0x66,0x33,0x99
                 _0x4:
00002c 3399
00002d cc66      	.DB  0x99,0x33,0x66,0xCC
                 _0x36:
C:\Documents and Settings\Shaunak\My Documents\code vision avr projects\DCmouse\List\BP.asm(1057): warning: .cseg .db misalignment - padding zero byte
00002e 000f      	.DB  0xF
                 _0x2000003:
00002f c080      	.DB  0x80,0xC0
                 
                 __GLOBAL_INI_TBL:
000030 0004      	.DW  0x04
000031 0160      	.DW  _step
000032 0054      	.DW  _0x3*2
                 
000033 0004      	.DW  0x04
000034 0164      	.DW  _step_rev
000035 0058      	.DW  _0x4*2
                 
000036 0001      	.DW  0x01
000037 000a      	.DW  0x0A
000038 005c      	.DW  _0x36*2
                 
000039 0002      	.DW  0x02
00003a 0175      	.DW  __base_y_G100
00003b 005e      	.DW  _0x2000003*2
                 
                 _0xFFFFFFFF:
00003c 0000      	.DW  0
                 
                 __RESET:
00003d 94f8      	CLI
00003e 27ee      	CLR  R30
00003f bbec      	OUT  EECR,R30
                 
                 ;INTERRUPT VECTORS ARE PLACED
                 ;AT THE START OF FLASH
000040 e0f1      	LDI  R31,1
000041 bffb      	OUT  GICR,R31
000042 bfeb      	OUT  GICR,R30
000043 bfe5      	OUT  MCUCR,R30
                 
                 ;DISABLE WATCHDOG
000044 e1f8      	LDI  R31,0x18
000045 bdf1      	OUT  WDTCR,R31
000046 bde1      	OUT  WDTCR,R30
                 
                 ;CLEAR R2-R14
000047 e08d      	LDI  R24,(14-2)+1
000048 e0a2      	LDI  R26,2
000049 27bb      	CLR  R27
                 __CLEAR_REG:
00004a 93ed      	ST   X+,R30
00004b 958a      	DEC  R24
00004c f7e9      	BRNE __CLEAR_REG
                 
                 ;CLEAR SRAM
00004d e080      	LDI  R24,LOW(0x400)
00004e e094      	LDI  R25,HIGH(0x400)
00004f e6a0      	LDI  R26,0x60
                 __CLEAR_SRAM:
000050 93ed      	ST   X+,R30
000051 9701      	SBIW R24,1
000052 f7e9      	BRNE __CLEAR_SRAM
                 
                 ;GLOBAL VARIABLES INITIALIZATION
000053 e6e0      	LDI  R30,LOW(__GLOBAL_INI_TBL*2)
000054 e0f0      	LDI  R31,HIGH(__GLOBAL_INI_TBL*2)
                 __GLOBAL_INI_NEXT:
000055 9185      	LPM  R24,Z+
000056 9195      	LPM  R25,Z+
000057 9700      	SBIW R24,0
000058 f061      	BREQ __GLOBAL_INI_END
000059 91a5      	LPM  R26,Z+
00005a 91b5      	LPM  R27,Z+
00005b 9005      	LPM  R0,Z+
00005c 9015      	LPM  R1,Z+
00005d 01bf      	MOVW R22,R30
00005e 01f0      	MOVW R30,R0
                 __GLOBAL_INI_LOOP:
00005f 9005      	LPM  R0,Z+
000060 920d      	ST   X+,R0
000061 9701      	SBIW R24,1
000062 f7e1      	BRNE __GLOBAL_INI_LOOP
000063 01fb      	MOVW R30,R22
000064 cff0      	RJMP __GLOBAL_INI_NEXT
                 __GLOBAL_INI_END:
                 
                 ;STACK POINTER INITIALIZATION
000065 e5ef      	LDI  R30,LOW(0x45F)
000066 bfed      	OUT  SPL,R30
000067 e0e4      	LDI  R30,HIGH(0x45F)
000068 bfee      	OUT  SPH,R30
                 
                 ;DATA STACK POINTER INITIALIZATION
000069 e6c0      	LDI  R28,LOW(0x160)
00006a e0d1      	LDI  R29,HIGH(0x160)
                 
00006b 940c 01dc 	JMP  _main
                 
                 	.ESEG
                 	.ORG 0
                 
                 	.DSEG
                 	.ORG 0x160
                 
                 	.CSEG
                 ;/*****************************************************
                 ;This program was produced by the
                 ;CodeWizardAVR V2.03.8a Evaluation
                 ;Automatic Program Generator
                 ;© Copyright 1998-2008 Pavel Haiduc, HP InfoTech s.r.l.
                 ;http://www.hpinfotech.com
                 ;
                 ;Project :
                 ;Version :
                 ;Date    : 12/17/2008
                 ;Author  : Freeware, for evaluation and non-commercial use only
                 ;Company :
                 ;Comments:
                 ;
                 ;
                 ;Chip type           : ATmega16
                 ;Program type        : Application
                 ;Clock frequency     : 16.000000 MHz
                 ;Memory model        : Small
                 ;External RAM size   : 0
                 ;Data Stack size     : 256
                 ;*****************************************************/
                 ;
                 ;#include <mega16.h>
                 	#ifndef __SLEEP_DEFINED__
                 	#define __SLEEP_DEFINED__
                 	.EQU __se_bit=0x40
                 	.EQU __sm_mask=0xB0
                 	.EQU __sm_powerdown=0x20
                 	.EQU __sm_powersave=0x30
                 	.EQU __sm_standby=0xA0
                 	.EQU __sm_ext_standby=0xB0
                 	.EQU __sm_adc_noise_red=0x10
                 	.SET power_ctrl_reg=mcucr
                 	#endif
                 ;
                 ;// Alphanumeric LCD Module functions
                 ;#asm
                    .equ __lcd_port=0x15 ;PORTC
                 ; 0000 001D #endasm
                 ;#include <lcd.h>
                 ;#include <delay.h>
                 ;
                 ;#define ADC_DELAY 40
                 ;#define TRUE 1
                 ;#define FALSE 0
                 ;#define SHOW_DISPLAY FALSE
                 ;#define ACC_FACTOR 5
                 ;#define SENSOR_TYPE 0
                 ;unsigned char step[4]={0xCC,0x66,0x33,0x99};
                 
                 	.DSEG
                 ;unsigned char step_rev[4]={0x99,0x33,0x66,0xCC};
                 ;unsigned char l_overflow,r_overflow,l_step,r_step,x,y,z;
                 ;unsigned rightMotorOn;
                 ;unsigned leftMotorOn;
                 ;unsigned int left,right,center;
                 ;int error,error0;
                 ;
                 ;unsigned char MOTOR_DELAY=15;
                 ;unsigned char ADC_CENTER;
                 ;
                 ;
                 ;void read(void);
                 ;void show(unsigned int ,unsigned char , unsigned char );
                 ;// Timer 0 overflow interrupt service routine
                 ;interrupt [TIM0_OVF] void timer0_ovf_isr(void)
                 ; 0000 0037 {
                 
                 	.CSEG
                 _timer0_ovf_isr:
00006d 940e 02f4 	CALL SUBOPT_0x0
                 ; 0000 0038    //right motor
                 ; 0000 0039    y++;
00006f 9483      	INC  R8
                 ; 0000 003A    if(y>r_overflow && rightMotorOn)
000070 1448      	CP   R4,R8
000071 f418      	BRSH _0x6
000072 2c0c      	MOV  R0,R12
000073 280d      	OR   R0,R13
000074 f409      	BRNE _0x7
                 _0x6:
000075 c00c      	RJMP _0x5
                 _0x7:
                 ; 0000 003B    {
                 ; 0000 003C     y=0;
000076 2488      	CLR  R8
                 ; 0000 003D     PORTB=0x00;//step[r_step];
000077 e0e0      	LDI  R30,LOW(0)
000078 bbe8      	OUT  0x18,R30
                 ; 0000 003E     r_step++;
000079 9463      	INC  R6
                 ; 0000 003F     if(r_step>3)r_step=0;
00007a e0e3      	LDI  R30,LOW(3)
00007b 15e6      	CP   R30,R6
00007c f408      	BRSH _0x8
00007d 2466      	CLR  R6
                 ; 0000 0040     delay_ms(5);
                 _0x8:
00007e 940e 0302 	CALL SUBOPT_0x1
                 ; 0000 0041     PORTB=0xAA;
000080 eaea      	LDI  R30,LOW(170)
000081 bbe8      	OUT  0x18,R30
                 ; 0000 0042    }
                 ; 0000 0043 
                 ; 0000 0044    //left motor
                 ; 0000 0045    x++;
                 _0x5:
000082 9493      	INC  R9
                 ; 0000 0046    if(x>l_overflow && leftMotorOn)
000083 1459      	CP   R5,R9
000084 f430      	BRSH _0xA
000085 91e0 0168 	LDS  R30,_leftMotorOn
000087 91f0 0169 	LDS  R31,_leftMotorOn+1
000089 9730      	SBIW R30,0
00008a f409      	BRNE _0xB
                 _0xA:
00008b c00a      	RJMP _0x9
                 _0xB:
                 ; 0000 0047    {
                 ; 0000 0048     x=0;
00008c 2499      	CLR  R9
                 ; 0000 0049     //PORTD=step[l_step];
                 ; 0000 004A     PORTD=0x00;
00008d e0e0      	LDI  R30,LOW(0)
00008e bbe2      	OUT  0x12,R30
                 ; 0000 004B     l_step++;
00008f 9473      	INC  R7
                 ; 0000 004C     if(l_step > 3)l_step = 0;
000090 e0e3      	LDI  R30,LOW(3)
000091 15e7      	CP   R30,R7
000092 f408      	BRSH _0xC
000093 2477      	CLR  R7
                 ; 0000 004D     delay_ms(5);
                 _0xC:
000094 940e 0302 	CALL SUBOPT_0x1
                 ; 0000 004E     //PORTD=0xAA;
                 ; 0000 004F    }
                 ; 0000 0050 
                 ; 0000 0051    //acceleration code
                 ; 0000 0052 //  accCounter++;
                 ; 0000 0053 //   if(accCounter>ACC_FACTOR)
                 ; 0000 0054 //   {
                 ; 0000 0055 //     accCounter=0;
                 ; 0000 0056 //       if(MOTOR_DELAY>20)
                 ; 0000 0057 //       MOTOR_DELAY--;
                 ; 0000 0058 //   }
                 ; 0000 0059 
                 ; 0000 005A 
                 ; 0000 005B }
                 _0x9:
000096 c059      	RJMP _0x35
                 ;
                 ;
                 ;// Timer 2 overflow interrupt service routine
                 ;interrupt [TIM2_OVF] void timer2_ovf_isr(void)
                 ; 0000 0060 {
                 _timer2_ovf_isr:
000097 940e 02f4 	CALL SUBOPT_0x0
                 ; 0000 0061 
                 ; 0000 0062    // Place your code here
                 ; 0000 0063    //read sensor
                 ; 0000 0064    z++;
000099 94b3      	INC  R11
                 ; 0000 0065    if(z>ADC_DELAY)
00009a e2e8      	LDI  R30,LOW(40)
00009b 15eb      	CP   R30,R11
00009c f010      	BRLO PC+3
00009d 940c 00f0 	JMP _0xD
                 ; 0000 0066    {
                 ; 0000 0067    z=0;
00009f 24bb      	CLR  R11
                 ; 0000 0068    read();
0000a0 d074      	RCALL _read
                 ; 0000 0069    //error correction
                 ; 0000 006A    error0=error;
0000a1 91e0 0170 	LDS  R30,_error
0000a3 91f0 0171 	LDS  R31,_error+1
0000a5 93e0 0172 	STS  _error0,R30
0000a7 93f0 0173 	STS  _error0+1,R31
                 ; 0000 006B    if(left < 15 )
0000a9 940e 0308 	CALL SUBOPT_0x2
0000ab 971f      	SBIW R26,15
0000ac f438      	BRSH _0xE
                 ; 0000 006C         {
                 ; 0000 006D          error = ADC_CENTER-right;
0000ad 940e 030d 	CALL SUBOPT_0x3
0000af 940e 0315 	CALL SUBOPT_0x4
                 ; 0000 006E          ADC_CENTER=(ADC_CENTER+right)/2;
0000b1 940e 030d 	CALL SUBOPT_0x3
0000b3 c020      	RJMP _0x32
                 ; 0000 006F         }
                 ; 0000 0070    else if(right < 15)
                 _0xE:
0000b4 940e 031c 	CALL SUBOPT_0x5
0000b6 971f      	SBIW R26,15
0000b7 f460      	BRSH _0x10
                 ; 0000 0071         {
                 ; 0000 0072          error = left-ADC_CENTER;
0000b8 91e0 0174 	LDS  R30,_ADC_CENTER
0000ba 940e 0321 	CALL SUBOPT_0x6
0000bc 93a0 0170 	STS  _error,R26
0000be 93b0 0171 	STS  _error+1,R27
                 ; 0000 0073          ADC_CENTER=(left+ADC_CENTER)/2;
0000c0 91e0 0174 	LDS  R30,_ADC_CENTER
0000c2 e0f0      	LDI  R31,0
0000c3 c00c      	RJMP _0x33
                 ; 0000 0074         }
                 ; 0000 0075    else
                 _0x10:
                 ; 0000 0076         {
                 ; 0000 0077          error = left-right;
0000c4 940e 031c 	CALL SUBOPT_0x5
0000c6 91e0 016a 	LDS  R30,_left
0000c8 91f0 016b 	LDS  R31,_left+1
0000ca 940e 0315 	CALL SUBOPT_0x4
                 ; 0000 0078          ADC_CENTER=(left+right)/2;
0000cc 91e0 016c 	LDS  R30,_right
0000ce 91f0 016d 	LDS  R31,_right+1
                 _0x33:
0000d0 91a0 016a 	LDS  R26,_left
0000d2 91b0 016b 	LDS  R27,_left+1
                 _0x32:
0000d4 0fae      	ADD  R26,R30
0000d5 1fbf      	ADC  R27,R31
0000d6 01fd      	MOVW R30,R26
0000d7 95f6      	LSR  R31
0000d8 95e7      	ROR  R30
0000d9 93e0 0174 	STS  _ADC_CENTER,R30
                 ; 0000 0079         }
                 ; 0000 007A 
                 ; 0000 007B 
                 ; 0000 007C    if(error>0)r_overflow=MOTOR_DELAY+(error/4);//+(error-error0)/8;
0000db 940e 0326 	CALL SUBOPT_0x7
0000dd 940e 0390 	CALL __CPW02
0000df f434      	BRGE _0x12
0000e0 940e 032b 	CALL SUBOPT_0x8
0000e2 01db      	MOVW R26,R22
0000e3 0fea      	ADD  R30,R26
0000e4 2e4e      	MOV  R4,R30
                 ; 0000 007D    else if(error<0)l_overflow=MOTOR_DELAY-(error/4);//+(error-error0)/8;
0000e5 c00a      	RJMP _0x13
                 _0x12:
0000e6 91a0 0171 	LDS  R26,_error+1
0000e8 23aa      	TST  R26
0000e9 f432      	BRPL _0x14
0000ea 940e 032b 	CALL SUBOPT_0x8
0000ec 01df      	MOVW R26,R30
0000ed 01fb      	MOVW R30,R22
0000ee 1bea      	SUB  R30,R26
0000ef 2e5e      	MOV  R5,R30
                 ; 0000 007E //
                 ; 0000 007F //    if(error>0)r_overflow=MOTOR_DELAY+((error*r_overflow)/40);
                 ; 0000 0080 //   else if(error<0)l_overflow=MOTOR_DELAY-((error*l_overflow)/40);
                 ; 0000 0081         if(SHOW_DISPLAY)
                 _0x14:
                 _0x13:
                 ; 0000 0082         {
                 ; 0000 0083         show(right,0,0);
                 ; 0000 0084         show(left,10,0);
                 ; 0000 0085         show(center,5,0);
                 ; 0000 0086         }
                 ; 0000 0087    }
                 ; 0000 0088 }
                 _0xD:
                 _0x35:
0000f0 91e9      	LD   R30,Y+
0000f1 bfef      	OUT  SREG,R30
0000f2 91f9      	LD   R31,Y+
0000f3 91e9      	LD   R30,Y+
0000f4 91b9      	LD   R27,Y+
0000f5 91a9      	LD   R26,Y+
0000f6 9199      	LD   R25,Y+
0000f7 9189      	LD   R24,Y+
0000f8 9179      	LD   R23,Y+
0000f9 9169      	LD   R22,Y+
0000fa 90f9      	LD   R15,Y+
0000fb 9019      	LD   R1,Y+
0000fc 9009      	LD   R0,Y+
0000fd 9518      	RETI
                 ;
                 ;
                 ;
                 ;#define ADC_VREF_TYPE 0xE0
                 ;
                 ;// Read the 8 most significant bits
                 ;// of the AD conversion result
                 ;unsigned char read_adc(unsigned char adc_input)
                 ; 0000 0091 {
                 _read_adc:
                 ; 0000 0092 ADMUX=adc_input | (ADC_VREF_TYPE & 0xff);
                 ;	adc_input -> Y+0
0000fe 81e8      	LD   R30,Y
0000ff 6ee0      	ORI  R30,LOW(0xE0)
000100 b9e7      	OUT  0x7,R30
                 ; 0000 0093 // Delay needed for the stabilization of the ADC input voltage
                 ; 0000 0094 delay_us(10);
                +
000101 e385     +LDI R24 , LOW ( 53 )
                +__DELAY_USB_LOOP :
000102 958a     +DEC R24
000103 f7f1     +BRNE __DELAY_USB_LOOP
                 	__DELAY_USB 53
                 ; 0000 0095 // Start the AD conversion
                 ; 0000 0096 ADCSRA|=0x40;
000104 9a36      	SBI  0x6,6
                 ; 0000 0097 // Wait for the AD conversion to complete
                 ; 0000 0098 while ((ADCSRA & 0x10)==0);
                 _0x16:
000105 9b34      	SBIS 0x6,4
000106 cffe      	RJMP _0x16
                 ; 0000 0099 ADCSRA|=0x10;
000107 9a34      	SBI  0x6,4
                 ; 0000 009A return ADCH;
000108 b1e5      	IN   R30,0x5
000109 940c 02f2 	JMP  _0x2020001
                 ; 0000 009B }
                 ;
                 ; void initialize(void)
                 ; 0000 009E {
                 _initialize:
                 ; 0000 009F  x=0;
00010b 2499      	CLR  R9
                 ; 0000 00A0  y=0;
00010c 2488      	CLR  R8
                 ; 0000 00A1  z=0;
00010d 24bb      	CLR  R11
                 ; 0000 00A2  l_step=0;
00010e 2477      	CLR  R7
                 ; 0000 00A3  r_step=0;
00010f 2466      	CLR  R6
                 ; 0000 00A4  l_overflow=MOTOR_DELAY;
000110 2c5a      	MOV  R5,R10
                 ; 0000 00A5  r_overflow=MOTOR_DELAY;
000111 2c4a      	MOV  R4,R10
                 ; 0000 00A6  rightMotorOn=1;
000112 940e 0333 	CALL SUBOPT_0x9
                 ; 0000 00A7  leftMotorOn=1;
                 ; 0000 00A8 }
000114 9508      	RET
                 ;//void read(void)
                 ;//{
                 ;// unsigned char i;
                 ;// left=0;
                 ;// center=0;
                 ;// right=0;
                 ;// for(i=0;i<2;i++)
                 ;// {
                 ;// PORTA=PINA|(1<<0);
                 ;// left+=read_adc(3);
                 ;// PORTA=PINA&(~(1<<0));
                 ;// delay_us(7);
                 ;// }
                 ;//for(i=0;i<2;i++)
                 ;// {
                 ;// PORTA=PINA|(1<<1);
                 ;// right+=read_adc(4);
                 ;// PORTA=PINA&(~(1<<1));
                 ;// delay_us(7);
                 ;// }
                 ;//for(i=0;i<2;i++)
                 ;// {
                 ;// PORTA=PINA|(1<<2);
                 ;// center+=read_adc(5);
                 ;// PORTA=PINA&(~(1<<2));
                 ;// delay_us(7);
                 ;// }
                 ;//left/=2;
                 ;//right/=2;
                 ;//center/=2;
                 ;//}
                 ;
                 ;void read(void)
                 ; 0000 00CA {
                 _read:
                 ; 0000 00CB  unsigned char i,lo,co,ro;
                 ; 0000 00CC  left=0;
000115 940e 0394 	CALL __SAVELOCR4
                 ;	i -> R17
                 ;	lo -> R16
                 ;	co -> R19
                 ;	ro -> R18
000117 e0e0      	LDI  R30,LOW(0)
000118 93e0 016a 	STS  _left,R30
00011a 93e0 016b 	STS  _left+1,R30
                 ; 0000 00CD  center=0;
00011c 93e0 016e 	STS  _center,R30
00011e 93e0 016f 	STS  _center+1,R30
                 ; 0000 00CE  right=0;
000120 93e0 016c 	STS  _right,R30
000122 93e0 016d 	STS  _right+1,R30
                 ; 0000 00CF 
                 ; 0000 00D0  lo=0;
000124 e000      	LDI  R16,LOW(0)
                 ; 0000 00D1  co=0;
000125 e030      	LDI  R19,LOW(0)
                 ; 0000 00D2  ro=0;
000126 e020      	LDI  R18,LOW(0)
                 ; 0000 00D3  if(SENSOR_TYPE==0)
                 ; 0000 00D4  {
                 ; 0000 00D5         lo=read_adc(3);
000127 e0e3      	LDI  R30,LOW(3)
000128 93ea      	ST   -Y,R30
000129 dfd4      	RCALL _read_adc
00012a 2f0e      	MOV  R16,R30
                 ; 0000 00D6         PORTA=PINA|(1<<0);
00012b b3e9      	IN   R30,0x19
00012c 60e1      	ORI  R30,1
00012d bbeb      	OUT  0x1B,R30
                 ; 0000 00D7         left=read_adc(3);
00012e e0e3      	LDI  R30,LOW(3)
00012f 940e 033b 	CALL SUBOPT_0xA
000131 93e0 016a 	STS  _left,R30
000133 93f0 016b 	STS  _left+1,R31
                 ; 0000 00D8         PORTA=PINA&(~(1<<0));
000135 b3e9      	IN   R30,0x19
000136 7fee      	ANDI R30,0xFE
000137 bbeb      	OUT  0x1B,R30
                 ; 0000 00D9         left=left-lo;
000138 2fe0      	MOV  R30,R16
000139 940e 0321 	CALL SUBOPT_0x6
00013b 93a0 016a 	STS  _left,R26
00013d 93b0 016b 	STS  _left+1,R27
                 ; 0000 00DA         delay_us(7);
                +
00013f e285     +LDI R24 , LOW ( 37 )
                +__DELAY_USB_LOOP :
000140 958a     +DEC R24
000141 f7f1     +BRNE __DELAY_USB_LOOP
                 	__DELAY_USB 37
                 ; 0000 00DB 
                 ; 0000 00DC         ro=read_adc(4);
000142 e0e4      	LDI  R30,LOW(4)
000143 93ea      	ST   -Y,R30
000144 dfb9      	RCALL _read_adc
000145 2f2e      	MOV  R18,R30
                 ; 0000 00DD         PORTA=PINA|(1<<1);
000146 b3e9      	IN   R30,0x19
000147 60e2      	ORI  R30,2
000148 bbeb      	OUT  0x1B,R30
                 ; 0000 00DE         right=read_adc(4);
000149 e0e4      	LDI  R30,LOW(4)
00014a 940e 033b 	CALL SUBOPT_0xA
00014c 93e0 016c 	STS  _right,R30
00014e 93f0 016d 	STS  _right+1,R31
                 ; 0000 00DF         PORTA=PINA&(~(1<<1));
000150 b3e9      	IN   R30,0x19
000151 7fed      	ANDI R30,0xFD
000152 bbeb      	OUT  0x1B,R30
                 ; 0000 00E0         right=right-ro;
000153 2fe2      	MOV  R30,R18
000154 e0f0      	LDI  R31,0
000155 940e 031c 	CALL SUBOPT_0x5
000157 1bae      	SUB  R26,R30
000158 0bbf      	SBC  R27,R31
000159 93a0 016c 	STS  _right,R26
00015b 93b0 016d 	STS  _right+1,R27
                 ; 0000 00E1         delay_us(7);
                +
00015d e285     +LDI R24 , LOW ( 37 )
                +__DELAY_USB_LOOP :
00015e 958a     +DEC R24
00015f f7f1     +BRNE __DELAY_USB_LOOP
                 	__DELAY_USB 37
                 ; 0000 00E2 
                 ; 0000 00E3         co=read_adc(5);
000160 e0e5      	LDI  R30,LOW(5)
000161 93ea      	ST   -Y,R30
000162 df9b      	RCALL _read_adc
000163 2f3e      	MOV  R19,R30
                 ; 0000 00E4         PORTA=PINA|(1<<2);
000164 b3e9      	IN   R30,0x19
000165 60e4      	ORI  R30,4
000166 bbeb      	OUT  0x1B,R30
                 ; 0000 00E5         center=read_adc(5);
000167 e0e5      	LDI  R30,LOW(5)
000168 940e 033b 	CALL SUBOPT_0xA
00016a 93e0 016e 	STS  _center,R30
00016c 93f0 016f 	STS  _center+1,R31
                 ; 0000 00E6         PORTA=PINA&(~(1<<2));
00016e b3e9      	IN   R30,0x19
00016f 7feb      	ANDI R30,0xFB
000170 bbeb      	OUT  0x1B,R30
                 ; 0000 00E7         center=center-co;
000171 2fe3      	MOV  R30,R19
000172 e0f0      	LDI  R31,0
000173 91a0 016e 	LDS  R26,_center
000175 91b0 016f 	LDS  R27,_center+1
000177 1bae      	SUB  R26,R30
000178 0bbf      	SBC  R27,R31
000179 93a0 016e 	STS  _center,R26
00017b 93b0 016f 	STS  _center+1,R27
                 ; 0000 00E8         delay_us(7);
                +
00017d e285     +LDI R24 , LOW ( 37 )
                +__DELAY_USB_LOOP :
00017e 958a     +DEC R24
00017f f7f1     +BRNE __DELAY_USB_LOOP
                 	__DELAY_USB 37
                 ; 0000 00E9  }
                 ; 0000 00EA   if(SENSOR_TYPE==1)
                 ; 0000 00EB   {
                 ; 0000 00EC         left=read_adc(3);
                 ; 0000 00ED         center=read_adc(4);
                 ; 0000 00EE         right=read_adc(5);
                 ; 0000 00EF   }
                 ; 0000 00F0   if(SENSOR_TYPE==2)
                 ; 0000 00F1   {
                 ; 0000 00F2       co=read_adc(2);//front right
                 ; 0000 00F3       right=read_adc(3);//right
                 ; 0000 00F4       left=read_adc(4);//left
                 ; 0000 00F5       center=(read_adc(5)+co)/2;//front left
                 ; 0000 00F6   }
                 ; 0000 00F7 }
000180 940e 0399 	CALL __LOADLOCR4
000182 9624      	ADIW R28,4
000183 9508      	RET
                 ;
                 ;void show(unsigned int val,unsigned char xx, unsigned char yy)
                 ; 0000 00FA {
                 _show:
                 ; 0000 00FB  unsigned char a,b,c;
                 ; 0000 00FC  lcd_gotoxy(xx,yy);
000184 940e 0394 	CALL __SAVELOCR4
                 ;	val -> Y+6
                 ;	xx -> Y+5
                 ;	yy -> Y+4
                 ;	a -> R17
                 ;	b -> R16
                 ;	c -> R19
000186 81ed      	LDD  R30,Y+5
000187 93ea      	ST   -Y,R30
000188 81ed      	LDD  R30,Y+5
000189 93ea      	ST   -Y,R30
00018a 940e 025b 	CALL _lcd_gotoxy
                 ; 0000 00FD  a=(val%10)+48;
00018c 940e 0340 	CALL SUBOPT_0xB
00018e 940e 037f 	CALL __MODW21U
000190 96f0      	ADIW R30,48
000191 2f1e      	MOV  R17,R30
                 ; 0000 00FE  val/=10;
000192 940e 0340 	CALL SUBOPT_0xB
000194 940e 0345 	CALL SUBOPT_0xC
                 ; 0000 00FF  b=(val%10)+48;
000196 940e 037f 	CALL __MODW21U
000198 96f0      	ADIW R30,48
000199 2f0e      	MOV  R16,R30
                 ; 0000 0100  val/=10;
00019a 940e 0340 	CALL SUBOPT_0xB
00019c 940e 0345 	CALL SUBOPT_0xC
                 ; 0000 0101  c=(val%10)+48;
00019e 940e 037f 	CALL __MODW21U
0001a0 96f0      	ADIW R30,48
0001a1 2f3e      	MOV  R19,R30
                 ; 0000 0102 // val/=10;
                 ; 0000 0103 // d=(val%10)+48;
                 ; 0000 0104 // lcd_putchar(d);
                 ; 0000 0105  lcd_putchar(c);
0001a2 933a      	ST   -Y,R19
0001a3 940e 028b 	CALL _lcd_putchar
                 ; 0000 0106  lcd_putchar(b);
0001a5 930a      	ST   -Y,R16
0001a6 940e 028b 	CALL _lcd_putchar
                 ; 0000 0107  lcd_putchar(a);
0001a8 931a      	ST   -Y,R17
0001a9 940e 028b 	CALL _lcd_putchar
                 ; 0000 0108 
                 ; 0000 0109 }
0001ab 940e 0399 	CALL __LOADLOCR4
0001ad 9628      	ADIW R28,8
0001ae 9508      	RET
                 ;
                 ;void turnBack(void)
                 ; 0000 010C {
                 ; 0000 010D     unsigned char i;
                 ; 0000 010E     rightMotorOn=0;
                 ;	i -> R17
                 ; 0000 010F           leftMotorOn=0;
                 ; 0000 0110 
                 ; 0000 0111     for(i=0;i<150;i++)
                 ; 0000 0112     {
                 ; 0000 0113 
                 ; 0000 0114     PORTB=step[r_step];
                 ; 0000 0115     r_step++;
                 ; 0000 0116     if(r_step>3)r_step=0;
                 ; 0000 0117 
                 ; 0000 0118     PORTD=step_rev[l_step];
                 ; 0000 0119     l_step++;
                 ; 0000 011A     if(l_step > 3)l_step = 0;
                 ; 0000 011B 
                 ; 0000 011C         delay_ms(4);
                 ; 0000 011D     }
                 ; 0000 011E     rightMotorOn=1;
                 ; 0000 011F     leftMotorOn=1;
                 ; 0000 0120 }
                 ;void turnRight(void)
                 ; 0000 0122 {
                 _turnRight:
                 ; 0000 0123         unsigned char i;
                 ; 0000 0124 
                 ; 0000 0125     rightMotorOn=0;
0001af 931a      	ST   -Y,R17
                 ;	i -> R17
0001b0 24cc      	CLR  R12
0001b1 24dd      	CLR  R13
                 ; 0000 0126           leftMotorOn=0;
0001b2 e0e0      	LDI  R30,LOW(0)
0001b3 93e0 0168 	STS  _leftMotorOn,R30
0001b5 93e0 0169 	STS  _leftMotorOn+1,R30
                 ; 0000 0127 
                 ; 0000 0128     for(i=0;i<75;i++)
0001b7 e010      	LDI  R17,LOW(0)
                 _0x22:
0001b8 341b      	CPI  R17,75
0001b9 f4f0      	BRSH _0x23
                 ; 0000 0129     {
                 ; 0000 012A 
                 ; 0000 012B     PORTB=step_rev[r_step];
0001ba 2de6      	MOV  R30,R6
0001bb e0f0      	LDI  R31,0
0001bc 59ec      	SUBI R30,LOW(-_step_rev)
0001bd 4ffe      	SBCI R31,HIGH(-_step_rev)
0001be 81e0      	LD   R30,Z
0001bf bbe8      	OUT  0x18,R30
                 ; 0000 012C     r_step++;
0001c0 9463      	INC  R6
                 ; 0000 012D     if(r_step>3)r_step=0;
0001c1 e0e3      	LDI  R30,LOW(3)
0001c2 15e6      	CP   R30,R6
0001c3 f408      	BRSH _0x24
0001c4 2466      	CLR  R6
                 ; 0000 012E 
                 ; 0000 012F     PORTD=step[l_step];
                 _0x24:
0001c5 2de7      	MOV  R30,R7
0001c6 e0f0      	LDI  R31,0
0001c7 5ae0      	SUBI R30,LOW(-_step)
0001c8 4ffe      	SBCI R31,HIGH(-_step)
0001c9 81e0      	LD   R30,Z
0001ca bbe2      	OUT  0x12,R30
                 ; 0000 0130     l_step++;
0001cb 9473      	INC  R7
                 ; 0000 0131     if(l_step > 3)l_step = 0;
0001cc e0e3      	LDI  R30,LOW(3)
0001cd 15e7      	CP   R30,R7
0001ce f408      	BRSH _0x25
0001cf 2477      	CLR  R7
                 ; 0000 0132 
                 ; 0000 0133         delay_ms(2);
                 _0x25:
0001d0 e0e2      	LDI  R30,LOW(2)
0001d1 e0f0      	LDI  R31,HIGH(2)
0001d2 93fa      	ST   -Y,R31
0001d3 93ea      	ST   -Y,R30
0001d4 940e 0357 	CALL _delay_ms
                 ; 0000 0134     }
0001d6 5f1f      	SUBI R17,-1
0001d7 cfe0      	RJMP _0x22
                 _0x23:
                 ; 0000 0135     rightMotorOn=1;
0001d8 940e 0333 	CALL SUBOPT_0x9
                 ; 0000 0136     leftMotorOn=1;
                 ; 0000 0137 }
0001da 9119      	LD   R17,Y+
0001db 9508      	RET
                 ;
                 ;void turnLeft(void)
                 ; 0000 013A {
                 ; 0000 013B     unsigned char i;
                 ; 0000 013C     rightMotorOn=0;
                 ;	i -> R17
                 ; 0000 013D           leftMotorOn=0;
                 ; 0000 013E 
                 ; 0000 013F 
                 ; 0000 0140     for(i=0;i<75;i++)
                 ; 0000 0141     {
                 ; 0000 0142 
                 ; 0000 0143     PORTB=step[r_step];
                 ; 0000 0144     r_step++;
                 ; 0000 0145     if(r_step>3)r_step=0;
                 ; 0000 0146 
                 ; 0000 0147     PORTD=step_rev[l_step];
                 ; 0000 0148     l_step++;
                 ; 0000 0149     if(l_step > 3)l_step = 0;
                 ; 0000 014A 
                 ; 0000 014B         delay_ms(4);
                 ; 0000 014C     }
                 ; 0000 014D 
                 ; 0000 014E     rightMotorOn=1;
                 ; 0000 014F     leftMotorOn=1;
                 ; 0000 0150 
                 ; 0000 0151 }
                 ;
                 ;// Declare your global variables here
                 ;
                 ;void main(void)
                 ; 0000 0156 {
                 _main:
                 ; 0000 0157 // Declare your local variables here
                 ; 0000 0158 
                 ; 0000 0159 // Input/Output Ports initialization
                 ; 0000 015A // Port A initialization
                 ; 0000 015B // Func7=In Func6=In Func5=In Func4=In Func3=In Func2=Out Func1=Out Func0=Out
                 ; 0000 015C // State7=T State6=T State5=T State4=T State3=T State2=0 State1=0 State0=0
                 ; 0000 015D PORTA=0x00;
0001dc e0e0      	LDI  R30,LOW(0)
0001dd bbeb      	OUT  0x1B,R30
                 ; 0000 015E if(SENSOR_TYPE==2)DDRA=0x00;
                 ; 0000 015F else DDRA=0x07;
0001de e0e7      	LDI  R30,LOW(7)
                 _0x34:
0001df bbea      	OUT  0x1A,R30
                 ; 0000 0160 
                 ; 0000 0161 // Port B initialization
                 ; 0000 0162 // Func7=In Func6=In Func5=In Func4=In Func3=Out Func2=Out Func1=Out Func0=Out
                 ; 0000 0163 // State7=T State6=T State5=T State4=T State3=0 State2=0 State1=0 State0=0
                 ; 0000 0164 PORTB=0x00;
0001e0 e0e0      	LDI  R30,LOW(0)
0001e1 bbe8      	OUT  0x18,R30
                 ; 0000 0165 DDRB=0x0F;
0001e2 e0ef      	LDI  R30,LOW(15)
0001e3 bbe7      	OUT  0x17,R30
                 ; 0000 0166 
                 ; 0000 0167 // Port C initialization
                 ; 0000 0168 // Func7=In Func6=In Func5=In Func4=In Func3=In Func2=In Func1=In Func0=In
                 ; 0000 0169 // State7=T State6=T State5=T State4=T State3=T State2=T State1=T State0=T
                 ; 0000 016A PORTC=0x00;
0001e4 e0e0      	LDI  R30,LOW(0)
0001e5 bbe5      	OUT  0x15,R30
                 ; 0000 016B DDRC=0x00;
0001e6 bbe4      	OUT  0x14,R30
                 ; 0000 016C 
                 ; 0000 016D // Port D initialization
                 ; 0000 016E // Func7=Out Func6=Out Func5=Out Func4=Out Func3=In Func2=In Func1=In Func0=In
                 ; 0000 016F // State7=0 State6=0 State5=0 State4=0 State3=T State2=T State1=T State0=T
                 ; 0000 0170 PORTD=0x00;
0001e7 bbe2      	OUT  0x12,R30
                 ; 0000 0171 DDRD=0xF0;
0001e8 efe0      	LDI  R30,LOW(240)
0001e9 bbe1      	OUT  0x11,R30
                 ; 0000 0172 initialize();
0001ea df20      	RCALL _initialize
                 ; 0000 0173 
                 ; 0000 0174 // Timer/Counter 0 initialization
                 ; 0000 0175 // Clock source: System Clock
                 ; 0000 0176 // Clock value: 2000.000 kHz
                 ; 0000 0177 // Mode: Normal top=FFh
                 ; 0000 0178 // OC0 output: Disconnected
                 ; 0000 0179 TCCR0=0x02;
0001eb e0e2      	LDI  R30,LOW(2)
0001ec bfe3      	OUT  0x33,R30
                 ; 0000 017A TCNT0=0x00;
0001ed e0e0      	LDI  R30,LOW(0)
0001ee bfe2      	OUT  0x32,R30
                 ; 0000 017B OCR0=0x00;
0001ef bfec      	OUT  0x3C,R30
                 ; 0000 017C 
                 ; 0000 017D // Timer/Counter 1 initialization
                 ; 0000 017E // Clock source: System Clock
                 ; 0000 017F // Clock value: Timer 1 Stopped
                 ; 0000 0180 // Mode: Normal top=FFFFh
                 ; 0000 0181 // OC1A output: Discon.
                 ; 0000 0182 // OC1B output: Discon.
                 ; 0000 0183 // Noise Canceler: Off
                 ; 0000 0184 // Input Capture on Falling Edge
                 ; 0000 0185 // Timer 1 Overflow Interrupt: Off
                 ; 0000 0186 // Input Capture Interrupt: Off
                 ; 0000 0187 // Compare A Match Interrupt: Off
                 ; 0000 0188 // Compare B Match Interrupt: Off
                 ; 0000 0189 TCCR1A=0x00;
0001f0 bdef      	OUT  0x2F,R30
                 ; 0000 018A TCCR1B=0x00;
0001f1 bdee      	OUT  0x2E,R30
                 ; 0000 018B TCNT1H=0x00;
0001f2 bded      	OUT  0x2D,R30
                 ; 0000 018C TCNT1L=0x00;
0001f3 bdec      	OUT  0x2C,R30
                 ; 0000 018D ICR1H=0x00;
0001f4 bde7      	OUT  0x27,R30
                 ; 0000 018E ICR1L=0x00;
0001f5 bde6      	OUT  0x26,R30
                 ; 0000 018F OCR1AH=0x00;
0001f6 bdeb      	OUT  0x2B,R30
                 ; 0000 0190 OCR1AL=0x00;
0001f7 bdea      	OUT  0x2A,R30
                 ; 0000 0191 OCR1BH=0x00;
0001f8 bde9      	OUT  0x29,R30
                 ; 0000 0192 OCR1BL=0x00;
0001f9 bde8      	OUT  0x28,R30
                 ; 0000 0193 
                 ; 0000 0194 // Timer/Counter 2 initialization
                 ; 0000 0195 // Clock source: System Clock
                 ; 0000 0196 // Clock value: 2000.000 kHz
                 ; 0000 0197 // Mode: Normal top=FFh
                 ; 0000 0198 // OC2 output: Disconnected
                 ; 0000 0199 ASSR=0x00;
0001fa bde2      	OUT  0x22,R30
                 ; 0000 019A TCCR2=0x02;
0001fb e0e2      	LDI  R30,LOW(2)
0001fc bde5      	OUT  0x25,R30
                 ; 0000 019B TCNT2=0x00;
0001fd e0e0      	LDI  R30,LOW(0)
0001fe bde4      	OUT  0x24,R30
                 ; 0000 019C OCR2=0x00;
0001ff bde3      	OUT  0x23,R30
                 ; 0000 019D 
                 ; 0000 019E // External Interrupt(s) initialization
                 ; 0000 019F // INT0: Off
                 ; 0000 01A0 // INT1: Off
                 ; 0000 01A1 // INT2: Off
                 ; 0000 01A2 MCUCR=0x00;
000200 bfe5      	OUT  0x35,R30
                 ; 0000 01A3 MCUCSR=0x00;
000201 bfe4      	OUT  0x34,R30
                 ; 0000 01A4 
                 ; 0000 01A5 // Timer(s)/Counter(s) Interrupt(s) initialization
                 ; 0000 01A6 TIMSK=0x41;
000202 e4e1      	LDI  R30,LOW(65)
000203 bfe9      	OUT  0x39,R30
                 ; 0000 01A7 
                 ; 0000 01A8 // Analog Comparator initialization
                 ; 0000 01A9 // Analog Comparator: Off
                 ; 0000 01AA // Analog Comparator Input Capture by Timer/Counter 1: Off
                 ; 0000 01AB ACSR=0x80;
000204 e8e0      	LDI  R30,LOW(128)
000205 b9e8      	OUT  0x8,R30
                 ; 0000 01AC SFIOR=0x00;
000206 e0e0      	LDI  R30,LOW(0)
000207 bfe0      	OUT  0x30,R30
                 ; 0000 01AD 
                 ; 0000 01AE // ADC initialization
                 ; 0000 01AF // ADC Clock frequency: 125.000 kHz
                 ; 0000 01B0 // ADC Voltage Reference: Int., cap. on AREF
                 ; 0000 01B1 // ADC Auto Trigger Source: None
                 ; 0000 01B2 // Only the 8 most significant bits of
                 ; 0000 01B3 // the AD conversion result are used
                 ; 0000 01B4 ADMUX=ADC_VREF_TYPE & 0xff;
000208 eee0      	LDI  R30,LOW(224)
000209 b9e7      	OUT  0x7,R30
                 ; 0000 01B5 ADCSRA=0x87;
00020a e8e7      	LDI  R30,LOW(135)
00020b b9e6      	OUT  0x6,R30
                 ; 0000 01B6 
                 ; 0000 01B7 // LCD module initialization
                 ; 0000 01B8 lcd_init(16);
00020c e1e0      	LDI  R30,LOW(16)
00020d 93ea      	ST   -Y,R30
00020e 940e 02c2 	CALL _lcd_init
                 ; 0000 01B9 
                 ; 0000 01BA // Global enable interrupts
                 ; 0000 01BB #asm("sei")
000210 9478      	sei
                 ; 0000 01BC   //PORTB=0xAA;
                 ; 0000 01BD   //PORTD=0x55;
                 ; 0000 01BE while (1)
                 _0x2D:
                 ; 0000 01BF       {
                 ; 0000 01C0        //Place your code here
                 ; 0000 01C1 //      if(center>90 && left <15)
                 ; 0000 01C2 //        turnLeft();
                 ; 0000 01C3 //       else
                 ; 0000 01C4 //      if(center>90 && right <15)
                 ; 0000 01C5 //        turnRight();
                 ; 0000 01C6 //        else
                 ; 0000 01C7       if(center>90)
000211 91a0 016e 	LDS  R26,_center
000213 91b0 016f 	LDS  R27,_center+1
000215 35ab      	CPI  R26,LOW(0x5B)
000216 e0e0      	LDI  R30,HIGH(0x5B)
000217 07be      	CPC  R27,R30
000218 f008      	BRLO _0x30
                 ; 0000 01C8         turnRight();
000219 df95      	RCALL _turnRight
                 ; 0000 01C9 
                 ; 0000 01CA 
                 ; 0000 01CB       };
                 _0x30:
00021a cff6      	RJMP _0x2D
                 ; 0000 01CC }
                 _0x31:
00021b cfff      	RJMP _0x31
                     .equ __lcd_direction=__lcd_port-1
                     .equ __lcd_pin=__lcd_port-2
                     .equ __lcd_rs=0
                     .equ __lcd_rd=1
                     .equ __lcd_enable=2
                     .equ __lcd_busy_flag=7
                 
                 	.DSEG
                 
                 	.CSEG
                 __lcd_delay_G100:
00021c e0ff          ldi   r31,15
                 __lcd_delay0:
00021d 95fa          dec   r31
00021e f7f1          brne  __lcd_delay0
00021f 9508      	RET
                 __lcd_ready:
000220 b3a4          in    r26,__lcd_direction
000221 70af          andi  r26,0xf                 ;set as input
000222 bba4          out   __lcd_direction,r26
000223 9aa9          sbi   __lcd_port,__lcd_rd     ;RD=1
000224 98a8          cbi   __lcd_port,__lcd_rs     ;RS=0
                 __lcd_busy:
000225 dff6      	RCALL __lcd_delay_G100
000226 9aaa          sbi   __lcd_port,__lcd_enable ;EN=1
000227 dff4      	RCALL __lcd_delay_G100
000228 b3a3          in    r26,__lcd_pin
000229 98aa          cbi   __lcd_port,__lcd_enable ;EN=0
00022a dff1      	RCALL __lcd_delay_G100
00022b 9aaa          sbi   __lcd_port,__lcd_enable ;EN=1
00022c dfef      	RCALL __lcd_delay_G100
00022d 98aa          cbi   __lcd_port,__lcd_enable ;EN=0
00022e fda7          sbrc  r26,__lcd_busy_flag
00022f cff5          rjmp  __lcd_busy
000230 9508      	RET
                 __lcd_write_nibble_G100:
000231 7fa0          andi  r26,0xf0
000232 2bab          or    r26,r27
000233 bba5          out   __lcd_port,r26          ;write
000234 9aaa          sbi   __lcd_port,__lcd_enable ;EN=1
000235 940e 021c 	CALL __lcd_delay_G100
000237 98aa          cbi   __lcd_port,__lcd_enable ;EN=0
000238 940e 021c 	CALL __lcd_delay_G100
00023a 9508      	RET
                 __lcd_write_data:
00023b 98a9          cbi  __lcd_port,__lcd_rd 	  ;RD=0
00023c b3a4          in    r26,__lcd_direction
00023d 6fa7          ori   r26,0xf0 | (1<<__lcd_rs) | (1<<__lcd_rd) | (1<<__lcd_enable) ;set as output
00023e bba4          out   __lcd_direction,r26
00023f b3b5          in    r27,__lcd_port
000240 70bf          andi  r27,0xf
000241 81a8          ld    r26,y
000242 dfee      	RCALL __lcd_write_nibble_G100
000243 81a8          ld    r26,y
000244 95a2          swap  r26
000245 dfeb      	RCALL __lcd_write_nibble_G100
000246 9aa9          sbi   __lcd_port,__lcd_rd     ;RD=1
000247 940c 02f2 	JMP  _0x2020001
                 __lcd_read_nibble_G100:
000249 9aaa          sbi   __lcd_port,__lcd_enable ;EN=1
00024a 940e 021c 	CALL __lcd_delay_G100
00024c b3e3          in    r30,__lcd_pin           ;read
00024d 98aa          cbi   __lcd_port,__lcd_enable ;EN=0
00024e 940e 021c 	CALL __lcd_delay_G100
000250 7fe0          andi  r30,0xf0
000251 9508      	RET
                 _lcd_read_byte0_G100:
000252 940e 021c 	CALL __lcd_delay_G100
000254 dff4      	RCALL __lcd_read_nibble_G100
000255 2fae          mov   r26,r30
000256 dff2      	RCALL __lcd_read_nibble_G100
000257 98a9          cbi   __lcd_port,__lcd_rd     ;RD=0
000258 95e2          swap  r30
000259 2bea          or    r30,r26
00025a 9508      	RET
                 _lcd_gotoxy:
00025b 940e 0220 	CALL __lcd_ready
00025d 940e 034a 	CALL SUBOPT_0xD
00025f 58eb      	SUBI R30,LOW(-__base_y_G100)
000260 4ffe      	SBCI R31,HIGH(-__base_y_G100)
000261 81e0      	LD   R30,Z
000262 e0f0      	LDI  R31,0
000263 01df      	MOVW R26,R30
000264 81e9      	LDD  R30,Y+1
000265 e0f0      	LDI  R31,0
000266 0fea      	ADD  R30,R26
000267 1ffb      	ADC  R31,R27
000268 93ea      	ST   -Y,R30
000269 940e 023b 	CALL __lcd_write_data
00026b 81e9      	LDD  R30,Y+1
00026c 93e0 0179 	STS  __lcd_x,R30
00026e 81e8      	LD   R30,Y
00026f 93e0 017a 	STS  __lcd_y,R30
000271 9622      	ADIW R28,2
000272 9508      	RET
                 _lcd_clear:
000273 940e 0220 	CALL __lcd_ready
000275 e0e2      	LDI  R30,LOW(2)
000276 93ea      	ST   -Y,R30
000277 940e 023b 	CALL __lcd_write_data
000279 940e 0220 	CALL __lcd_ready
00027b e0ec      	LDI  R30,LOW(12)
00027c 93ea      	ST   -Y,R30
00027d 940e 023b 	CALL __lcd_write_data
00027f 940e 0220 	CALL __lcd_ready
000281 e0e1      	LDI  R30,LOW(1)
000282 93ea      	ST   -Y,R30
000283 940e 023b 	CALL __lcd_write_data
000285 e0e0      	LDI  R30,LOW(0)
000286 93e0 017a 	STS  __lcd_y,R30
000288 93e0 0179 	STS  __lcd_x,R30
00028a 9508      	RET
                 _lcd_putchar:
00028b 93ef          push r30
00028c 93ff          push r31
00028d 81a8          ld   r26,y
00028e 9468          set
00028f 30aa          cpi  r26,10
000290 f061          breq __lcd_putchar1
000291 94e8          clt
000292 91e0 0179 	LDS  R30,__lcd_x
000294 5fef      	SUBI R30,-LOW(1)
000295 93e0 0179 	STS  __lcd_x,R30
000297 91e0 017b 	LDS  R30,__lcd_maxx
000299 91a0 0179 	LDS  R26,__lcd_x
00029b 17ea      	CP   R30,R26
00029c f460      	BRSH _0x2000004
                 	__lcd_putchar1:
00029d 91e0 017a 	LDS  R30,__lcd_y
00029f 5fef      	SUBI R30,-LOW(1)
0002a0 93e0 017a 	STS  __lcd_y,R30
0002a2 e0e0      	LDI  R30,LOW(0)
0002a3 93ea      	ST   -Y,R30
0002a4 91e0 017a 	LDS  R30,__lcd_y
0002a6 93ea      	ST   -Y,R30
0002a7 dfb3      	RCALL _lcd_gotoxy
0002a8 f02e      	brts __lcd_putchar0
                 _0x2000004:
0002a9 df76          rcall __lcd_ready
0002aa 9aa8          sbi  __lcd_port,__lcd_rs ;RS=1
0002ab 81a8          ld   r26,y
0002ac 93aa          st   -y,r26
0002ad df8d          rcall __lcd_write_data
                 __lcd_putchar0:
0002ae 91ff          pop  r31
0002af 91ef          pop  r30
0002b0 940c 02f2 	JMP  _0x2020001
                 __long_delay_G100:
0002b2 27aa          clr   r26
0002b3 27bb          clr   r27
                 __long_delay0:
0002b4 9711          sbiw  r26,1         ;2 cycles
0002b5 f7f1          brne  __long_delay0 ;2 cycles
0002b6 9508      	RET
                 __lcd_init_write_G100:
0002b7 98a9          cbi  __lcd_port,__lcd_rd 	  ;RD=0
0002b8 b3a4          in    r26,__lcd_direction
0002b9 6fa7          ori   r26,0xf7                ;set as output
0002ba bba4          out   __lcd_direction,r26
0002bb b3b5          in    r27,__lcd_port
0002bc 70bf          andi  r27,0xf
0002bd 81a8          ld    r26,y
0002be 940e 0231 	CALL __lcd_write_nibble_G100
0002c0 9aa9          sbi   __lcd_port,__lcd_rd     ;RD=1
0002c1 c030      	RJMP _0x2020001
                 _lcd_init:
0002c2 98aa          cbi   __lcd_port,__lcd_enable ;EN=0
0002c3 98a8          cbi   __lcd_port,__lcd_rs     ;RS=0
0002c4 81e8      	LD   R30,Y
0002c5 93e0 017b 	STS  __lcd_maxx,R30
0002c7 d082      	RCALL SUBOPT_0xD
0002c8 58e0      	SUBI R30,LOW(-128)
0002c9 4fff      	SBCI R31,HIGH(-128)
                +
0002ca 93e0 0177+STS __base_y_G100 + 2 , R30
                 	__PUTB1MN __base_y_G100,2
0002cc d07d      	RCALL SUBOPT_0xD
0002cd 54e0      	SUBI R30,LOW(-192)
0002ce 4fff      	SBCI R31,HIGH(-192)
                +
0002cf 93e0 0178+STS __base_y_G100 + 3 , R30
                 	__PUTB1MN __base_y_G100,3
0002d1 d07b      	RCALL SUBOPT_0xE
0002d2 d07a      	RCALL SUBOPT_0xE
0002d3 d079      	RCALL SUBOPT_0xE
0002d4 dfdd      	RCALL __long_delay_G100
0002d5 e2e0      	LDI  R30,LOW(32)
0002d6 93ea      	ST   -Y,R30
0002d7 dfdf      	RCALL __lcd_init_write_G100
0002d8 dfd9      	RCALL __long_delay_G100
0002d9 e2e8      	LDI  R30,LOW(40)
0002da d077      	RCALL SUBOPT_0xF
0002db e0e4      	LDI  R30,LOW(4)
0002dc d075      	RCALL SUBOPT_0xF
0002dd e8e5      	LDI  R30,LOW(133)
0002de d073      	RCALL SUBOPT_0xF
0002df b3a4          in    r26,__lcd_direction
0002e0 70af          andi  r26,0xf                 ;set as input
0002e1 bba4          out   __lcd_direction,r26
0002e2 9aa9          sbi   __lcd_port,__lcd_rd     ;RD=1
0002e3 940e 0252 	CALL _lcd_read_byte0_G100
0002e5 30e5      	CPI  R30,LOW(0x5)
0002e6 f011      	BREQ _0x200000B
0002e7 e0e0      	LDI  R30,LOW(0)
0002e8 c009      	RJMP _0x2020001
                 _0x200000B:
0002e9 940e 0220 	CALL __lcd_ready
0002eb e0e6      	LDI  R30,LOW(6)
0002ec 93ea      	ST   -Y,R30
0002ed 940e 023b 	CALL __lcd_write_data
0002ef 940e 0273 	CALL _lcd_clear
0002f1 e0e1      	LDI  R30,LOW(1)
                 _0x2020001:
0002f2 9621      	ADIW R28,1
0002f3 9508      	RET
                 
                 	.DSEG
                 _step:
000160           	.BYTE 0x4
                 _step_rev:
000164           	.BYTE 0x4
                 _leftMotorOn:
000168           	.BYTE 0x2
                 _left:
00016a           	.BYTE 0x2
                 _right:
00016c           	.BYTE 0x2
                 _center:
00016e           	.BYTE 0x2
                 _error:
000170           	.BYTE 0x2
                 _error0:
000172           	.BYTE 0x2
                 _ADC_CENTER:
000174           	.BYTE 0x1
                 __base_y_G100:
000175           	.BYTE 0x4
                 __lcd_x:
000179           	.BYTE 0x1
                 __lcd_y:
00017a           	.BYTE 0x1
                 __lcd_maxx:
00017b           	.BYTE 0x1
                 
                 	.CSEG
                 ;OPTIMIZER ADDED SUBROUTINE, CALLED 2 TIMES, CODE SIZE REDUCTION:8 WORDS
                 SUBOPT_0x0:
0002f4 920a      	ST   -Y,R0
0002f5 921a      	ST   -Y,R1
0002f6 92fa      	ST   -Y,R15
0002f7 936a      	ST   -Y,R22
0002f8 937a      	ST   -Y,R23
0002f9 938a      	ST   -Y,R24
0002fa 939a      	ST   -Y,R25
0002fb 93aa      	ST   -Y,R26
0002fc 93ba      	ST   -Y,R27
0002fd 93ea      	ST   -Y,R30
0002fe 93fa      	ST   -Y,R31
0002ff b7ef      	IN   R30,SREG
000300 93ea      	ST   -Y,R30
000301 9508      	RET
                 
                 ;OPTIMIZER ADDED SUBROUTINE, CALLED 2 TIMES, CODE SIZE REDUCTION:1 WORDS
                 SUBOPT_0x1:
000302 e0e5      	LDI  R30,LOW(5)
000303 e0f0      	LDI  R31,HIGH(5)
000304 93fa      	ST   -Y,R31
000305 93ea      	ST   -Y,R30
000306 940c 0357 	JMP  _delay_ms
                 
                 ;OPTIMIZER ADDED SUBROUTINE, CALLED 3 TIMES, CODE SIZE REDUCTION:1 WORDS
                 SUBOPT_0x2:
000308 91a0 016a 	LDS  R26,_left
00030a 91b0 016b 	LDS  R27,_left+1
00030c 9508      	RET
                 
                 ;OPTIMIZER ADDED SUBROUTINE, CALLED 2 TIMES, CODE SIZE REDUCTION:4 WORDS
                 SUBOPT_0x3:
00030d 91e0 0174 	LDS  R30,_ADC_CENTER
00030f e0f0      	LDI  R31,0
000310 91a0 016c 	LDS  R26,_right
000312 91b0 016d 	LDS  R27,_right+1
000314 9508      	RET
                 
                 ;OPTIMIZER ADDED SUBROUTINE, CALLED 2 TIMES, CODE SIZE REDUCTION:1 WORDS
                 SUBOPT_0x4:
000315 1bea      	SUB  R30,R26
000316 0bfb      	SBC  R31,R27
000317 93e0 0170 	STS  _error,R30
000319 93f0 0171 	STS  _error+1,R31
00031b 9508      	RET
                 
                 ;OPTIMIZER ADDED SUBROUTINE, CALLED 3 TIMES, CODE SIZE REDUCTION:1 WORDS
                 SUBOPT_0x5:
00031c 91a0 016c 	LDS  R26,_right
00031e 91b0 016d 	LDS  R27,_right+1
000320 9508      	RET
                 
                 ;OPTIMIZER ADDED SUBROUTINE, CALLED 2 TIMES, CODE SIZE REDUCTION:2 WORDS
                 SUBOPT_0x6:
000321 e0f0      	LDI  R31,0
000322 dfe5      	RCALL SUBOPT_0x2
000323 1bae      	SUB  R26,R30
000324 0bbf      	SBC  R27,R31
000325 9508      	RET
                 
                 ;OPTIMIZER ADDED SUBROUTINE, CALLED 3 TIMES, CODE SIZE REDUCTION:1 WORDS
                 SUBOPT_0x7:
000326 91a0 0170 	LDS  R26,_error
000328 91b0 0171 	LDS  R27,_error+1
00032a 9508      	RET
                 
                 ;OPTIMIZER ADDED SUBROUTINE, CALLED 2 TIMES, CODE SIZE REDUCTION:3 WORDS
                 SUBOPT_0x8:
00032b 2d6a      	MOV  R22,R10
00032c 2777      	CLR  R23
00032d dff8      	RCALL SUBOPT_0x7
00032e e0e4      	LDI  R30,LOW(4)
00032f e0f0      	LDI  R31,HIGH(4)
000330 940e 037a 	CALL __DIVW21
000332 9508      	RET
                 
                 ;OPTIMIZER ADDED SUBROUTINE, CALLED 2 TIMES, CODE SIZE REDUCTION:4 WORDS
                 SUBOPT_0x9:
000333 e0e1      	LDI  R30,LOW(1)
000334 e0f0      	LDI  R31,HIGH(1)
000335 016f      	MOVW R12,R30
000336 93e0 0168 	STS  _leftMotorOn,R30
000338 93f0 0169 	STS  _leftMotorOn+1,R31
00033a 9508      	RET
                 
                 ;OPTIMIZER ADDED SUBROUTINE, CALLED 3 TIMES, CODE SIZE REDUCTION:5 WORDS
                 SUBOPT_0xA:
00033b 93ea      	ST   -Y,R30
00033c 940e 00fe 	CALL _read_adc
00033e e0f0      	LDI  R31,0
00033f 9508      	RET
                 
                 ;OPTIMIZER ADDED SUBROUTINE, CALLED 5 TIMES, CODE SIZE REDUCTION:5 WORDS
                 SUBOPT_0xB:
000340 81ae      	LDD  R26,Y+6
000341 81bf      	LDD  R27,Y+6+1
000342 e0ea      	LDI  R30,LOW(10)
000343 e0f0      	LDI  R31,HIGH(10)
000344 9508      	RET
                 
                 ;OPTIMIZER ADDED SUBROUTINE, CALLED 2 TIMES, CODE SIZE REDUCTION:1 WORDS
                 SUBOPT_0xC:
000345 940e 0367 	CALL __DIVW21U
000347 83ee      	STD  Y+6,R30
000348 83ff      	STD  Y+6+1,R31
000349 cff6      	RJMP SUBOPT_0xB
                 
                 ;OPTIMIZER ADDED SUBROUTINE, CALLED 3 TIMES, CODE SIZE REDUCTION:1 WORDS
                 SUBOPT_0xD:
00034a 81e8      	LD   R30,Y
00034b e0f0      	LDI  R31,0
00034c 9508      	RET
                 
                 ;OPTIMIZER ADDED SUBROUTINE, CALLED 3 TIMES, CODE SIZE REDUCTION:5 WORDS
                 SUBOPT_0xE:
00034d 940e 02b2 	CALL __long_delay_G100
00034f e3e0      	LDI  R30,LOW(48)
000350 93ea      	ST   -Y,R30
000351 cf65      	RJMP __lcd_init_write_G100
                 
                 ;OPTIMIZER ADDED SUBROUTINE, CALLED 3 TIMES, CODE SIZE REDUCTION:3 WORDS
                 SUBOPT_0xF:
000352 93ea      	ST   -Y,R30
000353 940e 023b 	CALL __lcd_write_data
000355 940c 02b2 	JMP  __long_delay_G100
                 
                 
                 	.CSEG
                 _delay_ms:
000357 91e9      	ld   r30,y+
000358 91f9      	ld   r31,y+
000359 9630      	adiw r30,0
00035a f039      	breq __delay_ms1
                 __delay_ms0:
                +
00035b ea80     +LDI R24 , LOW ( 0xFA0 )
00035c e09f     +LDI R25 , HIGH ( 0xFA0 )
                +__DELAY_USW_LOOP :
00035d 9701     +SBIW R24 , 1
00035e f7f1     +BRNE __DELAY_USW_LOOP
                 	__DELAY_USW 0xFA0
00035f 95a8      	wdr
000360 9731      	sbiw r30,1
000361 f7c9      	brne __delay_ms0
                 __delay_ms1:
000362 9508      	ret
                 
                 __ANEGW1:
000363 95f1      	NEG  R31
000364 95e1      	NEG  R30
000365 40f0      	SBCI R31,0
000366 9508      	RET
                 
                 __DIVW21U:
000367 2400      	CLR  R0
000368 2411      	CLR  R1
000369 e190      	LDI  R25,16
                 __DIVW21U1:
00036a 0faa      	LSL  R26
00036b 1fbb      	ROL  R27
00036c 1c00      	ROL  R0
00036d 1c11      	ROL  R1
00036e 1a0e      	SUB  R0,R30
00036f 0a1f      	SBC  R1,R31
000370 f418      	BRCC __DIVW21U2
000371 0e0e      	ADD  R0,R30
000372 1e1f      	ADC  R1,R31
000373 c001      	RJMP __DIVW21U3
                 __DIVW21U2:
000374 60a1      	SBR  R26,1
                 __DIVW21U3:
000375 959a      	DEC  R25
000376 f799      	BRNE __DIVW21U1
000377 01fd      	MOVW R30,R26
000378 01d0      	MOVW R26,R0
000379 9508      	RET
                 
                 __DIVW21:
00037a d007      	RCALL __CHKSIGNW
00037b dfeb      	RCALL __DIVW21U
00037c f40e      	BRTC __DIVW211
00037d dfe5      	RCALL __ANEGW1
                 __DIVW211:
00037e 9508      	RET
                 
                 __MODW21U:
00037f dfe7      	RCALL __DIVW21U
000380 01fd      	MOVW R30,R26
000381 9508      	RET
                 
                 __CHKSIGNW:
000382 94e8      	CLT
000383 fff7      	SBRS R31,7
000384 c002      	RJMP __CHKSW1
000385 dfdd      	RCALL __ANEGW1
000386 9468      	SET
                 __CHKSW1:
000387 ffb7      	SBRS R27,7
000388 c006      	RJMP __CHKSW2
000389 95a0      	COM  R26
00038a 95b0      	COM  R27
00038b 9611      	ADIW R26,1
00038c f800      	BLD  R0,0
00038d 9403      	INC  R0
00038e fa00      	BST  R0,0
                 __CHKSW2:
00038f 9508      	RET
                 
                 __CPW02:
000390 2400      	CLR  R0
000391 160a      	CP   R0,R26
000392 060b      	CPC  R0,R27
000393 9508      	RET
                 
                 __SAVELOCR4:
000394 933a      	ST   -Y,R19
                 __SAVELOCR3:
000395 932a      	ST   -Y,R18
                 __SAVELOCR2:
000396 931a      	ST   -Y,R17
000397 930a      	ST   -Y,R16
000398 9508      	RET
                 
                 __LOADLOCR4:
000399 813b      	LDD  R19,Y+3
                 __LOADLOCR3:
00039a 812a      	LDD  R18,Y+2
                 __LOADLOCR2:
00039b 8119      	LDD  R17,Y+1
00039c 8108      	LD   R16,Y
00039d 9508      	RET
                 
                 ;END OF CODE MARKER
                 __END_OF_CODE:


RESOURCE USE INFORMATION
------------------------

Notice:
The register and instruction counts are symbol table hit counts,
and hence implicitly used resources are not counted, eg, the
'lpm' instruction without operands implicitly uses r0 and z,
none of which are counted.

x,y,z are separate entities in the symbol table and are
counted separately from r26..r31 here.

.dseg memory usage only counts static data declared with .byte

ATmega16 register use summary:
r0 :  19 r1 :   7 r2 :   0 r3 :   0 r4 :   3 r5 :   3 r6 :   8 r7 :   8 
r8 :   4 r9 :   4 r10:   3 r11:   4 r12:   3 r13:   2 r14:   0 r15:   2 
r16:   7 r17:   9 r18:   5 r19:   7 r20:   0 r21:   0 r22:   7 r23:   3 
r24:  19 r25:   7 r26:  73 r27:  33 r28:   5 r29:   1 r30: 257 r31:  58 
x  :   3 y  :  78 z  :  10 
Registers used: 30 out of 35 (85.7%)

ATmega16 instruction use summary:
adc   :   3 add   :   4 adiw  :   9 and   :   0 andi  :   9 asr   :   0 
bclr  :   0 bld   :   1 brbc  :   0 brbs  :   0 brcc  :   1 brcs  :   0 
break :   0 breq  :   4 brge  :   1 brhc  :   0 brhs  :   0 brid  :   0 
brie  :   0 brlo  :   2 brlt  :   0 brmi  :   0 brne  :  14 brpl  :   1 
brsh  :  10 brtc  :   1 brts  :   1 brvc  :   0 brvs  :   0 bset  :   0 
bst   :   1 call  :  65 cbi   :  10 cbr   :   0 clc   :   0 clh   :   0 
cli   :   1 cln   :   0 clr   :  22 cls   :   0 clt   :   2 clv   :   0 
clz   :   0 com   :   2 cp    :   9 cpc   :   2 cpi   :   4 cpse  :   0 
dec   :   7 des   :   0 eor   :   0 fmul  :   0 fmuls :   0 fmulsu:   0 
icall :   0 ijmp  :   0 in    :  16 inc   :   8 jmp   :  28 ld    :  28 
ldd   :   9 ldi   :  92 lds   :  31 lpm   :   7 lsl   :   1 lsr   :   1 
mov   :  18 movw  :  12 mul   :   0 muls  :   0 mulsu :   0 neg   :   2 
nop   :   0 or    :   3 ori   :   6 out   :  58 pop   :   2 push  :   2 
rcall :  35 ret   :  34 reti  :   1 rjmp  :  19 rol   :   3 ror   :   1 
sbc   :   5 sbci  :   6 sbi   :  11 sbic  :   0 sbis  :   1 sbiw  :   9 
sbr   :   1 sbrc  :   1 sbrs  :   2 sec   :   0 seh   :   0 sei   :   1 
sen   :   0 ser   :   0 ses   :   0 set   :   2 sev   :   0 sez   :   0 
sleep :   0 spm   :   0 st    :  45 std   :   2 sts   :  38 sub   :   6 
subi  :   8 swap  :   2 tst   :   1 wdr   :   1 
Instructions used: 67 out of 112 (59.8%)

ATmega16 memory use summary [bytes]:
Segment   Begin    End      Code   Data   Used    Size   Use%
---------------------------------------------------------------
[.cseg] 0x000000 0x00073c   1814     38   1852   16384  11.3%
[.dseg] 0x000060 0x00017c      0     28     28    1024   2.7%
[.eseg] 0x000000 0x000000      0      0      0     512   0.0%

Assembly complete, 0 errors, 10 warnings
